Classic Timing Analyzer report for Q1
Sun Apr 14 01:23:47 2024
Quartus II Version 9.1 Build 350 03/24/2010 Service Pack 2 SJ Web Edition


---------------------
; Table of Contents ;
---------------------
  1. Legal Notice
  2. Timing Analyzer Summary
  3. Timing Analyzer Settings
  4. Parallel Compilation
  5. tpd
  6. Timing Analyzer Messages



----------------
; Legal Notice ;
----------------
Copyright (C) 1991-2010 Altera Corporation
Your use of Altera Corporation's design tools, logic functions 
and other software and tools, and its AMPP partner logic 
functions, and any output files from any of the foregoing 
(including device programming or simulation files), and any 
associated documentation or information are expressly subject 
to the terms and conditions of the Altera Program License 
Subscription Agreement, Altera MegaCore Function License 
Agreement, or other applicable license agreement, including, 
without limitation, that your use is for the sole purpose of 
programming logic devices manufactured by Altera and sold by 
Altera or its authorized distributors.  Please refer to the 
applicable agreement for further details.



+------------------------------------------------------------------------------------------------------------------------------+
; Timing Analyzer Summary                                                                                                      ;
+------------------------------+-------+---------------+-------------+------+-----------+------------+----------+--------------+
; Type                         ; Slack ; Required Time ; Actual Time ; From ; To        ; From Clock ; To Clock ; Failed Paths ;
+------------------------------+-------+---------------+-------------+------+-----------+------------+----------+--------------+
; Worst-case tpd               ; N/A   ; None          ; 10.952 ns   ; cin  ; result[3] ; --         ; --       ; 0            ;
; Total number of failed paths ;       ;               ;             ;      ;           ;            ;          ; 0            ;
+------------------------------+-------+---------------+-------------+------+-----------+------------+----------+--------------+


+-----------------------------------------------------------------------------------------------------------------------------------------------------+
; Timing Analyzer Settings                                                                                                                            ;
+------------------------------------------------------------------------------------------------------+--------------------+------+----+-------------+
; Option                                                                                               ; Setting            ; From ; To ; Entity Name ;
+------------------------------------------------------------------------------------------------------+--------------------+------+----+-------------+
; Device Name                                                                                          ; EP2S15F484C3       ;      ;    ;             ;
; Timing Models                                                                                        ; Final              ;      ;    ;             ;
; Default hold multicycle                                                                              ; Same as Multicycle ;      ;    ;             ;
; Cut paths between unrelated clock domains                                                            ; On                 ;      ;    ;             ;
; Cut off read during write signal paths                                                               ; On                 ;      ;    ;             ;
; Cut off feedback from I/O pins                                                                       ; On                 ;      ;    ;             ;
; Report Combined Fast/Slow Timing                                                                     ; Off                ;      ;    ;             ;
; Ignore Clock Settings                                                                                ; Off                ;      ;    ;             ;
; Analyze latches as synchronous elements                                                              ; On                 ;      ;    ;             ;
; Enable Recovery/Removal analysis                                                                     ; Off                ;      ;    ;             ;
; Enable Clock Latency                                                                                 ; Off                ;      ;    ;             ;
; Use TimeQuest Timing Analyzer                                                                        ; Off                ;      ;    ;             ;
; Number of source nodes to report per destination node                                                ; 10                 ;      ;    ;             ;
; Number of destination nodes to report                                                                ; 10                 ;      ;    ;             ;
; Number of paths to report                                                                            ; 200                ;      ;    ;             ;
; Report Minimum Timing Checks                                                                         ; Off                ;      ;    ;             ;
; Use Fast Timing Models                                                                               ; Off                ;      ;    ;             ;
; Report IO Paths Separately                                                                           ; Off                ;      ;    ;             ;
; Perform Multicorner Analysis                                                                         ; On                 ;      ;    ;             ;
; Reports the worst-case path for each clock domain and analysis                                       ; Off                ;      ;    ;             ;
; Reports worst-case timing paths for each clock domain and analysis                                   ; Off                ;      ;    ;             ;
; Specifies the maximum number of worst-case timing paths to report for each clock domain and analysis ; 100                ;      ;    ;             ;
; Removes common clock path pessimism (CCPP) during slack computation                                  ; Off                ;      ;    ;             ;
; Output I/O Timing Endpoint                                                                           ; Near End           ;      ;    ;             ;
+------------------------------------------------------------------------------------------------------+--------------------+------+----+-------------+


Parallel compilation was disabled, but you have multiple processors available. Enable parallel compilation to reduce compilation time.
+-------------------------------------+
; Parallel Compilation                ;
+----------------------------+--------+
; Processors                 ; Number ;
+----------------------------+--------+
; Number detected on machine ; 2      ;
; Maximum allowed            ; 1      ;
+----------------------------+--------+


+----------------------------------------------------------------+
; tpd                                                            ;
+-------+-------------------+-----------------+------+-----------+
; Slack ; Required P2P Time ; Actual P2P Time ; From ; To        ;
+-------+-------------------+-----------------+------+-----------+
; N/A   ; None              ; 10.952 ns       ; cin  ; result[3] ;
; N/A   ; None              ; 10.856 ns       ; B[1] ; result[3] ;
; N/A   ; None              ; 10.604 ns       ; cin  ; cout      ;
; N/A   ; None              ; 10.508 ns       ; B[1] ; cout      ;
; N/A   ; None              ; 10.408 ns       ; cin  ; result[2] ;
; N/A   ; None              ; 10.312 ns       ; B[1] ; result[2] ;
; N/A   ; None              ; 10.286 ns       ; B[0] ; result[3] ;
; N/A   ; None              ; 10.269 ns       ; A[0] ; result[3] ;
; N/A   ; None              ; 10.190 ns       ; A[1] ; result[3] ;
; N/A   ; None              ; 10.089 ns       ; cin  ; result[1] ;
; N/A   ; None              ; 9.957 ns        ; B[1] ; result[1] ;
; N/A   ; None              ; 9.938 ns        ; B[0] ; cout      ;
; N/A   ; None              ; 9.921 ns        ; A[0] ; cout      ;
; N/A   ; None              ; 9.842 ns        ; A[1] ; cout      ;
; N/A   ; None              ; 9.816 ns        ; B[0] ; result[0] ;
; N/A   ; None              ; 9.776 ns        ; B[2] ; result[3] ;
; N/A   ; None              ; 9.742 ns        ; B[0] ; result[2] ;
; N/A   ; None              ; 9.725 ns        ; A[0] ; result[2] ;
; N/A   ; None              ; 9.658 ns        ; B[2] ; result[2] ;
; N/A   ; None              ; 9.646 ns        ; A[1] ; result[2] ;
; N/A   ; None              ; 9.624 ns        ; B[3] ; result[3] ;
; N/A   ; None              ; 9.616 ns        ; B[0] ; result[1] ;
; N/A   ; None              ; 9.611 ns        ; A[3] ; result[3] ;
; N/A   ; None              ; 9.604 ns        ; A[2] ; result[3] ;
; N/A   ; None              ; 9.426 ns        ; B[2] ; cout      ;
; N/A   ; None              ; 9.324 ns        ; A[1] ; result[1] ;
; N/A   ; None              ; 9.275 ns        ; B[3] ; cout      ;
; N/A   ; None              ; 9.260 ns        ; A[3] ; cout      ;
; N/A   ; None              ; 9.253 ns        ; A[2] ; cout      ;
; N/A   ; None              ; 9.245 ns        ; A[0] ; result[1] ;
; N/A   ; None              ; 9.229 ns        ; A[0] ; result[0] ;
; N/A   ; None              ; 9.176 ns        ; A[2] ; result[2] ;
+-------+-------------------+-----------------+------+-----------+


+--------------------------+
; Timing Analyzer Messages ;
+--------------------------+
Info: *******************************************************************
Info: Running Quartus II Classic Timing Analyzer
    Info: Version 9.1 Build 350 03/24/2010 Service Pack 2 SJ Web Edition
    Info: Processing started: Sun Apr 14 01:23:47 2024
Info: Command: quartus_tan --read_settings_files=off --write_settings_files=off Q1 -c Q1 --timing_analysis_only
Info: Longest tpd from source pin "cin" to destination pin "result[3]" is 10.952 ns
    Info: 1: + IC(0.000 ns) + CELL(0.857 ns) = 0.857 ns; Loc. = PIN_AA7; Fanout = 5; PIN Node = 'cin'
    Info: 2: + IC(4.619 ns) + CELL(0.346 ns) = 5.822 ns; Loc. = LCCOMB_X14_Y1_N20; Fanout = 3; COMB Node = 'FA:FA1|cout~0'
    Info: 3: + IC(0.249 ns) + CELL(0.272 ns) = 6.343 ns; Loc. = LCCOMB_X14_Y1_N24; Fanout = 1; COMB Node = 'FA:FA3|sum'
    Info: 4: + IC(2.627 ns) + CELL(1.982 ns) = 10.952 ns; Loc. = PIN_C17; Fanout = 0; PIN Node = 'result[3]'
    Info: Total cell delay = 3.457 ns ( 31.57 % )
    Info: Total interconnect delay = 7.495 ns ( 68.43 % )
Info: Quartus II Classic Timing Analyzer was successful. 0 errors, 0 warnings
    Info: Peak virtual memory: 98 megabytes
    Info: Processing ended: Sun Apr 14 01:23:47 2024
    Info: Elapsed time: 00:00:00
    Info: Total CPU time (on all processors): 00:00:00


