Analysis & Synthesis report for flappyBirds
Wed May 29 15:39:42 2024
Quartus II Version 9.1 Build 350 03/24/2010 Service Pack 2 SJ Web Edition


---------------------
; Table of Contents ;
---------------------
  1. Legal Notice
  2. Analysis & Synthesis Summary
  3. Analysis & Synthesis Settings
  4. Parallel Compilation
  5. Analysis & Synthesis Source Files Read
  6. Analysis & Synthesis Resource Usage Summary
  7. Analysis & Synthesis Resource Utilization by Entity
  8. Registers Removed During Synthesis
  9. Removed Registers Triggering Further Register Optimizations
 10. General Register Statistics
 11. Analysis & Synthesis Messages



----------------
; Legal Notice ;
----------------
Copyright (C) 1991-2010 Altera Corporation
Your use of Altera Corporation's design tools, logic functions 
and other software and tools, and its AMPP partner logic 
functions, and any output files from any of the foregoing 
(including device programming or simulation files), and any 
associated documentation or information are expressly subject 
to the terms and conditions of the Altera Program License 
Subscription Agreement, Altera MegaCore Function License 
Agreement, or other applicable license agreement, including, 
without limitation, that your use is for the sole purpose of 
programming logic devices manufactured by Altera and sold by 
Altera or its authorized distributors.  Please refer to the 
applicable agreement for further details.



+-----------------------------------------------------------------------------------+
; Analysis & Synthesis Summary                                                      ;
+------------------------------------+----------------------------------------------+
; Analysis & Synthesis Status        ; Successful - Wed May 29 15:39:42 2024        ;
; Quartus II Version                 ; 9.1 Build 350 03/24/2010 SP 2 SJ Web Edition ;
; Revision Name                      ; flappyBirds                                  ;
; Top-level Entity Name              ; LED_display                                  ;
; Family                             ; Cyclone IV E                                 ;
; Total logic elements               ; 31                                           ;
;     Total combinational functions  ; 14                                           ;
;     Dedicated logic registers      ; 21                                           ;
; Total registers                    ; 21                                           ;
; Total pins                         ; 23                                           ;
; Total virtual pins                 ; 0                                            ;
; Total memory bits                  ; 0                                            ;
; Embedded Multiplier 9-bit elements ; 0                                            ;
; Total PLLs                         ; 0                                            ;
+------------------------------------+----------------------------------------------+


+----------------------------------------------------------------------------------------------------------------------+
; Analysis & Synthesis Settings                                                                                        ;
+----------------------------------------------------------------------------+--------------------+--------------------+
; Option                                                                     ; Setting            ; Default Value      ;
+----------------------------------------------------------------------------+--------------------+--------------------+
; Device                                                                     ; EP4CE40F23C8       ;                    ;
; Top-level entity name                                                      ; LED_display        ; flappyBirds        ;
; Family name                                                                ; Cyclone IV E       ; Stratix II         ;
; Use Generated Physical Constraints File                                    ; Off                ;                    ;
; Use smart compilation                                                      ; Off                ; Off                ;
; Enable parallel Assembler and TimeQuest Timing Analyzer during compilation ; On                 ; On                 ;
; Enable compact report table                                                ; Off                ; Off                ;
; Restructure Multiplexers                                                   ; Auto               ; Auto               ;
; Create Debugging Nodes for IP Cores                                        ; Off                ; Off                ;
; Preserve fewer node names                                                  ; On                 ; On                 ;
; Disable OpenCore Plus hardware evaluation                                  ; Off                ; Off                ;
; Verilog Version                                                            ; Verilog_2001       ; Verilog_2001       ;
; VHDL Version                                                               ; VHDL_1993          ; VHDL_1993          ;
; State Machine Processing                                                   ; Auto               ; Auto               ;
; Safe State Machine                                                         ; Off                ; Off                ;
; Extract Verilog State Machines                                             ; On                 ; On                 ;
; Extract VHDL State Machines                                                ; On                 ; On                 ;
; Ignore Verilog initial constructs                                          ; Off                ; Off                ;
; Iteration limit for constant Verilog loops                                 ; 5000               ; 5000               ;
; Iteration limit for non-constant Verilog loops                             ; 250                ; 250                ;
; Add Pass-Through Logic to Inferred RAMs                                    ; On                 ; On                 ;
; Parallel Synthesis                                                         ; On                 ; On                 ;
; DSP Block Balancing                                                        ; Auto               ; Auto               ;
; NOT Gate Push-Back                                                         ; On                 ; On                 ;
; Power-Up Don't Care                                                        ; On                 ; On                 ;
; Remove Redundant Logic Cells                                               ; Off                ; Off                ;
; Remove Duplicate Registers                                                 ; On                 ; On                 ;
; Ignore CARRY Buffers                                                       ; Off                ; Off                ;
; Ignore CASCADE Buffers                                                     ; Off                ; Off                ;
; Ignore GLOBAL Buffers                                                      ; Off                ; Off                ;
; Ignore ROW GLOBAL Buffers                                                  ; Off                ; Off                ;
; Ignore LCELL Buffers                                                       ; Off                ; Off                ;
; Ignore SOFT Buffers                                                        ; On                 ; On                 ;
; Limit AHDL Integers to 32 Bits                                             ; Off                ; Off                ;
; Optimization Technique                                                     ; Balanced           ; Balanced           ;
; Carry Chain Length                                                         ; 70                 ; 70                 ;
; Auto Carry Chains                                                          ; On                 ; On                 ;
; Auto Open-Drain Pins                                                       ; On                 ; On                 ;
; Perform WYSIWYG Primitive Resynthesis                                      ; Off                ; Off                ;
; Auto ROM Replacement                                                       ; On                 ; On                 ;
; Auto RAM Replacement                                                       ; On                 ; On                 ;
; Auto DSP Block Replacement                                                 ; On                 ; On                 ;
; Auto Shift Register Replacement                                            ; Auto               ; Auto               ;
; Auto Clock Enable Replacement                                              ; On                 ; On                 ;
; Strict RAM Replacement                                                     ; Off                ; Off                ;
; Allow Synchronous Control Signals                                          ; On                 ; On                 ;
; Force Use of Synchronous Clear Signals                                     ; Off                ; Off                ;
; Auto RAM Block Balancing                                                   ; On                 ; On                 ;
; Auto RAM to Logic Cell Conversion                                          ; Off                ; Off                ;
; Auto Resource Sharing                                                      ; Off                ; Off                ;
; Allow Any RAM Size For Recognition                                         ; Off                ; Off                ;
; Allow Any ROM Size For Recognition                                         ; Off                ; Off                ;
; Allow Any Shift Register Size For Recognition                              ; Off                ; Off                ;
; Use LogicLock Constraints during Resource Balancing                        ; On                 ; On                 ;
; Ignore translate_off and synthesis_off directives                          ; Off                ; Off                ;
; Timing-Driven Synthesis                                                    ; On                 ; On                 ;
; Show Parameter Settings Tables in Synthesis Report                         ; On                 ; On                 ;
; Ignore Maximum Fan-Out Assignments                                         ; Off                ; Off                ;
; Synchronization Register Chain Length                                      ; 2                  ; 2                  ;
; PowerPlay Power Optimization                                               ; Normal compilation ; Normal compilation ;
; HDL message level                                                          ; Level2             ; Level2             ;
; Suppress Register Optimization Related Messages                            ; Off                ; Off                ;
; Number of Removed Registers Reported in Synthesis Report                   ; 5000               ; 5000               ;
; Number of Inverted Registers Reported in Synthesis Report                  ; 100                ; 100                ;
; Clock MUX Protection                                                       ; On                 ; On                 ;
; Auto Gated Clock Conversion                                                ; Off                ; Off                ;
; Block Design Naming                                                        ; Auto               ; Auto               ;
; SDC constraint protection                                                  ; Off                ; Off                ;
; Synthesis Effort                                                           ; Auto               ; Auto               ;
; Shift Register Replacement - Allow Asynchronous Clear Signal               ; On                 ; On                 ;
; Analysis & Synthesis Message Level                                         ; Medium             ; Medium             ;
; Disable Register Merging Across Hierarchies                                ; Auto               ; Auto               ;
; Resource Aware Inference For Block RAM                                     ; On                 ; On                 ;
+----------------------------------------------------------------------------+--------------------+--------------------+


Parallel compilation was disabled, but you have multiple processors available. Enable parallel compilation to reduce compilation time.
+-------------------------------------+
; Parallel Compilation                ;
+----------------------------+--------+
; Processors                 ; Number ;
+----------------------------+--------+
; Number detected on machine ; 12     ;
; Maximum allowed            ; 1      ;
+----------------------------+--------+


+-----------------------------------------------------------------------------------------------------------------------------------------+
; Analysis & Synthesis Source Files Read                                                                                                  ;
+----------------------------------+-----------------+-----------------+------------------------------------------------------------------+
; File Name with User-Entered Path ; Used in Netlist ; File Type       ; File Name with Absolute Path                                     ;
+----------------------------------+-----------------+-----------------+------------------------------------------------------------------+
; LED_display.vhd                  ; yes             ; User VHDL File  ; C:/Users/user/Downloads/vhdl-main/flappy_birds/LED_display.vhd   ;
; pipeGenerator.vhd                ; yes             ; User VHDL File  ; C:/Users/user/Downloads/vhdl-main/flappy_birds/pipeGenerator.vhd ;
+----------------------------------+-----------------+-----------------+------------------------------------------------------------------+


+---------------------------------------------------------+
; Analysis & Synthesis Resource Usage Summary             ;
+---------------------------------------------+-----------+
; Resource                                    ; Usage     ;
+---------------------------------------------+-----------+
; Estimated Total logic elements              ; 31        ;
;                                             ;           ;
; Total combinational functions               ; 14        ;
; Logic element usage by number of LUT inputs ;           ;
;     -- 4 input functions                    ; 11        ;
;     -- 3 input functions                    ; 1         ;
;     -- <=2 input functions                  ; 2         ;
;                                             ;           ;
; Logic elements by mode                      ;           ;
;     -- normal mode                          ; 14        ;
;     -- arithmetic mode                      ; 0         ;
;                                             ;           ;
; Total registers                             ; 21        ;
;     -- Dedicated logic registers            ; 21        ;
;     -- I/O registers                        ; 0         ;
;                                             ;           ;
; I/O pins                                    ; 23        ;
; Maximum fan-out node                        ; clk~input ;
; Maximum fan-out                             ; 21        ;
; Total fan-out                               ; 155       ;
; Average fan-out                             ; 1.91      ;
+---------------------------------------------+-----------+


+-----------------------------------------------------------------------------------------------------------------------------------------------------------------------------+
; Analysis & Synthesis Resource Utilization by Entity                                                                                                                         ;
+----------------------------+-------------------+--------------+-------------+--------------+---------+-----------+------+--------------+---------------------+--------------+
; Compilation Hierarchy Node ; LC Combinationals ; LC Registers ; Memory Bits ; DSP Elements ; DSP 9x9 ; DSP 18x18 ; Pins ; Virtual Pins ; Full Hierarchy Name ; Library Name ;
+----------------------------+-------------------+--------------+-------------+--------------+---------+-----------+------+--------------+---------------------+--------------+
; |LED_display               ; 14 (14)           ; 21 (21)      ; 0           ; 0            ; 0       ; 0         ; 23   ; 0            ; |LED_display        ; work         ;
+----------------------------+-------------------+--------------+-------------+--------------+---------+-----------+------+--------------+---------------------+--------------+
Note: For table entries with two numbers listed, the numbers in parentheses indicate the number of resources of the given type used by the specific entity alone. The numbers listed outside of parentheses indicate the total resources of the given type used by the specific entity and all of its sub-entities in the hierarchy.


+---------------------------------------------------------------------+
; Registers Removed During Synthesis                                  ;
+-----------------------------------------+---------------------------+
; Register name                           ; Reason for Removal        ;
+-----------------------------------------+---------------------------+
; frame[15][0]                            ; Merged with frame[15][15] ;
; frame[15][14]                           ; Merged with frame[15][15] ;
; frame[15][13]                           ; Merged with frame[15][15] ;
; frame[15][12]                           ; Merged with frame[15][15] ;
; frame[15][11]                           ; Merged with frame[15][15] ;
; frame[15][10]                           ; Merged with frame[15][15] ;
; frame[15][9]                            ; Merged with frame[15][15] ;
; frame[15][8]                            ; Merged with frame[15][15] ;
; frame[15][7]                            ; Merged with frame[15][15] ;
; frame[15][6]                            ; Merged with frame[15][15] ;
; frame[15][5]                            ; Merged with frame[15][15] ;
; frame[15][4]                            ; Merged with frame[15][15] ;
; frame[15][3]                            ; Merged with frame[15][15] ;
; frame[15][2]                            ; Merged with frame[15][15] ;
; frame[15][1]                            ; Merged with frame[15][15] ;
; temp[0..14]                             ; Merged with temp[15]      ;
; frame[14][0]                            ; Merged with frame[14][15] ;
; frame[14][14]                           ; Merged with frame[14][15] ;
; frame[14][13]                           ; Merged with frame[14][15] ;
; frame[14][12]                           ; Merged with frame[14][15] ;
; frame[14][11]                           ; Merged with frame[14][15] ;
; frame[14][10]                           ; Merged with frame[14][15] ;
; frame[14][9]                            ; Merged with frame[14][15] ;
; frame[14][8]                            ; Merged with frame[14][15] ;
; frame[14][7]                            ; Merged with frame[14][15] ;
; frame[14][6]                            ; Merged with frame[14][15] ;
; frame[14][5]                            ; Merged with frame[14][15] ;
; frame[14][4]                            ; Merged with frame[14][15] ;
; frame[14][3]                            ; Merged with frame[14][15] ;
; frame[14][2]                            ; Merged with frame[14][15] ;
; frame[14][1]                            ; Merged with frame[14][15] ;
; frame[13][0]                            ; Merged with frame[13][15] ;
; frame[13][14]                           ; Merged with frame[13][15] ;
; frame[13][13]                           ; Merged with frame[13][15] ;
; frame[13][12]                           ; Merged with frame[13][15] ;
; frame[13][11]                           ; Merged with frame[13][15] ;
; frame[13][10]                           ; Merged with frame[13][15] ;
; frame[13][9]                            ; Merged with frame[13][15] ;
; frame[13][8]                            ; Merged with frame[13][15] ;
; frame[13][7]                            ; Merged with frame[13][15] ;
; frame[13][6]                            ; Merged with frame[13][15] ;
; frame[13][5]                            ; Merged with frame[13][15] ;
; frame[13][4]                            ; Merged with frame[13][15] ;
; frame[13][3]                            ; Merged with frame[13][15] ;
; frame[13][2]                            ; Merged with frame[13][15] ;
; frame[13][1]                            ; Merged with frame[13][15] ;
; frame[12][0]                            ; Merged with frame[12][15] ;
; frame[12][14]                           ; Merged with frame[12][15] ;
; frame[12][13]                           ; Merged with frame[12][15] ;
; frame[12][12]                           ; Merged with frame[12][15] ;
; frame[12][11]                           ; Merged with frame[12][15] ;
; frame[12][10]                           ; Merged with frame[12][15] ;
; frame[12][9]                            ; Merged with frame[12][15] ;
; frame[12][8]                            ; Merged with frame[12][15] ;
; frame[12][7]                            ; Merged with frame[12][15] ;
; frame[12][6]                            ; Merged with frame[12][15] ;
; frame[12][5]                            ; Merged with frame[12][15] ;
; frame[12][4]                            ; Merged with frame[12][15] ;
; frame[12][3]                            ; Merged with frame[12][15] ;
; frame[12][2]                            ; Merged with frame[12][15] ;
; frame[12][1]                            ; Merged with frame[12][15] ;
; frame[11][0]                            ; Merged with frame[11][15] ;
; frame[11][14]                           ; Merged with frame[11][15] ;
; frame[11][13]                           ; Merged with frame[11][15] ;
; frame[11][12]                           ; Merged with frame[11][15] ;
; frame[11][11]                           ; Merged with frame[11][15] ;
; frame[11][10]                           ; Merged with frame[11][15] ;
; frame[11][9]                            ; Merged with frame[11][15] ;
; frame[11][8]                            ; Merged with frame[11][15] ;
; frame[11][7]                            ; Merged with frame[11][15] ;
; frame[11][6]                            ; Merged with frame[11][15] ;
; frame[11][5]                            ; Merged with frame[11][15] ;
; frame[11][4]                            ; Merged with frame[11][15] ;
; frame[11][3]                            ; Merged with frame[11][15] ;
; frame[11][2]                            ; Merged with frame[11][15] ;
; frame[11][1]                            ; Merged with frame[11][15] ;
; frame[10][0]                            ; Merged with frame[10][15] ;
; frame[10][14]                           ; Merged with frame[10][15] ;
; frame[10][13]                           ; Merged with frame[10][15] ;
; frame[10][12]                           ; Merged with frame[10][15] ;
; frame[10][11]                           ; Merged with frame[10][15] ;
; frame[10][10]                           ; Merged with frame[10][15] ;
; frame[10][9]                            ; Merged with frame[10][15] ;
; frame[10][8]                            ; Merged with frame[10][15] ;
; frame[10][7]                            ; Merged with frame[10][15] ;
; frame[10][6]                            ; Merged with frame[10][15] ;
; frame[10][5]                            ; Merged with frame[10][15] ;
; frame[10][4]                            ; Merged with frame[10][15] ;
; frame[10][3]                            ; Merged with frame[10][15] ;
; frame[10][2]                            ; Merged with frame[10][15] ;
; frame[10][1]                            ; Merged with frame[10][15] ;
; frame[9][0]                             ; Merged with frame[9][15]  ;
; frame[9][14]                            ; Merged with frame[9][15]  ;
; frame[9][13]                            ; Merged with frame[9][15]  ;
; frame[9][12]                            ; Merged with frame[9][15]  ;
; frame[9][11]                            ; Merged with frame[9][15]  ;
; frame[9][10]                            ; Merged with frame[9][15]  ;
; frame[9][9]                             ; Merged with frame[9][15]  ;
; frame[9][8]                             ; Merged with frame[9][15]  ;
; frame[9][7]                             ; Merged with frame[9][15]  ;
; frame[9][6]                             ; Merged with frame[9][15]  ;
; frame[9][5]                             ; Merged with frame[9][15]  ;
; frame[9][4]                             ; Merged with frame[9][15]  ;
; frame[9][3]                             ; Merged with frame[9][15]  ;
; frame[9][2]                             ; Merged with frame[9][15]  ;
; frame[9][1]                             ; Merged with frame[9][15]  ;
; frame[8][0]                             ; Merged with frame[8][15]  ;
; frame[8][14]                            ; Merged with frame[8][15]  ;
; frame[8][13]                            ; Merged with frame[8][15]  ;
; frame[8][12]                            ; Merged with frame[8][15]  ;
; frame[8][11]                            ; Merged with frame[8][15]  ;
; frame[8][10]                            ; Merged with frame[8][15]  ;
; frame[8][9]                             ; Merged with frame[8][15]  ;
; frame[8][8]                             ; Merged with frame[8][15]  ;
; frame[8][7]                             ; Merged with frame[8][15]  ;
; frame[8][6]                             ; Merged with frame[8][15]  ;
; frame[8][5]                             ; Merged with frame[8][15]  ;
; frame[8][4]                             ; Merged with frame[8][15]  ;
; frame[8][3]                             ; Merged with frame[8][15]  ;
; frame[8][2]                             ; Merged with frame[8][15]  ;
; frame[8][1]                             ; Merged with frame[8][15]  ;
; frame[7][0]                             ; Merged with frame[7][15]  ;
; frame[7][14]                            ; Merged with frame[7][15]  ;
; frame[7][13]                            ; Merged with frame[7][15]  ;
; frame[7][12]                            ; Merged with frame[7][15]  ;
; frame[7][11]                            ; Merged with frame[7][15]  ;
; frame[7][10]                            ; Merged with frame[7][15]  ;
; frame[7][9]                             ; Merged with frame[7][15]  ;
; frame[7][8]                             ; Merged with frame[7][15]  ;
; frame[7][7]                             ; Merged with frame[7][15]  ;
; frame[7][6]                             ; Merged with frame[7][15]  ;
; frame[7][5]                             ; Merged with frame[7][15]  ;
; frame[7][4]                             ; Merged with frame[7][15]  ;
; frame[7][3]                             ; Merged with frame[7][15]  ;
; frame[7][2]                             ; Merged with frame[7][15]  ;
; frame[7][1]                             ; Merged with frame[7][15]  ;
; frame[6][0]                             ; Merged with frame[6][15]  ;
; frame[6][14]                            ; Merged with frame[6][15]  ;
; frame[6][13]                            ; Merged with frame[6][15]  ;
; frame[6][12]                            ; Merged with frame[6][15]  ;
; frame[6][11]                            ; Merged with frame[6][15]  ;
; frame[6][10]                            ; Merged with frame[6][15]  ;
; frame[6][9]                             ; Merged with frame[6][15]  ;
; frame[6][8]                             ; Merged with frame[6][15]  ;
; frame[6][7]                             ; Merged with frame[6][15]  ;
; frame[6][6]                             ; Merged with frame[6][15]  ;
; frame[6][5]                             ; Merged with frame[6][15]  ;
; frame[6][4]                             ; Merged with frame[6][15]  ;
; frame[6][3]                             ; Merged with frame[6][15]  ;
; frame[6][2]                             ; Merged with frame[6][15]  ;
; frame[6][1]                             ; Merged with frame[6][15]  ;
; frame[5][0]                             ; Merged with frame[5][15]  ;
; frame[5][14]                            ; Merged with frame[5][15]  ;
; frame[5][13]                            ; Merged with frame[5][15]  ;
; frame[5][12]                            ; Merged with frame[5][15]  ;
; frame[5][11]                            ; Merged with frame[5][15]  ;
; frame[5][10]                            ; Merged with frame[5][15]  ;
; frame[5][9]                             ; Merged with frame[5][15]  ;
; frame[5][8]                             ; Merged with frame[5][15]  ;
; frame[5][7]                             ; Merged with frame[5][15]  ;
; frame[5][6]                             ; Merged with frame[5][15]  ;
; frame[5][5]                             ; Merged with frame[5][15]  ;
; frame[5][4]                             ; Merged with frame[5][15]  ;
; frame[5][3]                             ; Merged with frame[5][15]  ;
; frame[5][2]                             ; Merged with frame[5][15]  ;
; frame[5][1]                             ; Merged with frame[5][15]  ;
; frame[4][0]                             ; Merged with frame[4][15]  ;
; frame[4][14]                            ; Merged with frame[4][15]  ;
; frame[4][13]                            ; Merged with frame[4][15]  ;
; frame[4][12]                            ; Merged with frame[4][15]  ;
; frame[4][11]                            ; Merged with frame[4][15]  ;
; frame[4][10]                            ; Merged with frame[4][15]  ;
; frame[4][9]                             ; Merged with frame[4][15]  ;
; frame[4][8]                             ; Merged with frame[4][15]  ;
; frame[4][7]                             ; Merged with frame[4][15]  ;
; frame[4][6]                             ; Merged with frame[4][15]  ;
; frame[4][5]                             ; Merged with frame[4][15]  ;
; frame[4][4]                             ; Merged with frame[4][15]  ;
; frame[4][3]                             ; Merged with frame[4][15]  ;
; frame[4][2]                             ; Merged with frame[4][15]  ;
; frame[4][1]                             ; Merged with frame[4][15]  ;
; frame[3][0]                             ; Merged with frame[3][15]  ;
; frame[3][14]                            ; Merged with frame[3][15]  ;
; frame[3][13]                            ; Merged with frame[3][15]  ;
; frame[3][12]                            ; Merged with frame[3][15]  ;
; frame[3][11]                            ; Merged with frame[3][15]  ;
; frame[3][10]                            ; Merged with frame[3][15]  ;
; frame[3][9]                             ; Merged with frame[3][15]  ;
; frame[3][8]                             ; Merged with frame[3][15]  ;
; frame[3][7]                             ; Merged with frame[3][15]  ;
; frame[3][6]                             ; Merged with frame[3][15]  ;
; frame[3][5]                             ; Merged with frame[3][15]  ;
; frame[3][4]                             ; Merged with frame[3][15]  ;
; frame[3][3]                             ; Merged with frame[3][15]  ;
; frame[3][2]                             ; Merged with frame[3][15]  ;
; frame[3][1]                             ; Merged with frame[3][15]  ;
; frame[2][0]                             ; Merged with frame[2][15]  ;
; frame[2][14]                            ; Merged with frame[2][15]  ;
; frame[2][13]                            ; Merged with frame[2][15]  ;
; frame[2][12]                            ; Merged with frame[2][15]  ;
; frame[2][11]                            ; Merged with frame[2][15]  ;
; frame[2][10]                            ; Merged with frame[2][15]  ;
; frame[2][9]                             ; Merged with frame[2][15]  ;
; frame[2][8]                             ; Merged with frame[2][15]  ;
; frame[2][7]                             ; Merged with frame[2][15]  ;
; frame[2][6]                             ; Merged with frame[2][15]  ;
; frame[2][5]                             ; Merged with frame[2][15]  ;
; frame[2][4]                             ; Merged with frame[2][15]  ;
; frame[2][3]                             ; Merged with frame[2][15]  ;
; frame[2][2]                             ; Merged with frame[2][15]  ;
; frame[2][1]                             ; Merged with frame[2][15]  ;
; frame[1][0]                             ; Merged with frame[1][15]  ;
; frame[1][14]                            ; Merged with frame[1][15]  ;
; frame[1][13]                            ; Merged with frame[1][15]  ;
; frame[1][12]                            ; Merged with frame[1][15]  ;
; frame[1][11]                            ; Merged with frame[1][15]  ;
; frame[1][10]                            ; Merged with frame[1][15]  ;
; frame[1][9]                             ; Merged with frame[1][15]  ;
; frame[1][8]                             ; Merged with frame[1][15]  ;
; frame[1][7]                             ; Merged with frame[1][15]  ;
; frame[1][6]                             ; Merged with frame[1][15]  ;
; frame[1][5]                             ; Merged with frame[1][15]  ;
; frame[1][4]                             ; Merged with frame[1][15]  ;
; frame[1][3]                             ; Merged with frame[1][15]  ;
; frame[1][2]                             ; Merged with frame[1][15]  ;
; frame[1][1]                             ; Merged with frame[1][15]  ;
; frame[0][0]                             ; Merged with frame[0][15]  ;
; frame[0][14]                            ; Merged with frame[0][15]  ;
; frame[0][13]                            ; Merged with frame[0][15]  ;
; frame[0][12]                            ; Merged with frame[0][15]  ;
; frame[0][11]                            ; Merged with frame[0][15]  ;
; frame[0][10]                            ; Merged with frame[0][15]  ;
; frame[0][9]                             ; Merged with frame[0][15]  ;
; frame[0][8]                             ; Merged with frame[0][15]  ;
; frame[0][7]                             ; Merged with frame[0][15]  ;
; frame[0][6]                             ; Merged with frame[0][15]  ;
; frame[0][5]                             ; Merged with frame[0][15]  ;
; frame[0][4]                             ; Merged with frame[0][15]  ;
; frame[0][3]                             ; Merged with frame[0][15]  ;
; frame[0][2]                             ; Merged with frame[0][15]  ;
; frame[0][1]                             ; Merged with frame[0][15]  ;
; pipeGenerator:u1|lfsr[0..3]             ; Lost fanout               ;
; Total Number of Removed Registers = 259 ;                           ;
+-----------------------------------------+---------------------------+


+----------------------------------------------------------------------------------------------------+
; Removed Registers Triggering Further Register Optimizations                                        ;
+--------------------------+--------------------+----------------------------------------------------+
; Register name            ; Reason for Removal ; Registers Removed due to This Register             ;
+--------------------------+--------------------+----------------------------------------------------+
; pipeGenerator:u1|lfsr[3] ; Lost Fanouts       ; pipeGenerator:u1|lfsr[2], pipeGenerator:u1|lfsr[1] ;
+--------------------------+--------------------+----------------------------------------------------+


+------------------------------------------------------+
; General Register Statistics                          ;
+----------------------------------------------+-------+
; Statistic                                    ; Value ;
+----------------------------------------------+-------+
; Total registers                              ; 21    ;
; Number of registers using Synchronous Clear  ; 0     ;
; Number of registers using Synchronous Load   ; 0     ;
; Number of registers using Asynchronous Clear ; 20    ;
; Number of registers using Asynchronous Load  ; 0     ;
; Number of registers using Clock Enable       ; 1     ;
; Number of registers using Preset             ; 0     ;
+----------------------------------------------+-------+


+-------------------------------+
; Analysis & Synthesis Messages ;
+-------------------------------+
Info: *******************************************************************
Info: Running Quartus II Analysis & Synthesis
    Info: Version 9.1 Build 350 03/24/2010 Service Pack 2 SJ Web Edition
    Info: Processing started: Wed May 29 15:39:42 2024
Info: Command: quartus_map --read_settings_files=on --write_settings_files=off flappyBirds -c flappyBirds
Info: Found 2 design units, including 1 entities, in source file led_display.vhd
    Info: Found design unit 1: LED_display-structural
    Info: Found entity 1: LED_display
Info: Found 2 design units, including 1 entities, in source file pipegenerator.vhd
    Info: Found design unit 1: pipeGenerator-structural
    Info: Found entity 1: pipeGenerator
Info: Elaborating entity "LED_display" for the top level hierarchy
Warning (10492): VHDL Process Statement warning at LED_display.vhd(72): signal "sel" is read inside the Process Statement but isn't in the Process Statement's sensitivity list
Warning (10492): VHDL Process Statement warning at LED_display.vhd(78): signal "frame" is read inside the Process Statement but isn't in the Process Statement's sensitivity list
Warning (10492): VHDL Process Statement warning at LED_display.vhd(79): signal "frame" is read inside the Process Statement but isn't in the Process Statement's sensitivity list
Warning (10492): VHDL Process Statement warning at LED_display.vhd(80): signal "frame" is read inside the Process Statement but isn't in the Process Statement's sensitivity list
Warning (10492): VHDL Process Statement warning at LED_display.vhd(81): signal "frame" is read inside the Process Statement but isn't in the Process Statement's sensitivity list
Warning (10492): VHDL Process Statement warning at LED_display.vhd(82): signal "frame" is read inside the Process Statement but isn't in the Process Statement's sensitivity list
Warning (10492): VHDL Process Statement warning at LED_display.vhd(83): signal "frame" is read inside the Process Statement but isn't in the Process Statement's sensitivity list
Warning (10492): VHDL Process Statement warning at LED_display.vhd(84): signal "frame" is read inside the Process Statement but isn't in the Process Statement's sensitivity list
Warning (10492): VHDL Process Statement warning at LED_display.vhd(85): signal "frame" is read inside the Process Statement but isn't in the Process Statement's sensitivity list
Warning (10492): VHDL Process Statement warning at LED_display.vhd(86): signal "frame" is read inside the Process Statement but isn't in the Process Statement's sensitivity list
Warning (10492): VHDL Process Statement warning at LED_display.vhd(87): signal "frame" is read inside the Process Statement but isn't in the Process Statement's sensitivity list
Warning (10492): VHDL Process Statement warning at LED_display.vhd(88): signal "frame" is read inside the Process Statement but isn't in the Process Statement's sensitivity list
Warning (10492): VHDL Process Statement warning at LED_display.vhd(89): signal "frame" is read inside the Process Statement but isn't in the Process Statement's sensitivity list
Warning (10492): VHDL Process Statement warning at LED_display.vhd(90): signal "frame" is read inside the Process Statement but isn't in the Process Statement's sensitivity list
Warning (10492): VHDL Process Statement warning at LED_display.vhd(91): signal "frame" is read inside the Process Statement but isn't in the Process Statement's sensitivity list
Warning (10492): VHDL Process Statement warning at LED_display.vhd(92): signal "frame" is read inside the Process Statement but isn't in the Process Statement's sensitivity list
Warning (10492): VHDL Process Statement warning at LED_display.vhd(93): signal "frame" is read inside the Process Statement but isn't in the Process Statement's sensitivity list
Info: Elaborating entity "pipeGenerator" for hierarchy "pipeGenerator:u1"
Info: Timing-Driven Synthesis is running
Info: 4 registers lost all their fanouts during netlist optimizations. The first 4 are displayed below.
    Info: Register "pipeGenerator:u1|lfsr[3]" lost all its fanouts during netlist optimizations.
    Info: Register "pipeGenerator:u1|lfsr[2]" lost all its fanouts during netlist optimizations.
    Info: Register "pipeGenerator:u1|lfsr[0]" lost all its fanouts during netlist optimizations.
    Info: Register "pipeGenerator:u1|lfsr[1]" lost all its fanouts during netlist optimizations.
Warning: Ignored assignments for entity "flappyBirds" -- entity does not exist in design
    Warning: Assignment for entity set_global_assignment -name LL_ROOT_REGION ON -entity flappyBirds -section_id "Root Region" was ignored
    Warning: Assignment for entity set_global_assignment -name LL_MEMBER_STATE LOCKED -entity flappyBirds -section_id "Root Region" was ignored
Warning: Design contains 1 input pin(s) that do not drive logic
    Warning (15610): No output dependent on input pin "en"
Info: Implemented 54 device resources after synthesis - the final resource count might be different
    Info: Implemented 3 input pins
    Info: Implemented 20 output pins
    Info: Implemented 31 logic cells
Info: Quartus II Analysis & Synthesis was successful. 0 errors, 22 warnings
    Info: Peak virtual memory: 248 megabytes
    Info: Processing ended: Wed May 29 15:39:42 2024
    Info: Elapsed time: 00:00:00
    Info: Total CPU time (on all processors): 00:00:00


