Flow report for FlappyBirds
Fri May 31 10:22:31 2024
Quartus II Version 9.1 Build 350 03/24/2010 Service Pack 2 SJ Web Edition


---------------------
; Table of Contents ;
---------------------
  1. Legal Notice
  2. Flow Summary
  3. Flow Settings
  4. Flow Non-Default Global Settings
  5. Flow Elapsed Time
  6. Flow OS Summary
  7. Flow Log



----------------
; Legal Notice ;
----------------
Copyright (C) 1991-2010 Altera Corporation
Your use of Altera Corporation's design tools, logic functions 
and other software and tools, and its AMPP partner logic 
functions, and any output files from any of the foregoing 
(including device programming or simulation files), and any 
associated documentation or information are expressly subject 
to the terms and conditions of the Altera Program License 
Subscription Agreement, Altera MegaCore Function License 
Agreement, or other applicable license agreement, including, 
without limitation, that your use is for the sole purpose of 
programming logic devices manufactured by Altera and sold by 
Altera or its authorized distributors.  Please refer to the 
applicable agreement for further details.



+-----------------------------------------------------------------------------------+
; Flow Summary                                                                      ;
+------------------------------------+----------------------------------------------+
; Flow Status                        ; Successful - Fri May 31 10:22:31 2024        ;
; Quartus II Version                 ; 9.1 Build 350 03/24/2010 SP 2 SJ Web Edition ;
; Revision Name                      ; FlappyBirds                                  ;
; Top-level Entity Name              ; FlappyBirds                                  ;
; Family                             ; Cyclone IV E                                 ;
; Device                             ; EP4CE40F23C8                                 ;
; Timing Models                      ; Preliminary                                  ;
; Met timing requirements            ; N/A                                          ;
; Total logic elements               ; 351 / 39,600 ( < 1 % )                       ;
;     Total combinational functions  ; 350 / 39,600 ( < 1 % )                       ;
;     Dedicated logic registers      ; 62 / 39,600 ( < 1 % )                        ;
; Total registers                    ; 62                                           ;
; Total pins                         ; 45 / 329 ( 14 % )                            ;
; Total virtual pins                 ; 0                                            ;
; Total memory bits                  ; 0 / 1,161,216 ( 0 % )                        ;
; Embedded Multiplier 9-bit elements ; 0 / 232 ( 0 % )                              ;
; Total PLLs                         ; 0 / 4 ( 0 % )                                ;
+------------------------------------+----------------------------------------------+


+-----------------------------------------+
; Flow Settings                           ;
+-------------------+---------------------+
; Option            ; Setting             ;
+-------------------+---------------------+
; Start date & time ; 05/31/2024 10:22:23 ;
; Main task         ; Compilation         ;
; Revision Name     ; FlappyBirds         ;
+-------------------+---------------------+


+-----------------------------------------------------------------------------------------------------------------------------------------------------------+
; Flow Non-Default Global Settings                                                                                                                          ;
+------------------------------------+-----------------------------------------------------------------------+---------------+-------------+----------------+
; Assignment Name                    ; Value                                                                 ; Default Value ; Entity Name ; Section Id     ;
+------------------------------------+-----------------------------------------------------------------------+---------------+-------------+----------------+
; COMPILER_SIGNATURE_ID              ; 9619532782685.171712214312952                                         ; --            ; --          ; --             ;
; MAX_CORE_JUNCTION_TEMP             ; 85                                                                    ; --            ; --          ; --             ;
; MIN_CORE_JUNCTION_TEMP             ; 0                                                                     ; --            ; --          ; --             ;
; MISC_FILE                          ; C:/users/thisiselijah/Desktop/VHDL/FlappyBirds/FlappyBirds.dpf        ; --            ; --          ; --             ;
; MISC_FILE                          ; C:/Users/user/Desktop/vhdl-main/vhdl-main/FlappyBirds/FlappyBirds.dpf ; --            ; --          ; --             ;
; NOMINAL_CORE_SUPPLY_VOLTAGE        ; 1.2V                                                                  ; --            ; --          ; --             ;
; PARTITION_COLOR                    ; 16764057                                                              ; --            ; --          ; Top            ;
; PARTITION_NETLIST_TYPE             ; SOURCE                                                                ; --            ; --          ; Top            ;
; USE_GENERATED_PHYSICAL_CONSTRAINTS ; Off                                                                   ; --            ; --          ; eda_blast_fpga ;
+------------------------------------+-----------------------------------------------------------------------+---------------+-------------+----------------+


+-------------------------------------------------------------------------------------------------------------------------------+
; Flow Elapsed Time                                                                                                             ;
+---------------------------+--------------+-------------------------+---------------------+------------------------------------+
; Module Name               ; Elapsed Time ; Average Processors Used ; Peak Virtual Memory ; Total CPU Time (on all processors) ;
+---------------------------+--------------+-------------------------+---------------------+------------------------------------+
; Analysis & Synthesis      ; 00:00:02     ; 1.0                     ; 253 MB              ; 00:00:01                           ;
; Fitter                    ; 00:00:04     ; 1.0                     ; 308 MB              ; 00:00:03                           ;
; TimeQuest Timing Analyzer ; 00:00:01     ; 1.0                     ; 263 MB              ; 00:00:01                           ;
; Assembler                 ; 00:00:01     ; 1.0                     ; 278 MB              ; 00:00:01                           ;
; Total                     ; 00:00:07     ; --                      ; --                  ; 00:00:05                           ;
+---------------------------+--------------+-------------------------+---------------------+------------------------------------+


+--------------------------------------------------------------------------------------------+
; Flow OS Summary                                                                            ;
+---------------------------+------------------+---------------+------------+----------------+
; Module Name               ; Machine Hostname ; OS Name       ; OS Version ; Processor type ;
+---------------------------+------------------+---------------+------------+----------------+
; Analysis & Synthesis      ; DESKTOP-B475     ; Windows Vista ; 6.2        ; x86_64         ;
; Fitter                    ; DESKTOP-B475     ; Windows Vista ; 6.2        ; x86_64         ;
; Assembler                 ; DESKTOP-B475     ; Windows Vista ; 6.2        ; x86_64         ;
; TimeQuest Timing Analyzer ; DESKTOP-B475     ; Windows Vista ; 6.2        ; x86_64         ;
+---------------------------+------------------+---------------+------------+----------------+


------------
; Flow Log ;
------------
quartus_map --read_settings_files=on --write_settings_files=off FlappyBirds -c FlappyBirds
quartus_fit --read_settings_files=off --write_settings_files=off FlappyBirds -c FlappyBirds
quartus_asm --read_settings_files=off --write_settings_files=off FlappyBirds -c FlappyBirds
quartus_sta FlappyBirds -c FlappyBirds



