Analysis & Synthesis report for main
Mon Jun 03 19:01:30 2024
Quartus II Version 9.1 Build 350 03/24/2010 Service Pack 2 SJ Web Edition


---------------------
; Table of Contents ;
---------------------
  1. Legal Notice
  2. Analysis & Synthesis Summary
  3. Analysis & Synthesis Settings
  4. Analysis & Synthesis Source Files Read
  5. Analysis & Synthesis Resource Usage Summary
  6. Analysis & Synthesis Resource Utilization by Entity
  7. General Register Statistics
  8. Inverted Register Statistics
  9. Parameter Settings for Inferred Entity Instance: pipe_generator:u1|lpm_divide:Mod0
 10. Port Connectivity Checks: "pipe_generator:u1|lfsr:lfsr_inst"
 11. Port Connectivity Checks: "clock_divider:u0"
 12. Analysis & Synthesis Messages



----------------
; Legal Notice ;
----------------
Copyright (C) 1991-2010 Altera Corporation
Your use of Altera Corporation's design tools, logic functions 
and other software and tools, and its AMPP partner logic 
functions, and any output files from any of the foregoing 
(including device programming or simulation files), and any 
associated documentation or information are expressly subject 
to the terms and conditions of the Altera Program License 
Subscription Agreement, Altera MegaCore Function License 
Agreement, or other applicable license agreement, including, 
without limitation, that your use is for the sole purpose of 
programming logic devices manufactured by Altera and sold by 
Altera or its authorized distributors.  Please refer to the 
applicable agreement for further details.



+------------------------------------------------------------------------------+
; Analysis & Synthesis Summary                                                 ;
+-------------------------------+----------------------------------------------+
; Analysis & Synthesis Status   ; Successful - Mon Jun 03 19:01:30 2024        ;
; Quartus II Version            ; 9.1 Build 350 03/24/2010 SP 2 SJ Web Edition ;
; Revision Name                 ; main                                         ;
; Top-level Entity Name         ; main                                         ;
; Family                        ; Stratix II                                   ;
; Logic utilization             ; N/A                                          ;
;     Combinational ALUTs       ; 55                                           ;
;     Dedicated logic registers ; 57                                           ;
; Total registers               ; 57                                           ;
; Total pins                    ; 19                                           ;
; Total virtual pins            ; 0                                            ;
; Total block memory bits       ; 0                                            ;
; DSP block 9-bit elements      ; 0                                            ;
; Total PLLs                    ; 0                                            ;
; Total DLLs                    ; 0                                            ;
+-------------------------------+----------------------------------------------+


+----------------------------------------------------------------------------------------------------------------------+
; Analysis & Synthesis Settings                                                                                        ;
+----------------------------------------------------------------------------+--------------------+--------------------+
; Option                                                                     ; Setting            ; Default Value      ;
+----------------------------------------------------------------------------+--------------------+--------------------+
; Top-level entity name                                                      ; main               ; main               ;
; Family name                                                                ; Stratix II         ; Stratix II         ;
; Use Generated Physical Constraints File                                    ; Off                ;                    ;
; Use smart compilation                                                      ; Off                ; Off                ;
; Enable parallel Assembler and TimeQuest Timing Analyzer during compilation ; On                 ; On                 ;
; Enable compact report table                                                ; Off                ; Off                ;
; Restructure Multiplexers                                                   ; Auto               ; Auto               ;
; Create Debugging Nodes for IP Cores                                        ; Off                ; Off                ;
; Preserve fewer node names                                                  ; On                 ; On                 ;
; Disable OpenCore Plus hardware evaluation                                  ; Off                ; Off                ;
; Verilog Version                                                            ; Verilog_2001       ; Verilog_2001       ;
; VHDL Version                                                               ; VHDL_1993          ; VHDL_1993          ;
; State Machine Processing                                                   ; Auto               ; Auto               ;
; Safe State Machine                                                         ; Off                ; Off                ;
; Extract Verilog State Machines                                             ; On                 ; On                 ;
; Extract VHDL State Machines                                                ; On                 ; On                 ;
; Ignore Verilog initial constructs                                          ; Off                ; Off                ;
; Iteration limit for constant Verilog loops                                 ; 5000               ; 5000               ;
; Iteration limit for non-constant Verilog loops                             ; 250                ; 250                ;
; Add Pass-Through Logic to Inferred RAMs                                    ; On                 ; On                 ;
; Parallel Synthesis                                                         ; On                 ; On                 ;
; DSP Block Balancing                                                        ; Auto               ; Auto               ;
; NOT Gate Push-Back                                                         ; On                 ; On                 ;
; Power-Up Don't Care                                                        ; On                 ; On                 ;
; Remove Redundant Logic Cells                                               ; Off                ; Off                ;
; Remove Duplicate Registers                                                 ; On                 ; On                 ;
; Ignore CARRY Buffers                                                       ; Off                ; Off                ;
; Ignore CASCADE Buffers                                                     ; Off                ; Off                ;
; Ignore GLOBAL Buffers                                                      ; Off                ; Off                ;
; Ignore ROW GLOBAL Buffers                                                  ; Off                ; Off                ;
; Ignore LCELL Buffers                                                       ; Off                ; Off                ;
; Ignore SOFT Buffers                                                        ; On                 ; On                 ;
; Limit AHDL Integers to 32 Bits                                             ; Off                ; Off                ;
; Optimization Technique                                                     ; Balanced           ; Balanced           ;
; Carry Chain Length                                                         ; 70                 ; 70                 ;
; Auto Carry Chains                                                          ; On                 ; On                 ;
; Auto Open-Drain Pins                                                       ; On                 ; On                 ;
; Perform WYSIWYG Primitive Resynthesis                                      ; Off                ; Off                ;
; Auto ROM Replacement                                                       ; On                 ; On                 ;
; Auto RAM Replacement                                                       ; On                 ; On                 ;
; Auto DSP Block Replacement                                                 ; On                 ; On                 ;
; Auto Shift Register Replacement                                            ; Auto               ; Auto               ;
; Auto Clock Enable Replacement                                              ; On                 ; On                 ;
; Strict RAM Replacement                                                     ; Off                ; Off                ;
; Allow Synchronous Control Signals                                          ; On                 ; On                 ;
; Force Use of Synchronous Clear Signals                                     ; Off                ; Off                ;
; Auto RAM Block Balancing                                                   ; On                 ; On                 ;
; Auto RAM to Logic Cell Conversion                                          ; Off                ; Off                ;
; Auto Resource Sharing                                                      ; Off                ; Off                ;
; Allow Any RAM Size For Recognition                                         ; Off                ; Off                ;
; Allow Any ROM Size For Recognition                                         ; Off                ; Off                ;
; Allow Any Shift Register Size For Recognition                              ; Off                ; Off                ;
; Use LogicLock Constraints during Resource Balancing                        ; On                 ; On                 ;
; Ignore translate_off and synthesis_off directives                          ; Off                ; Off                ;
; Timing-Driven Synthesis                                                    ; Off                ; Off                ;
; Show Parameter Settings Tables in Synthesis Report                         ; On                 ; On                 ;
; Ignore Maximum Fan-Out Assignments                                         ; Off                ; Off                ;
; Synchronization Register Chain Length                                      ; 2                  ; 2                  ;
; PowerPlay Power Optimization                                               ; Normal compilation ; Normal compilation ;
; HDL message level                                                          ; Level2             ; Level2             ;
; Suppress Register Optimization Related Messages                            ; Off                ; Off                ;
; Number of Removed Registers Reported in Synthesis Report                   ; 5000               ; 5000               ;
; Number of Inverted Registers Reported in Synthesis Report                  ; 100                ; 100                ;
; Clock MUX Protection                                                       ; On                 ; On                 ;
; Auto Gated Clock Conversion                                                ; Off                ; Off                ;
; Block Design Naming                                                        ; Auto               ; Auto               ;
; SDC constraint protection                                                  ; Off                ; Off                ;
; Synthesis Effort                                                           ; Auto               ; Auto               ;
; Shift Register Replacement - Allow Asynchronous Clear Signal               ; On                 ; On                 ;
; Analysis & Synthesis Message Level                                         ; Medium             ; Medium             ;
; Disable Register Merging Across Hierarchies                                ; Auto               ; Auto               ;
; Resource Aware Inference For Block RAM                                     ; On                 ; On                 ;
+----------------------------------------------------------------------------+--------------------+--------------------+


+--------------------------------------------------------------------------------------------------------------------------------------------------------+
; Analysis & Synthesis Source Files Read                                                                                                                 ;
+----------------------------------+-----------------+------------------------------+--------------------------------------------------------------------+
; File Name with User-Entered Path ; Used in Netlist ; File Type                    ; File Name with Absolute Path                                       ;
+----------------------------------+-----------------+------------------------------+--------------------------------------------------------------------+
; clock_divider.vhd                ; yes             ; User VHDL File               ; C:/users/thisiselijah/Desktop/VHDL/main/clock_divider.vhd          ;
; main.vhd                         ; yes             ; User VHDL File               ; C:/users/thisiselijah/Desktop/VHDL/main/main.vhd                   ;
; pipe_Generator.vhd               ; yes             ; User VHDL File               ; C:/users/thisiselijah/Desktop/VHDL/main/pipe_Generator.vhd         ;
; lfsr.vhd                         ; yes             ; User VHDL File               ; C:/users/thisiselijah/Desktop/VHDL/main/lfsr.vhd                   ;
; lpm_divide.tdf                   ; yes             ; Megafunction                 ; c:/altera/91sp2/quartus/libraries/megafunctions/lpm_divide.tdf     ;
; db/lpm_divide_26m.tdf            ; yes             ; Auto-Generated Megafunction  ; C:/users/thisiselijah/Desktop/VHDL/main/db/lpm_divide_26m.tdf      ;
; db/sign_div_unsign_7kh.tdf       ; yes             ; Auto-Generated Megafunction  ; C:/users/thisiselijah/Desktop/VHDL/main/db/sign_div_unsign_7kh.tdf ;
; db/alt_u_div_i0f.tdf             ; yes             ; Auto-Generated Megafunction  ; C:/users/thisiselijah/Desktop/VHDL/main/db/alt_u_div_i0f.tdf       ;
+----------------------------------+-----------------+------------------------------+--------------------------------------------------------------------+


+-------------------------------------------------------+
; Analysis & Synthesis Resource Usage Summary           ;
+-----------------------------------------------+-------+
; Resource                                      ; Usage ;
+-----------------------------------------------+-------+
; Estimated ALUTs Used                          ; 55    ;
; Dedicated logic registers                     ; 57    ;
;                                               ;       ;
; Estimated ALUTs Unavailable                   ; 0     ;
;                                               ;       ;
; Total combinational functions                 ; 55    ;
; Combinational ALUT usage by number of inputs  ;       ;
;     -- 7 input functions                      ; 0     ;
;     -- 6 input functions                      ; 1     ;
;     -- 5 input functions                      ; 0     ;
;     -- 4 input functions                      ; 10    ;
;     -- <=3 input functions                    ; 44    ;
;                                               ;       ;
; Combinational ALUTs by mode                   ;       ;
;     -- normal mode                            ; 50    ;
;     -- extended LUT mode                      ; 0     ;
;     -- arithmetic mode                        ; 5     ;
;     -- shared arithmetic mode                 ; 0     ;
;                                               ;       ;
; Estimated ALUT/register pairs used            ; 60    ;
;                                               ;       ;
; Total registers                               ; 57    ;
;     -- Dedicated logic registers              ; 57    ;
;     -- I/O registers                          ; 0     ;
;                                               ;       ;
; Estimated ALMs:  partially or completely used ; 30    ;
;                                               ;       ;
; I/O pins                                      ; 19    ;
; Maximum fan-out node                          ; clk   ;
; Maximum fan-out                               ; 57    ;
; Total fan-out                                 ; 304   ;
; Average fan-out                               ; 2.32  ;
+-----------------------------------------------+-------+


+------------------------------------------------------------------------------------------------------------------------------------------------------------------------------------------------------------------------------------------------------------------------------------------------------------------+
; Analysis & Synthesis Resource Utilization by Entity                                                                                                                                                                                                                                                              ;
+-------------------------------------------+-------------------+--------------+-------------------+--------------+---------+-----------+-----------+------+--------------+-------------------------------------------------------------------------------------------------------------------------+--------------+
; Compilation Hierarchy Node                ; LC Combinationals ; LC Registers ; Block Memory Bits ; DSP Elements ; DSP 9x9 ; DSP 18x18 ; DSP 36x36 ; Pins ; Virtual Pins ; Full Hierarchy Name                                                                                                     ; Library Name ;
+-------------------------------------------+-------------------+--------------+-------------------+--------------+---------+-----------+-----------+------+--------------+-------------------------------------------------------------------------------------------------------------------------+--------------+
; |main                                     ; 55 (0)            ; 57 (0)       ; 0                 ; 0            ; 0       ; 0         ; 0         ; 19   ; 0            ; |main                                                                                                                   ; work         ;
;    |pipe_generator:u1|                    ; 55 (38)           ; 57 (40)      ; 0                 ; 0            ; 0       ; 0         ; 0         ; 0    ; 0            ; |main|pipe_generator:u1                                                                                                 ;              ;
;       |lfsr:lfsr_inst|                    ; 12 (12)           ; 17 (17)      ; 0                 ; 0            ; 0       ; 0         ; 0         ; 0    ; 0            ; |main|pipe_generator:u1|lfsr:lfsr_inst                                                                                  ; work         ;
;       |lpm_divide:Mod0|                   ; 5 (0)             ; 0 (0)        ; 0                 ; 0            ; 0       ; 0         ; 0         ; 0    ; 0            ; |main|pipe_generator:u1|lpm_divide:Mod0                                                                                 ;              ;
;          |lpm_divide_26m:auto_generated|  ; 5 (0)             ; 0 (0)        ; 0                 ; 0            ; 0       ; 0         ; 0         ; 0    ; 0            ; |main|pipe_generator:u1|lpm_divide:Mod0|lpm_divide_26m:auto_generated                                                   ;              ;
;             |sign_div_unsign_7kh:divider| ; 5 (0)             ; 0 (0)        ; 0                 ; 0            ; 0       ; 0         ; 0         ; 0    ; 0            ; |main|pipe_generator:u1|lpm_divide:Mod0|lpm_divide_26m:auto_generated|sign_div_unsign_7kh:divider                       ;              ;
;                |alt_u_div_i0f:divider|    ; 5 (5)             ; 0 (0)        ; 0                 ; 0            ; 0       ; 0         ; 0         ; 0    ; 0            ; |main|pipe_generator:u1|lpm_divide:Mod0|lpm_divide_26m:auto_generated|sign_div_unsign_7kh:divider|alt_u_div_i0f:divider ;              ;
+-------------------------------------------+-------------------+--------------+-------------------+--------------+---------+-----------+-----------+------+--------------+-------------------------------------------------------------------------------------------------------------------------+--------------+
Note: For table entries with two numbers listed, the numbers in parentheses indicate the number of resources of the given type used by the specific entity alone. The numbers listed outside of parentheses indicate the total resources of the given type used by the specific entity and all of its sub-entities in the hierarchy.


+------------------------------------------------------+
; General Register Statistics                          ;
+----------------------------------------------+-------+
; Statistic                                    ; Value ;
+----------------------------------------------+-------+
; Total registers                              ; 57    ;
; Number of registers using Synchronous Clear  ; 0     ;
; Number of registers using Synchronous Load   ; 4     ;
; Number of registers using Asynchronous Clear ; 0     ;
; Number of registers using Asynchronous Load  ; 0     ;
; Number of registers using Clock Enable       ; 57    ;
; Number of registers using Preset             ; 0     ;
+----------------------------------------------+-------+


+---------------------------------------------------------+
; Inverted Register Statistics                            ;
+-----------------------------------------------+---------+
; Inverted Register                             ; Fan out ;
+-----------------------------------------------+---------+
; pipe_generator:u1|pipes[0]                    ; 1       ;
; pipe_generator:u1|pipes[1]                    ; 1       ;
; pipe_generator:u1|pipes[2]                    ; 1       ;
; pipe_generator:u1|pipes[3]                    ; 1       ;
; pipe_generator:u1|pipes[4]                    ; 1       ;
; pipe_generator:u1|pipes[5]                    ; 1       ;
; pipe_generator:u1|pipes[6]                    ; 1       ;
; pipe_generator:u1|pipes[7]                    ; 1       ;
; pipe_generator:u1|pipes[8]                    ; 1       ;
; pipe_generator:u1|pipes[9]                    ; 1       ;
; pipe_generator:u1|pipes[10]                   ; 1       ;
; pipe_generator:u1|pipes[11]                   ; 1       ;
; pipe_generator:u1|pipes[12]                   ; 1       ;
; pipe_generator:u1|pipes[13]                   ; 1       ;
; pipe_generator:u1|pipes[14]                   ; 1       ;
; pipe_generator:u1|pipes[15]                   ; 1       ;
; pipe_generator:u1|lfsr:lfsr_inst|lfsr_reg[0]  ; 3       ;
; pipe_generator:u1|lfsr:lfsr_inst|lfsr_reg[3]  ; 4       ;
; pipe_generator:u1|pipe_x[2]                   ; 3       ;
; pipe_generator:u1|pipe_x[0]                   ; 5       ;
; pipe_generator:u1|pipe_x[1]                   ; 4       ;
; pipe_generator:u1|pipe_x[3]                   ; 2       ;
; pipe_generator:u1|lfsr:lfsr_inst|lfsr_reg[12] ; 2       ;
; pipe_generator:u1|lfsr:lfsr_inst|lfsr_reg[15] ; 1       ;
; pipe_generator:u1|lfsr:lfsr_inst|lfsr_reg[11] ; 1       ;
; pipe_generator:u1|lfsr:lfsr_inst|lfsr_reg[8]  ; 1       ;
; pipe_generator:u1|lfsr:lfsr_inst|lfsr_reg[7]  ; 1       ;
; pipe_generator:u1|lfsr:lfsr_inst|lfsr_reg[4]  ; 1       ;
; Total number of inverted registers = 28       ;         ;
+-----------------------------------------------+---------+


+------------------------------------------------------------------------------------+
; Parameter Settings for Inferred Entity Instance: pipe_generator:u1|lpm_divide:Mod0 ;
+------------------------+----------------+------------------------------------------+
; Parameter Name         ; Value          ; Type                                     ;
+------------------------+----------------+------------------------------------------+
; LPM_WIDTHN             ; 4              ; Untyped                                  ;
; LPM_WIDTHD             ; 4              ; Untyped                                  ;
; LPM_NREPRESENTATION    ; UNSIGNED       ; Untyped                                  ;
; LPM_DREPRESENTATION    ; UNSIGNED       ; Untyped                                  ;
; LPM_PIPELINE           ; 0              ; Untyped                                  ;
; LPM_REMAINDERPOSITIVE  ; TRUE           ; Untyped                                  ;
; MAXIMIZE_SPEED         ; 5              ; Untyped                                  ;
; CBXI_PARAMETER         ; lpm_divide_26m ; Untyped                                  ;
; CARRY_CHAIN            ; MANUAL         ; Untyped                                  ;
; OPTIMIZE_FOR_SPEED     ; 5              ; Untyped                                  ;
; AUTO_CARRY_CHAINS      ; ON             ; AUTO_CARRY                               ;
; IGNORE_CARRY_BUFFERS   ; OFF            ; IGNORE_CARRY                             ;
; AUTO_CASCADE_CHAINS    ; ON             ; AUTO_CASCADE                             ;
; IGNORE_CASCADE_BUFFERS ; OFF            ; IGNORE_CASCADE                           ;
+------------------------+----------------+------------------------------------------+
Note: In order to hide this table in the UI and the text report file, please set the "Show Parameter Settings Tables in Synthesis Report" option in "Analysis and Synthesis Settings -> More Settings" to "Off".


+----------------------------------------------------------------------------------------------------------------------+
; Port Connectivity Checks: "pipe_generator:u1|lfsr:lfsr_inst"                                                         ;
+------------+--------+----------+-------------------------------------------------------------------------------------+
; Port       ; Type   ; Severity ; Details                                                                             ;
+------------+--------+----------+-------------------------------------------------------------------------------------+
; rst        ; Input  ; Info     ; Stuck at GND                                                                        ;
; rnd[15..4] ; Output ; Info     ; Connected to dangling logic. Logic that only feeds a dangling port will be removed. ;
+------------+--------+----------+-------------------------------------------------------------------------------------+


+------------------------------------------------------------------------------------------------------------------+
; Port Connectivity Checks: "clock_divider:u0"                                                                     ;
+---------+-------+----------+-------------------------------------------------------------------------------------+
; Port    ; Type  ; Severity ; Details                                                                             ;
+---------+-------+----------+-------------------------------------------------------------------------------------+
; clk_div ; Bidir ; Warning  ; Connected to dangling logic. Logic that only feeds a dangling port will be removed. ;
+---------+-------+----------+-------------------------------------------------------------------------------------+


+-------------------------------+
; Analysis & Synthesis Messages ;
+-------------------------------+
Info: *******************************************************************
Info: Running Quartus II Analysis & Synthesis
    Info: Version 9.1 Build 350 03/24/2010 Service Pack 2 SJ Web Edition
    Info: Processing started: Mon Jun 03 19:01:27 2024
Info: Command: quartus_map --read_settings_files=on --write_settings_files=off main -c main
Info: Found 2 design units, including 1 entities, in source file clock_divider.vhd
    Info: Found design unit 1: clock_divider-Behavioral
    Info: Found entity 1: clock_divider
Info: Found 2 design units, including 1 entities, in source file main.vhd
    Info: Found design unit 1: main-structural
    Info: Found entity 1: main
Info: Found 2 design units, including 1 entities, in source file pipe_generator.vhd
    Info: Found design unit 1: pipe_generator-Behavioral
    Info: Found entity 1: pipe_generator
Info: Found 2 design units, including 1 entities, in source file lfsr.vhd
    Info: Found design unit 1: lfsr-Behavioral
    Info: Found entity 1: lfsr
Info: Elaborating entity "main" for the top level hierarchy
Info: Elaborating entity "clock_divider" for hierarchy "clock_divider:u0"
Info: Elaborating entity "pipe_generator" for hierarchy "pipe_generator:u1"
Info: Elaborating entity "lfsr" for hierarchy "pipe_generator:u1|lfsr:lfsr_inst"
Info: Inferred 1 megafunctions from design logic
    Info: Inferred divider/modulo megafunction ("lpm_divide") from the following logic: "pipe_generator:u1|Mod0"
Info: Elaborated megafunction instantiation "pipe_generator:u1|lpm_divide:Mod0"
Info: Instantiated megafunction "pipe_generator:u1|lpm_divide:Mod0" with the following parameter:
    Info: Parameter "LPM_WIDTHN" = "4"
    Info: Parameter "LPM_WIDTHD" = "4"
    Info: Parameter "LPM_NREPRESENTATION" = "UNSIGNED"
    Info: Parameter "LPM_DREPRESENTATION" = "UNSIGNED"
Info: Found 1 design units, including 1 entities, in source file db/lpm_divide_26m.tdf
    Info: Found entity 1: lpm_divide_26m
Info: Found 1 design units, including 1 entities, in source file db/sign_div_unsign_7kh.tdf
    Info: Found entity 1: sign_div_unsign_7kh
Info: Found 1 design units, including 1 entities, in source file db/alt_u_div_i0f.tdf
    Info: Found entity 1: alt_u_div_i0f
Warning: 1 hierarchies have connectivity warnings - see the Connectivity Checks report folder
Info: Implemented 81 device resources after synthesis - the final resource count might be different
    Info: Implemented 3 input pins
    Info: Implemented 16 output pins
    Info: Implemented 62 logic cells
Info: Quartus II Analysis & Synthesis was successful. 0 errors, 1 warning
    Info: Peak virtual memory: 190 megabytes
    Info: Processing ended: Mon Jun 03 19:01:30 2024
    Info: Elapsed time: 00:00:03
    Info: Total CPU time (on all processors): 00:00:03


