Classic Timing Analyzer report for Q7
Mon May 06 11:47:55 2024
Quartus II Version 9.1 Build 350 03/24/2010 Service Pack 2 SJ Web Edition


---------------------
; Table of Contents ;
---------------------
  1. Legal Notice
  2. Timing Analyzer Summary
  3. Timing Analyzer Settings
  4. Clock Settings Summary
  5. Parallel Compilation
  6. Clock Setup: 'clk'
  7. tsu
  8. tco
  9. tpd
 10. th
 11. Timing Analyzer Messages



----------------
; Legal Notice ;
----------------
Copyright (C) 1991-2010 Altera Corporation
Your use of Altera Corporation's design tools, logic functions 
and other software and tools, and its AMPP partner logic 
functions, and any output files from any of the foregoing 
(including device programming or simulation files), and any 
associated documentation or information are expressly subject 
to the terms and conditions of the Altera Program License 
Subscription Agreement, Altera MegaCore Function License 
Agreement, or other applicable license agreement, including, 
without limitation, that your use is for the sole purpose of 
programming logic devices manufactured by Altera and sold by 
Altera or its authorized distributors.  Please refer to the 
applicable agreement for further details.



+----------------------------------------------------------------------------------------------------------------------------------------------------------------------+
; Timing Analyzer Summary                                                                                                                                              ;
+------------------------------+-------+---------------+------------------------------------------------+-----------+-----------+------------+----------+--------------+
; Type                         ; Slack ; Required Time ; Actual Time                                    ; From      ; To        ; From Clock ; To Clock ; Failed Paths ;
+------------------------------+-------+---------------+------------------------------------------------+-----------+-----------+------------+----------+--------------+
; Worst-case tsu               ; N/A   ; None          ; 2.660 ns                                       ; D         ; \gen:0:DF ; --         ; clk      ; 0            ;
; Worst-case tco               ; N/A   ; None          ; 7.279 ns                                       ; \gen:2:DF ; Q[3]      ; clk        ; --       ; 0            ;
; Worst-case tpd               ; N/A   ; None          ; 6.716 ns                                       ; D         ; Q[0]      ; --         ; --       ; 0            ;
; Worst-case th                ; N/A   ; None          ; -2.421 ns                                      ; D         ; \gen:0:DF ; --         ; clk      ; 0            ;
; Clock Setup: 'clk'           ; N/A   ; None          ; Restricted to 500.00 MHz ( period = 2.000 ns ) ; \gen:1:DF ; \gen:2:DF ; clk        ; clk      ; 0            ;
; Total number of failed paths ;       ;               ;                                                ;           ;           ;            ;          ; 0            ;
+------------------------------+-------+---------------+------------------------------------------------+-----------+-----------+------------+----------+--------------+


+-----------------------------------------------------------------------------------------------------------------------------------------------------+
; Timing Analyzer Settings                                                                                                                            ;
+------------------------------------------------------------------------------------------------------+--------------------+------+----+-------------+
; Option                                                                                               ; Setting            ; From ; To ; Entity Name ;
+------------------------------------------------------------------------------------------------------+--------------------+------+----+-------------+
; Device Name                                                                                          ; EP2S15F484C3       ;      ;    ;             ;
; Timing Models                                                                                        ; Final              ;      ;    ;             ;
; Default hold multicycle                                                                              ; Same as Multicycle ;      ;    ;             ;
; Cut paths between unrelated clock domains                                                            ; On                 ;      ;    ;             ;
; Cut off read during write signal paths                                                               ; On                 ;      ;    ;             ;
; Cut off feedback from I/O pins                                                                       ; On                 ;      ;    ;             ;
; Report Combined Fast/Slow Timing                                                                     ; Off                ;      ;    ;             ;
; Ignore Clock Settings                                                                                ; Off                ;      ;    ;             ;
; Analyze latches as synchronous elements                                                              ; On                 ;      ;    ;             ;
; Enable Recovery/Removal analysis                                                                     ; Off                ;      ;    ;             ;
; Enable Clock Latency                                                                                 ; Off                ;      ;    ;             ;
; Use TimeQuest Timing Analyzer                                                                        ; Off                ;      ;    ;             ;
; Number of source nodes to report per destination node                                                ; 10                 ;      ;    ;             ;
; Number of destination nodes to report                                                                ; 10                 ;      ;    ;             ;
; Number of paths to report                                                                            ; 200                ;      ;    ;             ;
; Report Minimum Timing Checks                                                                         ; Off                ;      ;    ;             ;
; Use Fast Timing Models                                                                               ; Off                ;      ;    ;             ;
; Report IO Paths Separately                                                                           ; Off                ;      ;    ;             ;
; Perform Multicorner Analysis                                                                         ; On                 ;      ;    ;             ;
; Reports the worst-case path for each clock domain and analysis                                       ; Off                ;      ;    ;             ;
; Reports worst-case timing paths for each clock domain and analysis                                   ; Off                ;      ;    ;             ;
; Specifies the maximum number of worst-case timing paths to report for each clock domain and analysis ; 100                ;      ;    ;             ;
; Removes common clock path pessimism (CCPP) during slack computation                                  ; Off                ;      ;    ;             ;
; Output I/O Timing Endpoint                                                                           ; Near End           ;      ;    ;             ;
+------------------------------------------------------------------------------------------------------+--------------------+------+----+-------------+


+------------------------------------------------------------------------------------------------------------------------------------------------------------------------------------+
; Clock Settings Summary                                                                                                                                                             ;
+-----------------+--------------------+----------+------------------+---------------+--------------+----------+-----------------------+---------------------+--------+--------------+
; Clock Node Name ; Clock Setting Name ; Type     ; Fmax Requirement ; Early Latency ; Late Latency ; Based on ; Multiply Base Fmax by ; Divide Base Fmax by ; Offset ; Phase offset ;
+-----------------+--------------------+----------+------------------+---------------+--------------+----------+-----------------------+---------------------+--------+--------------+
; clk             ;                    ; User Pin ; None             ; 0.000 ns      ; 0.000 ns     ; --       ; N/A                   ; N/A                 ; N/A    ;              ;
+-----------------+--------------------+----------+------------------+---------------+--------------+----------+-----------------------+---------------------+--------+--------------+


Parallel compilation was disabled, but you have multiple processors available. Enable parallel compilation to reduce compilation time.
+-------------------------------------+
; Parallel Compilation                ;
+----------------------------+--------+
; Processors                 ; Number ;
+----------------------------+--------+
; Number detected on machine ; 12     ;
; Maximum allowed            ; 1      ;
+----------------------------+--------+


+--------------------------------------------------------------------------------------------------------------------------------------------------------------------------------------------+
; Clock Setup: 'clk'                                                                                                                                                                         ;
+-------+------------------------------------------------+-----------+-----------+------------+----------+-----------------------------+---------------------------+-------------------------+
; Slack ; Actual fmax (period)                           ; From      ; To        ; From Clock ; To Clock ; Required Setup Relationship ; Required Longest P2P Time ; Actual Longest P2P Time ;
+-------+------------------------------------------------+-----------+-----------+------------+----------+-----------------------------+---------------------------+-------------------------+
; N/A   ; Restricted to 500.00 MHz ( period = 2.000 ns ) ; \gen:1:DF ; \gen:2:DF ; clk        ; clk      ; None                        ; None                      ; 0.573 ns                ;
; N/A   ; Restricted to 500.00 MHz ( period = 2.000 ns ) ; \gen:0:DF ; \gen:1:DF ; clk        ; clk      ; None                        ; None                      ; 0.414 ns                ;
+-------+------------------------------------------------+-----------+-----------+------------+----------+-----------------------------+---------------------------+-------------------------+


+-----------------------------------------------------------------+
; tsu                                                             ;
+-------+--------------+------------+------+-----------+----------+
; Slack ; Required tsu ; Actual tsu ; From ; To        ; To Clock ;
+-------+--------------+------------+------+-----------+----------+
; N/A   ; None         ; 2.660 ns   ; D    ; \gen:0:DF ; clk      ;
+-------+--------------+------------+------+-----------+----------+


+-------------------------------------------------------------------+
; tco                                                               ;
+-------+--------------+------------+-----------+------+------------+
; Slack ; Required tco ; Actual tco ; From      ; To   ; From Clock ;
+-------+--------------+------------+-----------+------+------------+
; N/A   ; None         ; 7.279 ns   ; \gen:2:DF ; Q[3] ; clk        ;
; N/A   ; None         ; 6.472 ns   ; \gen:0:DF ; Q[1] ; clk        ;
; N/A   ; None         ; 5.650 ns   ; \gen:1:DF ; Q[2] ; clk        ;
+-------+--------------+------------+-----------+------+------------+


+-----------------------------------------------------------+
; tpd                                                       ;
+-------+-------------------+-----------------+------+------+
; Slack ; Required P2P Time ; Actual P2P Time ; From ; To   ;
+-------+-------------------+-----------------+------+------+
; N/A   ; None              ; 6.716 ns        ; D    ; Q[0] ;
+-------+-------------------+-----------------+------+------+


+-----------------------------------------------------------------------+
; th                                                                    ;
+---------------+-------------+-----------+------+-----------+----------+
; Minimum Slack ; Required th ; Actual th ; From ; To        ; To Clock ;
+---------------+-------------+-----------+------+-----------+----------+
; N/A           ; None        ; -2.421 ns ; D    ; \gen:0:DF ; clk      ;
+---------------+-------------+-----------+------+-----------+----------+


+--------------------------+
; Timing Analyzer Messages ;
+--------------------------+
Info: *******************************************************************
Info: Running Quartus II Classic Timing Analyzer
    Info: Version 9.1 Build 350 03/24/2010 Service Pack 2 SJ Web Edition
    Info: Processing started: Mon May 06 11:47:55 2024
Info: Command: quartus_tan --read_settings_files=off --write_settings_files=off Q7 -c Q7 --timing_analysis_only
Warning: Found pins functioning as undefined clocks and/or memory enables
    Info: Assuming node "clk" is an undefined clock
Info: Clock "clk" Internal fmax is restricted to 500.0 MHz between source register "\gen:1:DF" and destination register "\gen:2:DF"
    Info: fmax restricted to clock pin edge rate 2.0 ns. Expand message to see actual delay path.
        Info: + Longest register to register delay is 0.573 ns
            Info: 1: + IC(0.000 ns) + CELL(0.000 ns) = 0.000 ns; Loc. = LCFF_X39_Y11_N3; Fanout = 2; REG Node = '\gen:1:DF'
            Info: 2: + IC(0.365 ns) + CELL(0.053 ns) = 0.418 ns; Loc. = LCCOMB_X39_Y11_N20; Fanout = 1; COMB Node = '\gen:2:DF~feeder'
            Info: 3: + IC(0.000 ns) + CELL(0.155 ns) = 0.573 ns; Loc. = LCFF_X39_Y11_N21; Fanout = 1; REG Node = '\gen:2:DF'
            Info: Total cell delay = 0.208 ns ( 36.30 % )
            Info: Total interconnect delay = 0.365 ns ( 63.70 % )
        Info: - Smallest clock skew is 0.000 ns
            Info: + Shortest clock path from clock "clk" to destination register is 2.494 ns
                Info: 1: + IC(0.000 ns) + CELL(0.854 ns) = 0.854 ns; Loc. = PIN_N20; Fanout = 1; CLK Node = 'clk'
                Info: 2: + IC(0.343 ns) + CELL(0.000 ns) = 1.197 ns; Loc. = CLKCTRL_G3; Fanout = 3; COMB Node = 'clk~clkctrl'
                Info: 3: + IC(0.679 ns) + CELL(0.618 ns) = 2.494 ns; Loc. = LCFF_X39_Y11_N21; Fanout = 1; REG Node = '\gen:2:DF'
                Info: Total cell delay = 1.472 ns ( 59.02 % )
                Info: Total interconnect delay = 1.022 ns ( 40.98 % )
            Info: - Longest clock path from clock "clk" to source register is 2.494 ns
                Info: 1: + IC(0.000 ns) + CELL(0.854 ns) = 0.854 ns; Loc. = PIN_N20; Fanout = 1; CLK Node = 'clk'
                Info: 2: + IC(0.343 ns) + CELL(0.000 ns) = 1.197 ns; Loc. = CLKCTRL_G3; Fanout = 3; COMB Node = 'clk~clkctrl'
                Info: 3: + IC(0.679 ns) + CELL(0.618 ns) = 2.494 ns; Loc. = LCFF_X39_Y11_N3; Fanout = 2; REG Node = '\gen:1:DF'
                Info: Total cell delay = 1.472 ns ( 59.02 % )
                Info: Total interconnect delay = 1.022 ns ( 40.98 % )
        Info: + Micro clock to output delay of source is 0.094 ns
        Info: + Micro setup delay of destination is 0.090 ns
Info: tsu for register "\gen:0:DF" (data pin = "D", clock pin = "clk") is 2.660 ns
    Info: + Longest pin to register delay is 5.064 ns
        Info: 1: + IC(0.000 ns) + CELL(0.780 ns) = 0.780 ns; Loc. = PIN_R7; Fanout = 2; PIN Node = 'D'
        Info: 2: + IC(4.076 ns) + CELL(0.053 ns) = 4.909 ns; Loc. = LCCOMB_X39_Y11_N0; Fanout = 1; COMB Node = '\gen:0:DF~feeder'
        Info: 3: + IC(0.000 ns) + CELL(0.155 ns) = 5.064 ns; Loc. = LCFF_X39_Y11_N1; Fanout = 2; REG Node = '\gen:0:DF'
        Info: Total cell delay = 0.988 ns ( 19.51 % )
        Info: Total interconnect delay = 4.076 ns ( 80.49 % )
    Info: + Micro setup delay of destination is 0.090 ns
    Info: - Shortest clock path from clock "clk" to destination register is 2.494 ns
        Info: 1: + IC(0.000 ns) + CELL(0.854 ns) = 0.854 ns; Loc. = PIN_N20; Fanout = 1; CLK Node = 'clk'
        Info: 2: + IC(0.343 ns) + CELL(0.000 ns) = 1.197 ns; Loc. = CLKCTRL_G3; Fanout = 3; COMB Node = 'clk~clkctrl'
        Info: 3: + IC(0.679 ns) + CELL(0.618 ns) = 2.494 ns; Loc. = LCFF_X39_Y11_N1; Fanout = 2; REG Node = '\gen:0:DF'
        Info: Total cell delay = 1.472 ns ( 59.02 % )
        Info: Total interconnect delay = 1.022 ns ( 40.98 % )
Info: tco from clock "clk" to destination pin "Q[3]" through register "\gen:2:DF" is 7.279 ns
    Info: + Longest clock path from clock "clk" to source register is 2.494 ns
        Info: 1: + IC(0.000 ns) + CELL(0.854 ns) = 0.854 ns; Loc. = PIN_N20; Fanout = 1; CLK Node = 'clk'
        Info: 2: + IC(0.343 ns) + CELL(0.000 ns) = 1.197 ns; Loc. = CLKCTRL_G3; Fanout = 3; COMB Node = 'clk~clkctrl'
        Info: 3: + IC(0.679 ns) + CELL(0.618 ns) = 2.494 ns; Loc. = LCFF_X39_Y11_N21; Fanout = 1; REG Node = '\gen:2:DF'
        Info: Total cell delay = 1.472 ns ( 59.02 % )
        Info: Total interconnect delay = 1.022 ns ( 40.98 % )
    Info: + Micro clock to output delay of source is 0.094 ns
    Info: + Longest register to pin delay is 4.691 ns
        Info: 1: + IC(0.000 ns) + CELL(0.000 ns) = 0.000 ns; Loc. = LCFF_X39_Y11_N21; Fanout = 1; REG Node = '\gen:2:DF'
        Info: 2: + IC(2.729 ns) + CELL(1.962 ns) = 4.691 ns; Loc. = PIN_Y14; Fanout = 0; PIN Node = 'Q[3]'
        Info: Total cell delay = 1.962 ns ( 41.82 % )
        Info: Total interconnect delay = 2.729 ns ( 58.18 % )
Info: Longest tpd from source pin "D" to destination pin "Q[0]" is 6.716 ns
    Info: 1: + IC(0.000 ns) + CELL(0.780 ns) = 0.780 ns; Loc. = PIN_R7; Fanout = 2; PIN Node = 'D'
    Info: 2: + IC(3.802 ns) + CELL(2.134 ns) = 6.716 ns; Loc. = PIN_R3; Fanout = 0; PIN Node = 'Q[0]'
    Info: Total cell delay = 2.914 ns ( 43.39 % )
    Info: Total interconnect delay = 3.802 ns ( 56.61 % )
Info: th for register "\gen:0:DF" (data pin = "D", clock pin = "clk") is -2.421 ns
    Info: + Longest clock path from clock "clk" to destination register is 2.494 ns
        Info: 1: + IC(0.000 ns) + CELL(0.854 ns) = 0.854 ns; Loc. = PIN_N20; Fanout = 1; CLK Node = 'clk'
        Info: 2: + IC(0.343 ns) + CELL(0.000 ns) = 1.197 ns; Loc. = CLKCTRL_G3; Fanout = 3; COMB Node = 'clk~clkctrl'
        Info: 3: + IC(0.679 ns) + CELL(0.618 ns) = 2.494 ns; Loc. = LCFF_X39_Y11_N1; Fanout = 2; REG Node = '\gen:0:DF'
        Info: Total cell delay = 1.472 ns ( 59.02 % )
        Info: Total interconnect delay = 1.022 ns ( 40.98 % )
    Info: + Micro hold delay of destination is 0.149 ns
    Info: - Shortest pin to register delay is 5.064 ns
        Info: 1: + IC(0.000 ns) + CELL(0.780 ns) = 0.780 ns; Loc. = PIN_R7; Fanout = 2; PIN Node = 'D'
        Info: 2: + IC(4.076 ns) + CELL(0.053 ns) = 4.909 ns; Loc. = LCCOMB_X39_Y11_N0; Fanout = 1; COMB Node = '\gen:0:DF~feeder'
        Info: 3: + IC(0.000 ns) + CELL(0.155 ns) = 5.064 ns; Loc. = LCFF_X39_Y11_N1; Fanout = 2; REG Node = '\gen:0:DF'
        Info: Total cell delay = 0.988 ns ( 19.51 % )
        Info: Total interconnect delay = 4.076 ns ( 80.49 % )
Info: Quartus II Classic Timing Analyzer was successful. 0 errors, 1 warning
    Info: Peak virtual memory: 180 megabytes
    Info: Processing ended: Mon May 06 11:47:55 2024
    Info: Elapsed time: 00:00:00
    Info: Total CPU time (on all processors): 00:00:00


