Classic Timing Analyzer report for Q5
Sun Jun 09 00:09:33 2019
Quartus II Version 9.1 Build 350 03/24/2010 Service Pack 2 SJ Web Edition


---------------------
; Table of Contents ;
---------------------
  1. Legal Notice
  2. Timing Analyzer Summary
  3. Timing Analyzer Settings
  4. Clock Settings Summary
  5. Parallel Compilation
  6. Clock Setup: 'clk'
  7. tsu
  8. tco
  9. th
 10. Timing Analyzer Messages



----------------
; Legal Notice ;
----------------
Copyright (C) 1991-2010 Altera Corporation
Your use of Altera Corporation's design tools, logic functions 
and other software and tools, and its AMPP partner logic 
functions, and any output files from any of the foregoing 
(including device programming or simulation files), and any 
associated documentation or information are expressly subject 
to the terms and conditions of the Altera Program License 
Subscription Agreement, Altera MegaCore Function License 
Agreement, or other applicable license agreement, including, 
without limitation, that your use is for the sole purpose of 
programming logic devices manufactured by Altera and sold by 
Altera or its authorized distributors.  Please refer to the 
applicable agreement for further details.



+-------------------------------------------------------------------------------------------------------------------------------------------------------------------------+
; Timing Analyzer Summary                                                                                                                                                 ;
+------------------------------+-------+---------------+----------------------------------+-------------------+--------------------+------------+----------+--------------+
; Type                         ; Slack ; Required Time ; Actual Time                      ; From              ; To                 ; From Clock ; To Clock ; Failed Paths ;
+------------------------------+-------+---------------+----------------------------------+-------------------+--------------------+------------+----------+--------------+
; Worst-case tsu               ; N/A   ; None          ; 5.862 ns                         ; x                 ; q[1]~reg0          ; --         ; clk      ; 0            ;
; Worst-case tco               ; N/A   ; None          ; 6.459 ns                         ; q[2]~reg0         ; q[2]               ; clk        ; --       ; 0            ;
; Worst-case th                ; N/A   ; None          ; -3.507 ns                        ; x                 ; \count:counter[26] ; --         ; clk      ; 0            ;
; Clock Setup: 'clk'           ; N/A   ; None          ; 166.42 MHz ( period = 6.009 ns ) ; \count:counter[1] ; q[1]~reg0          ; clk        ; clk      ; 0            ;
; Total number of failed paths ;       ;               ;                                  ;                   ;                    ;            ;          ; 0            ;
+------------------------------+-------+---------------+----------------------------------+-------------------+--------------------+------------+----------+--------------+


+-----------------------------------------------------------------------------------------------------------------------------------------------------+
; Timing Analyzer Settings                                                                                                                            ;
+------------------------------------------------------------------------------------------------------+--------------------+------+----+-------------+
; Option                                                                                               ; Setting            ; From ; To ; Entity Name ;
+------------------------------------------------------------------------------------------------------+--------------------+------+----+-------------+
; Device Name                                                                                          ; EP2S15F484C3       ;      ;    ;             ;
; Timing Models                                                                                        ; Final              ;      ;    ;             ;
; Default hold multicycle                                                                              ; Same as Multicycle ;      ;    ;             ;
; Cut paths between unrelated clock domains                                                            ; On                 ;      ;    ;             ;
; Cut off read during write signal paths                                                               ; On                 ;      ;    ;             ;
; Cut off feedback from I/O pins                                                                       ; On                 ;      ;    ;             ;
; Report Combined Fast/Slow Timing                                                                     ; Off                ;      ;    ;             ;
; Ignore Clock Settings                                                                                ; Off                ;      ;    ;             ;
; Analyze latches as synchronous elements                                                              ; On                 ;      ;    ;             ;
; Enable Recovery/Removal analysis                                                                     ; Off                ;      ;    ;             ;
; Enable Clock Latency                                                                                 ; Off                ;      ;    ;             ;
; Use TimeQuest Timing Analyzer                                                                        ; Off                ;      ;    ;             ;
; Number of source nodes to report per destination node                                                ; 10                 ;      ;    ;             ;
; Number of destination nodes to report                                                                ; 10                 ;      ;    ;             ;
; Number of paths to report                                                                            ; 200                ;      ;    ;             ;
; Report Minimum Timing Checks                                                                         ; Off                ;      ;    ;             ;
; Use Fast Timing Models                                                                               ; Off                ;      ;    ;             ;
; Report IO Paths Separately                                                                           ; Off                ;      ;    ;             ;
; Perform Multicorner Analysis                                                                         ; On                 ;      ;    ;             ;
; Reports the worst-case path for each clock domain and analysis                                       ; Off                ;      ;    ;             ;
; Reports worst-case timing paths for each clock domain and analysis                                   ; Off                ;      ;    ;             ;
; Specifies the maximum number of worst-case timing paths to report for each clock domain and analysis ; 100                ;      ;    ;             ;
; Removes common clock path pessimism (CCPP) during slack computation                                  ; Off                ;      ;    ;             ;
; Output I/O Timing Endpoint                                                                           ; Near End           ;      ;    ;             ;
+------------------------------------------------------------------------------------------------------+--------------------+------+----+-------------+


+------------------------------------------------------------------------------------------------------------------------------------------------------------------------------------+
; Clock Settings Summary                                                                                                                                                             ;
+-----------------+--------------------+----------+------------------+---------------+--------------+----------+-----------------------+---------------------+--------+--------------+
; Clock Node Name ; Clock Setting Name ; Type     ; Fmax Requirement ; Early Latency ; Late Latency ; Based on ; Multiply Base Fmax by ; Divide Base Fmax by ; Offset ; Phase offset ;
+-----------------+--------------------+----------+------------------+---------------+--------------+----------+-----------------------+---------------------+--------+--------------+
; clk             ;                    ; User Pin ; None             ; 0.000 ns      ; 0.000 ns     ; --       ; N/A                   ; N/A                 ; N/A    ;              ;
+-----------------+--------------------+----------+------------------+---------------+--------------+----------+-----------------------+---------------------+--------+--------------+


Parallel compilation was disabled, but you have multiple processors available. Enable parallel compilation to reduce compilation time.
+-------------------------------------+
; Parallel Compilation                ;
+----------------------------+--------+
; Processors                 ; Number ;
+----------------------------+--------+
; Number detected on machine ; 2      ;
; Maximum allowed            ; 1      ;
+----------------------------+--------+


+-----------------------------------------------------------------------------------------------------------------------------------------------------------------------------------------------------------------------------------------------------+
; Clock Setup: 'clk'                                                                                                                                                                                                                                  ;
+-----------------------------------------+-----------------------------------------------------+--------------------+--------------------+------------+----------+-----------------------------+---------------------------+-------------------------+
; Slack                                   ; Actual fmax (period)                                ; From               ; To                 ; From Clock ; To Clock ; Required Setup Relationship ; Required Longest P2P Time ; Actual Longest P2P Time ;
+-----------------------------------------+-----------------------------------------------------+--------------------+--------------------+------------+----------+-----------------------------+---------------------------+-------------------------+
; N/A                                     ; 166.42 MHz ( period = 6.009 ns )                    ; \count:counter[1]  ; q[1]~reg0          ; clk        ; clk      ; None                        ; None                      ; 5.825 ns                ;
; N/A                                     ; 166.69 MHz ( period = 5.999 ns )                    ; \count:counter[2]  ; q[1]~reg0          ; clk        ; clk      ; None                        ; None                      ; 5.815 ns                ;
; N/A                                     ; 166.78 MHz ( period = 5.996 ns )                    ; \count:counter[3]  ; q[1]~reg0          ; clk        ; clk      ; None                        ; None                      ; 5.807 ns                ;
; N/A                                     ; 167.59 MHz ( period = 5.967 ns )                    ; \count:counter[5]  ; q[1]~reg0          ; clk        ; clk      ; None                        ; None                      ; 5.778 ns                ;
; N/A                                     ; 168.52 MHz ( period = 5.934 ns )                    ; \count:counter[6]  ; q[1]~reg0          ; clk        ; clk      ; None                        ; None                      ; 5.745 ns                ;
; N/A                                     ; 169.38 MHz ( period = 5.904 ns )                    ; \count:counter[4]  ; q[1]~reg0          ; clk        ; clk      ; None                        ; None                      ; 5.715 ns                ;
; N/A                                     ; 169.66 MHz ( period = 5.894 ns )                    ; \count:counter[1]  ; q[0]~reg0          ; clk        ; clk      ; None                        ; None                      ; 5.710 ns                ;
; N/A                                     ; 169.95 MHz ( period = 5.884 ns )                    ; \count:counter[2]  ; q[0]~reg0          ; clk        ; clk      ; None                        ; None                      ; 5.700 ns                ;
; N/A                                     ; 170.04 MHz ( period = 5.881 ns )                    ; \count:counter[3]  ; q[0]~reg0          ; clk        ; clk      ; None                        ; None                      ; 5.692 ns                ;
; N/A                                     ; 170.88 MHz ( period = 5.852 ns )                    ; \count:counter[5]  ; q[0]~reg0          ; clk        ; clk      ; None                        ; None                      ; 5.663 ns                ;
; N/A                                     ; 171.50 MHz ( period = 5.831 ns )                    ; \count:counter[1]  ; q[2]~reg0          ; clk        ; clk      ; None                        ; None                      ; 5.647 ns                ;
; N/A                                     ; 171.64 MHz ( period = 5.826 ns )                    ; \count:counter[7]  ; q[1]~reg0          ; clk        ; clk      ; None                        ; None                      ; 5.637 ns                ;
; N/A                                     ; 171.79 MHz ( period = 5.821 ns )                    ; \count:counter[2]  ; q[2]~reg0          ; clk        ; clk      ; None                        ; None                      ; 5.637 ns                ;
; N/A                                     ; 171.85 MHz ( period = 5.819 ns )                    ; \count:counter[6]  ; q[0]~reg0          ; clk        ; clk      ; None                        ; None                      ; 5.630 ns                ;
; N/A                                     ; 171.88 MHz ( period = 5.818 ns )                    ; \count:counter[3]  ; q[2]~reg0          ; clk        ; clk      ; None                        ; None                      ; 5.629 ns                ;
; N/A                                     ; 172.03 MHz ( period = 5.813 ns )                    ; \count:counter[9]  ; q[1]~reg0          ; clk        ; clk      ; None                        ; None                      ; 5.624 ns                ;
; N/A                                     ; 172.15 MHz ( period = 5.809 ns )                    ; \count:counter[0]  ; q[1]~reg0          ; clk        ; clk      ; None                        ; None                      ; 5.618 ns                ;
; N/A                                     ; 172.74 MHz ( period = 5.789 ns )                    ; \count:counter[4]  ; q[0]~reg0          ; clk        ; clk      ; None                        ; None                      ; 5.600 ns                ;
; N/A                                     ; 172.74 MHz ( period = 5.789 ns )                    ; \count:counter[5]  ; q[2]~reg0          ; clk        ; clk      ; None                        ; None                      ; 5.600 ns                ;
; N/A                                     ; 173.73 MHz ( period = 5.756 ns )                    ; \count:counter[6]  ; q[2]~reg0          ; clk        ; clk      ; None                        ; None                      ; 5.567 ns                ;
; N/A                                     ; 174.61 MHz ( period = 5.727 ns )                    ; \count:counter[8]  ; q[1]~reg0          ; clk        ; clk      ; None                        ; None                      ; 5.538 ns                ;
; N/A                                     ; 174.64 MHz ( period = 5.726 ns )                    ; \count:counter[4]  ; q[2]~reg0          ; clk        ; clk      ; None                        ; None                      ; 5.537 ns                ;
; N/A                                     ; 175.10 MHz ( period = 5.711 ns )                    ; \count:counter[7]  ; q[0]~reg0          ; clk        ; clk      ; None                        ; None                      ; 5.522 ns                ;
; N/A                                     ; 175.50 MHz ( period = 5.698 ns )                    ; \count:counter[9]  ; q[0]~reg0          ; clk        ; clk      ; None                        ; None                      ; 5.509 ns                ;
; N/A                                     ; 175.50 MHz ( period = 5.698 ns )                    ; \count:counter[12] ; q[1]~reg0          ; clk        ; clk      ; None                        ; None                      ; 5.509 ns                ;
; N/A                                     ; 175.62 MHz ( period = 5.694 ns )                    ; \count:counter[0]  ; q[0]~reg0          ; clk        ; clk      ; None                        ; None                      ; 5.503 ns                ;
; N/A                                     ; 177.05 MHz ( period = 5.648 ns )                    ; \count:counter[7]  ; q[2]~reg0          ; clk        ; clk      ; None                        ; None                      ; 5.459 ns                ;
; N/A                                     ; 177.46 MHz ( period = 5.635 ns )                    ; \count:counter[9]  ; q[2]~reg0          ; clk        ; clk      ; None                        ; None                      ; 5.446 ns                ;
; N/A                                     ; 177.59 MHz ( period = 5.631 ns )                    ; \count:counter[0]  ; q[2]~reg0          ; clk        ; clk      ; None                        ; None                      ; 5.440 ns                ;
; N/A                                     ; 177.87 MHz ( period = 5.622 ns )                    ; \count:counter[11] ; q[1]~reg0          ; clk        ; clk      ; None                        ; None                      ; 5.433 ns                ;
; N/A                                     ; 177.97 MHz ( period = 5.619 ns )                    ; \count:counter[10] ; q[1]~reg0          ; clk        ; clk      ; None                        ; None                      ; 5.430 ns                ;
; N/A                                     ; 178.19 MHz ( period = 5.612 ns )                    ; \count:counter[8]  ; q[0]~reg0          ; clk        ; clk      ; None                        ; None                      ; 5.423 ns                ;
; N/A                                     ; 179.12 MHz ( period = 5.583 ns )                    ; \count:counter[12] ; q[0]~reg0          ; clk        ; clk      ; None                        ; None                      ; 5.394 ns                ;
; N/A                                     ; 180.15 MHz ( period = 5.551 ns )                    ; \count:counter[13] ; q[1]~reg0          ; clk        ; clk      ; None                        ; None                      ; 5.366 ns                ;
; N/A                                     ; 180.21 MHz ( period = 5.549 ns )                    ; \count:counter[8]  ; q[2]~reg0          ; clk        ; clk      ; None                        ; None                      ; 5.360 ns                ;
; N/A                                     ; 181.16 MHz ( period = 5.520 ns )                    ; \count:counter[12] ; q[2]~reg0          ; clk        ; clk      ; None                        ; None                      ; 5.331 ns                ;
; N/A                                     ; 181.59 MHz ( period = 5.507 ns )                    ; \count:counter[11] ; q[0]~reg0          ; clk        ; clk      ; None                        ; None                      ; 5.318 ns                ;
; N/A                                     ; 181.65 MHz ( period = 5.505 ns )                    ; \count:counter[14] ; q[1]~reg0          ; clk        ; clk      ; None                        ; None                      ; 5.320 ns                ;
; N/A                                     ; 181.69 MHz ( period = 5.504 ns )                    ; \count:counter[10] ; q[0]~reg0          ; clk        ; clk      ; None                        ; None                      ; 5.315 ns                ;
; N/A                                     ; 182.12 MHz ( period = 5.491 ns )                    ; \count:counter[15] ; q[1]~reg0          ; clk        ; clk      ; None                        ; None                      ; 5.302 ns                ;
; N/A                                     ; 183.69 MHz ( period = 5.444 ns )                    ; \count:counter[11] ; q[2]~reg0          ; clk        ; clk      ; None                        ; None                      ; 5.255 ns                ;
; N/A                                     ; 183.79 MHz ( period = 5.441 ns )                    ; \count:counter[10] ; q[2]~reg0          ; clk        ; clk      ; None                        ; None                      ; 5.252 ns                ;
; N/A                                     ; 183.96 MHz ( period = 5.436 ns )                    ; \count:counter[13] ; q[0]~reg0          ; clk        ; clk      ; None                        ; None                      ; 5.251 ns                ;
; N/A                                     ; 184.37 MHz ( period = 5.424 ns )                    ; \count:counter[18] ; q[1]~reg0          ; clk        ; clk      ; None                        ; None                      ; 5.235 ns                ;
; N/A                                     ; 184.64 MHz ( period = 5.416 ns )                    ; \count:counter[16] ; q[1]~reg0          ; clk        ; clk      ; None                        ; None                      ; 5.227 ns                ;
; N/A                                     ; 185.53 MHz ( period = 5.390 ns )                    ; \count:counter[14] ; q[0]~reg0          ; clk        ; clk      ; None                        ; None                      ; 5.205 ns                ;
; N/A                                     ; 186.01 MHz ( period = 5.376 ns )                    ; \count:counter[15] ; q[0]~reg0          ; clk        ; clk      ; None                        ; None                      ; 5.187 ns                ;
; N/A                                     ; 186.12 MHz ( period = 5.373 ns )                    ; \count:counter[13] ; q[2]~reg0          ; clk        ; clk      ; None                        ; None                      ; 5.188 ns                ;
; N/A                                     ; 187.72 MHz ( period = 5.327 ns )                    ; \count:counter[14] ; q[2]~reg0          ; clk        ; clk      ; None                        ; None                      ; 5.142 ns                ;
; N/A                                     ; 188.22 MHz ( period = 5.313 ns )                    ; \count:counter[15] ; q[2]~reg0          ; clk        ; clk      ; None                        ; None                      ; 5.124 ns                ;
; N/A                                     ; 188.36 MHz ( period = 5.309 ns )                    ; \count:counter[18] ; q[0]~reg0          ; clk        ; clk      ; None                        ; None                      ; 5.120 ns                ;
; N/A                                     ; 188.64 MHz ( period = 5.301 ns )                    ; \count:counter[16] ; q[0]~reg0          ; clk        ; clk      ; None                        ; None                      ; 5.112 ns                ;
; N/A                                     ; 189.50 MHz ( period = 5.277 ns )                    ; \count:counter[17] ; q[1]~reg0          ; clk        ; clk      ; None                        ; None                      ; 5.088 ns                ;
; N/A                                     ; 190.01 MHz ( period = 5.263 ns )                    ; \count:counter[1]  ; \count:counter[1]  ; clk        ; clk      ; None                        ; None                      ; 5.079 ns                ;
; N/A                                     ; 190.29 MHz ( period = 5.255 ns )                    ; \count:counter[1]  ; \count:counter[2]  ; clk        ; clk      ; None                        ; None                      ; 5.071 ns                ;
; N/A                                     ; 190.37 MHz ( period = 5.253 ns )                    ; \count:counter[2]  ; \count:counter[1]  ; clk        ; clk      ; None                        ; None                      ; 5.069 ns                ;
; N/A                                     ; 190.48 MHz ( period = 5.250 ns )                    ; \count:counter[3]  ; \count:counter[1]  ; clk        ; clk      ; None                        ; None                      ; 5.061 ns                ;
; N/A                                     ; 190.62 MHz ( period = 5.246 ns )                    ; \count:counter[18] ; q[2]~reg0          ; clk        ; clk      ; None                        ; None                      ; 5.057 ns                ;
; N/A                                     ; 190.66 MHz ( period = 5.245 ns )                    ; \count:counter[2]  ; \count:counter[2]  ; clk        ; clk      ; None                        ; None                      ; 5.061 ns                ;
; N/A                                     ; 190.77 MHz ( period = 5.242 ns )                    ; \count:counter[3]  ; \count:counter[2]  ; clk        ; clk      ; None                        ; None                      ; 5.053 ns                ;
; N/A                                     ; 190.91 MHz ( period = 5.238 ns )                    ; \count:counter[16] ; q[2]~reg0          ; clk        ; clk      ; None                        ; None                      ; 5.049 ns                ;
; N/A                                     ; 191.53 MHz ( period = 5.221 ns )                    ; \count:counter[5]  ; \count:counter[1]  ; clk        ; clk      ; None                        ; None                      ; 5.032 ns                ;
; N/A                                     ; 191.83 MHz ( period = 5.213 ns )                    ; \count:counter[5]  ; \count:counter[2]  ; clk        ; clk      ; None                        ; None                      ; 5.024 ns                ;
; N/A                                     ; 192.75 MHz ( period = 5.188 ns )                    ; \count:counter[6]  ; \count:counter[1]  ; clk        ; clk      ; None                        ; None                      ; 4.999 ns                ;
; N/A                                     ; 193.05 MHz ( period = 5.180 ns )                    ; \count:counter[6]  ; \count:counter[2]  ; clk        ; clk      ; None                        ; None                      ; 4.991 ns                ;
; N/A                                     ; 193.72 MHz ( period = 5.162 ns )                    ; \count:counter[17] ; q[0]~reg0          ; clk        ; clk      ; None                        ; None                      ; 4.973 ns                ;
; N/A                                     ; 193.87 MHz ( period = 5.158 ns )                    ; \count:counter[4]  ; \count:counter[1]  ; clk        ; clk      ; None                        ; None                      ; 4.969 ns                ;
; N/A                                     ; 194.02 MHz ( period = 5.154 ns )                    ; \count:counter[21] ; q[1]~reg0          ; clk        ; clk      ; None                        ; None                      ; 4.969 ns                ;
; N/A                                     ; 194.17 MHz ( period = 5.150 ns )                    ; \count:counter[4]  ; \count:counter[2]  ; clk        ; clk      ; None                        ; None                      ; 4.961 ns                ;
; N/A                                     ; 195.01 MHz ( period = 5.128 ns )                    ; \count:counter[20] ; q[1]~reg0          ; clk        ; clk      ; None                        ; None                      ; 4.943 ns                ;
; N/A                                     ; 195.08 MHz ( period = 5.126 ns )                    ; \count:counter[22] ; q[1]~reg0          ; clk        ; clk      ; None                        ; None                      ; 4.941 ns                ;
; N/A                                     ; 195.43 MHz ( period = 5.117 ns )                    ; \count:counter[19] ; q[1]~reg0          ; clk        ; clk      ; None                        ; None                      ; 4.926 ns                ;
; N/A                                     ; 196.12 MHz ( period = 5.099 ns )                    ; \count:counter[17] ; q[2]~reg0          ; clk        ; clk      ; None                        ; None                      ; 4.910 ns                ;
; N/A                                     ; 196.85 MHz ( period = 5.080 ns )                    ; \count:counter[7]  ; \count:counter[1]  ; clk        ; clk      ; None                        ; None                      ; 4.891 ns                ;
; N/A                                     ; 197.16 MHz ( period = 5.072 ns )                    ; \count:counter[7]  ; \count:counter[2]  ; clk        ; clk      ; None                        ; None                      ; 4.883 ns                ;
; N/A                                     ; 197.51 MHz ( period = 5.063 ns )                    ; \count:counter[0]  ; \count:counter[1]  ; clk        ; clk      ; None                        ; None                      ; 4.872 ns                ;
; N/A                                     ; 197.82 MHz ( period = 5.055 ns )                    ; \count:counter[0]  ; \count:counter[2]  ; clk        ; clk      ; None                        ; None                      ; 4.864 ns                ;
; N/A                                     ; 198.45 MHz ( period = 5.039 ns )                    ; \count:counter[21] ; q[0]~reg0          ; clk        ; clk      ; None                        ; None                      ; 4.854 ns                ;
; N/A                                     ; 199.48 MHz ( period = 5.013 ns )                    ; \count:counter[20] ; q[0]~reg0          ; clk        ; clk      ; None                        ; None                      ; 4.828 ns                ;
; N/A                                     ; 199.56 MHz ( period = 5.011 ns )                    ; \count:counter[22] ; q[0]~reg0          ; clk        ; clk      ; None                        ; None                      ; 4.826 ns                ;
; N/A                                     ; 199.92 MHz ( period = 5.002 ns )                    ; \count:counter[19] ; q[0]~reg0          ; clk        ; clk      ; None                        ; None                      ; 4.811 ns                ;
; N/A                                     ; 200.20 MHz ( period = 4.995 ns )                    ; \count:counter[23] ; q[1]~reg0          ; clk        ; clk      ; None                        ; None                      ; 4.810 ns                ;
; N/A                                     ; 200.76 MHz ( period = 4.981 ns )                    ; \count:counter[8]  ; \count:counter[1]  ; clk        ; clk      ; None                        ; None                      ; 4.792 ns                ;
; N/A                                     ; 200.96 MHz ( period = 4.976 ns )                    ; \count:counter[21] ; q[2]~reg0          ; clk        ; clk      ; None                        ; None                      ; 4.791 ns                ;
; N/A                                     ; 201.09 MHz ( period = 4.973 ns )                    ; \count:counter[8]  ; \count:counter[2]  ; clk        ; clk      ; None                        ; None                      ; 4.784 ns                ;
; N/A                                     ; 201.29 MHz ( period = 4.968 ns )                    ; \count:counter[9]  ; \count:counter[1]  ; clk        ; clk      ; None                        ; None                      ; 4.779 ns                ;
; N/A                                     ; 201.61 MHz ( period = 4.960 ns )                    ; \count:counter[9]  ; \count:counter[2]  ; clk        ; clk      ; None                        ; None                      ; 4.771 ns                ;
; N/A                                     ; 201.94 MHz ( period = 4.952 ns )                    ; \count:counter[12] ; \count:counter[1]  ; clk        ; clk      ; None                        ; None                      ; 4.763 ns                ;
; N/A                                     ; 202.02 MHz ( period = 4.950 ns )                    ; \count:counter[20] ; q[2]~reg0          ; clk        ; clk      ; None                        ; None                      ; 4.765 ns                ;
; N/A                                     ; 202.10 MHz ( period = 4.948 ns )                    ; \count:counter[22] ; q[2]~reg0          ; clk        ; clk      ; None                        ; None                      ; 4.763 ns                ;
; N/A                                     ; 202.27 MHz ( period = 4.944 ns )                    ; \count:counter[12] ; \count:counter[2]  ; clk        ; clk      ; None                        ; None                      ; 4.755 ns                ;
; N/A                                     ; 202.47 MHz ( period = 4.939 ns )                    ; \count:counter[19] ; q[2]~reg0          ; clk        ; clk      ; None                        ; None                      ; 4.748 ns                ;
; N/A                                     ; 203.54 MHz ( period = 4.913 ns )                    ; \count:counter[24] ; q[1]~reg0          ; clk        ; clk      ; None                        ; None                      ; 4.728 ns                ;
; N/A                                     ; 203.75 MHz ( period = 4.908 ns )                    ; \count:counter[25] ; q[1]~reg0          ; clk        ; clk      ; None                        ; None                      ; 4.723 ns                ;
; N/A                                     ; 204.92 MHz ( period = 4.880 ns )                    ; \count:counter[23] ; q[0]~reg0          ; clk        ; clk      ; None                        ; None                      ; 4.695 ns                ;
; N/A                                     ; 205.09 MHz ( period = 4.876 ns )                    ; \count:counter[11] ; \count:counter[1]  ; clk        ; clk      ; None                        ; None                      ; 4.687 ns                ;
; N/A                                     ; 205.21 MHz ( period = 4.873 ns )                    ; \count:counter[10] ; \count:counter[1]  ; clk        ; clk      ; None                        ; None                      ; 4.684 ns                ;
; N/A                                     ; 205.42 MHz ( period = 4.868 ns )                    ; \count:counter[11] ; \count:counter[2]  ; clk        ; clk      ; None                        ; None                      ; 4.679 ns                ;
; N/A                                     ; 205.55 MHz ( period = 4.865 ns )                    ; \count:counter[10] ; \count:counter[2]  ; clk        ; clk      ; None                        ; None                      ; 4.676 ns                ;
; N/A                                     ; 207.21 MHz ( period = 4.826 ns )                    ; \count:counter[26] ; q[1]~reg0          ; clk        ; clk      ; None                        ; None                      ; 4.641 ns                ;
; N/A                                     ; 207.60 MHz ( period = 4.817 ns )                    ; \count:counter[28] ; q[1]~reg0          ; clk        ; clk      ; None                        ; None                      ; 4.632 ns                ;
; N/A                                     ; 207.60 MHz ( period = 4.817 ns )                    ; \count:counter[23] ; q[2]~reg0          ; clk        ; clk      ; None                        ; None                      ; 4.632 ns                ;
; N/A                                     ; 208.12 MHz ( period = 4.805 ns )                    ; \count:counter[13] ; \count:counter[1]  ; clk        ; clk      ; None                        ; None                      ; 4.620 ns                ;
; N/A                                     ; 208.20 MHz ( period = 4.803 ns )                    ; \count:counter[27] ; q[1]~reg0          ; clk        ; clk      ; None                        ; None                      ; 4.618 ns                ;
; N/A                                     ; 208.42 MHz ( period = 4.798 ns )                    ; \count:counter[24] ; q[0]~reg0          ; clk        ; clk      ; None                        ; None                      ; 4.613 ns                ;
; N/A                                     ; 208.46 MHz ( period = 4.797 ns )                    ; \count:counter[13] ; \count:counter[2]  ; clk        ; clk      ; None                        ; None                      ; 4.612 ns                ;
; N/A                                     ; 208.64 MHz ( period = 4.793 ns )                    ; \count:counter[25] ; q[0]~reg0          ; clk        ; clk      ; None                        ; None                      ; 4.608 ns                ;
; N/A                                     ; 208.81 MHz ( period = 4.789 ns )                    ; \count:counter[1]  ; \count:counter[28] ; clk        ; clk      ; None                        ; None                      ; 4.606 ns                ;
; N/A                                     ; 209.21 MHz ( period = 4.780 ns )                    ; \count:counter[29] ; q[1]~reg0          ; clk        ; clk      ; None                        ; None                      ; 4.595 ns                ;
; N/A                                     ; 209.25 MHz ( period = 4.779 ns )                    ; \count:counter[2]  ; \count:counter[28] ; clk        ; clk      ; None                        ; None                      ; 4.596 ns                ;
; N/A                                     ; 209.38 MHz ( period = 4.776 ns )                    ; \count:counter[3]  ; \count:counter[28] ; clk        ; clk      ; None                        ; None                      ; 4.588 ns                ;
; N/A                                     ; 210.13 MHz ( period = 4.759 ns )                    ; \count:counter[14] ; \count:counter[1]  ; clk        ; clk      ; None                        ; None                      ; 4.574 ns                ;
; N/A                                     ; 210.48 MHz ( period = 4.751 ns )                    ; \count:counter[14] ; \count:counter[2]  ; clk        ; clk      ; None                        ; None                      ; 4.566 ns                ;
; N/A                                     ; 210.66 MHz ( period = 4.747 ns )                    ; \count:counter[5]  ; \count:counter[28] ; clk        ; clk      ; None                        ; None                      ; 4.559 ns                ;
; N/A                                     ; 210.75 MHz ( period = 4.745 ns )                    ; \count:counter[15] ; \count:counter[1]  ; clk        ; clk      ; None                        ; None                      ; 4.556 ns                ;
; N/A                                     ; 211.10 MHz ( period = 4.737 ns )                    ; \count:counter[15] ; \count:counter[2]  ; clk        ; clk      ; None                        ; None                      ; 4.548 ns                ;
; N/A                                     ; 211.19 MHz ( period = 4.735 ns )                    ; \count:counter[24] ; q[2]~reg0          ; clk        ; clk      ; None                        ; None                      ; 4.550 ns                ;
; N/A                                     ; 211.42 MHz ( period = 4.730 ns )                    ; \count:counter[25] ; q[2]~reg0          ; clk        ; clk      ; None                        ; None                      ; 4.545 ns                ;
; N/A                                     ; 211.77 MHz ( period = 4.722 ns )                    ; \count:counter[30] ; q[1]~reg0          ; clk        ; clk      ; None                        ; None                      ; 4.537 ns                ;
; N/A                                     ; 212.13 MHz ( period = 4.714 ns )                    ; \count:counter[6]  ; \count:counter[28] ; clk        ; clk      ; None                        ; None                      ; 4.526 ns                ;
; N/A                                     ; 212.27 MHz ( period = 4.711 ns )                    ; \count:counter[26] ; q[0]~reg0          ; clk        ; clk      ; None                        ; None                      ; 4.526 ns                ;
; N/A                                     ; 212.68 MHz ( period = 4.702 ns )                    ; \count:counter[28] ; q[0]~reg0          ; clk        ; clk      ; None                        ; None                      ; 4.517 ns                ;
; N/A                                     ; 213.27 MHz ( period = 4.689 ns )                    ; \count:counter[4]  ; \count:counter[28] ; clk        ; clk      ; None                        ; None                      ; 4.501 ns                ;
; N/A                                     ; 213.31 MHz ( period = 4.688 ns )                    ; \count:counter[27] ; q[0]~reg0          ; clk        ; clk      ; None                        ; None                      ; 4.503 ns                ;
; N/A                                     ; 214.13 MHz ( period = 4.670 ns )                    ; \count:counter[16] ; \count:counter[1]  ; clk        ; clk      ; None                        ; None                      ; 4.481 ns                ;
; N/A                                     ; 214.36 MHz ( period = 4.665 ns )                    ; \count:counter[29] ; q[0]~reg0          ; clk        ; clk      ; None                        ; None                      ; 4.480 ns                ;
; N/A                                     ; 214.50 MHz ( period = 4.662 ns )                    ; \count:counter[16] ; \count:counter[2]  ; clk        ; clk      ; None                        ; None                      ; 4.473 ns                ;
; N/A                                     ; 215.01 MHz ( period = 4.651 ns )                    ; \count:counter[31] ; q[1]~reg0          ; clk        ; clk      ; None                        ; None                      ; 4.467 ns                ;
; N/A                                     ; 215.15 MHz ( period = 4.648 ns )                    ; \count:counter[26] ; q[2]~reg0          ; clk        ; clk      ; None                        ; None                      ; 4.463 ns                ;
; N/A                                     ; 215.52 MHz ( period = 4.640 ns )                    ; \count:counter[1]  ; \count:counter[0]  ; clk        ; clk      ; None                        ; None                      ; 4.463 ns                ;
; N/A                                     ; 215.56 MHz ( period = 4.639 ns )                    ; \count:counter[28] ; q[2]~reg0          ; clk        ; clk      ; None                        ; None                      ; 4.454 ns                ;
; N/A                                     ; 215.98 MHz ( period = 4.630 ns )                    ; \count:counter[2]  ; \count:counter[0]  ; clk        ; clk      ; None                        ; None                      ; 4.453 ns                ;
; N/A                                     ; 216.12 MHz ( period = 4.627 ns )                    ; \count:counter[3]  ; \count:counter[0]  ; clk        ; clk      ; None                        ; None                      ; 4.445 ns                ;
; N/A                                     ; 216.17 MHz ( period = 4.626 ns )                    ; \count:counter[9]  ; \count:counter[28] ; clk        ; clk      ; None                        ; None                      ; 4.438 ns                ;
; N/A                                     ; 216.22 MHz ( period = 4.625 ns )                    ; \count:counter[27] ; q[2]~reg0          ; clk        ; clk      ; None                        ; None                      ; 4.440 ns                ;
; N/A                                     ; 217.06 MHz ( period = 4.607 ns )                    ; \count:counter[30] ; q[0]~reg0          ; clk        ; clk      ; None                        ; None                      ; 4.422 ns                ;
; N/A                                     ; 217.11 MHz ( period = 4.606 ns )                    ; \count:counter[7]  ; \count:counter[28] ; clk        ; clk      ; None                        ; None                      ; 4.418 ns                ;
; N/A                                     ; 217.30 MHz ( period = 4.602 ns )                    ; \count:counter[29] ; q[2]~reg0          ; clk        ; clk      ; None                        ; None                      ; 4.417 ns                ;
; N/A                                     ; 217.49 MHz ( period = 4.598 ns )                    ; \count:counter[5]  ; \count:counter[0]  ; clk        ; clk      ; None                        ; None                      ; 4.416 ns                ;
; N/A                                     ; 217.91 MHz ( period = 4.589 ns )                    ; \count:counter[0]  ; \count:counter[28] ; clk        ; clk      ; None                        ; None                      ; 4.399 ns                ;
; N/A                                     ; 219.06 MHz ( period = 4.565 ns )                    ; \count:counter[6]  ; \count:counter[0]  ; clk        ; clk      ; None                        ; None                      ; 4.383 ns                ;
; N/A                                     ; 220.07 MHz ( period = 4.544 ns )                    ; \count:counter[30] ; q[2]~reg0          ; clk        ; clk      ; None                        ; None                      ; 4.359 ns                ;
; N/A                                     ; 220.46 MHz ( period = 4.536 ns )                    ; \count:counter[31] ; q[0]~reg0          ; clk        ; clk      ; None                        ; None                      ; 4.352 ns                ;
; N/A                                     ; 220.51 MHz ( period = 4.535 ns )                    ; \count:counter[4]  ; \count:counter[0]  ; clk        ; clk      ; None                        ; None                      ; 4.353 ns                ;
; N/A                                     ; 220.70 MHz ( period = 4.531 ns )                    ; \count:counter[17] ; \count:counter[1]  ; clk        ; clk      ; None                        ; None                      ; 4.342 ns                ;
; N/A                                     ; 221.09 MHz ( period = 4.523 ns )                    ; \count:counter[17] ; \count:counter[2]  ; clk        ; clk      ; None                        ; None                      ; 4.334 ns                ;
; N/A                                     ; 221.88 MHz ( period = 4.507 ns )                    ; \count:counter[8]  ; \count:counter[28] ; clk        ; clk      ; None                        ; None                      ; 4.319 ns                ;
; N/A                                     ; 223.31 MHz ( period = 4.478 ns )                    ; \count:counter[12] ; \count:counter[28] ; clk        ; clk      ; None                        ; None                      ; 4.290 ns                ;
; N/A                                     ; 223.56 MHz ( period = 4.473 ns )                    ; \count:counter[31] ; q[2]~reg0          ; clk        ; clk      ; None                        ; None                      ; 4.289 ns                ;
; N/A                                     ; 224.37 MHz ( period = 4.457 ns )                    ; \count:counter[7]  ; \count:counter[0]  ; clk        ; clk      ; None                        ; None                      ; 4.275 ns                ;
; N/A                                     ; 224.72 MHz ( period = 4.450 ns )                    ; \count:counter[18] ; \count:counter[1]  ; clk        ; clk      ; None                        ; None                      ; 4.261 ns                ;
; N/A                                     ; 224.82 MHz ( period = 4.448 ns )                    ; \count:counter[1]  ; \count:counter[24] ; clk        ; clk      ; None                        ; None                      ; 4.265 ns                ;
; N/A                                     ; 225.12 MHz ( period = 4.442 ns )                    ; \count:counter[18] ; \count:counter[2]  ; clk        ; clk      ; None                        ; None                      ; 4.253 ns                ;
; N/A                                     ; 225.23 MHz ( period = 4.440 ns )                    ; \count:counter[0]  ; \count:counter[0]  ; clk        ; clk      ; None                        ; None                      ; 4.256 ns                ;
; N/A                                     ; 225.33 MHz ( period = 4.438 ns )                    ; \count:counter[2]  ; \count:counter[24] ; clk        ; clk      ; None                        ; None                      ; 4.255 ns                ;
; N/A                                     ; 225.48 MHz ( period = 4.435 ns )                    ; \count:counter[3]  ; \count:counter[24] ; clk        ; clk      ; None                        ; None                      ; 4.247 ns                ;
; N/A                                     ; 226.86 MHz ( period = 4.408 ns )                    ; \count:counter[21] ; \count:counter[1]  ; clk        ; clk      ; None                        ; None                      ; 4.223 ns                ;
; N/A                                     ; 226.96 MHz ( period = 4.406 ns )                    ; \count:counter[5]  ; \count:counter[24] ; clk        ; clk      ; None                        ; None                      ; 4.218 ns                ;
; N/A                                     ; 227.17 MHz ( period = 4.402 ns )                    ; \count:counter[11] ; \count:counter[28] ; clk        ; clk      ; None                        ; None                      ; 4.214 ns                ;
; N/A                                     ; 227.27 MHz ( period = 4.400 ns )                    ; \count:counter[21] ; \count:counter[2]  ; clk        ; clk      ; None                        ; None                      ; 4.215 ns                ;
; N/A                                     ; 227.32 MHz ( period = 4.399 ns )                    ; \count:counter[10] ; \count:counter[28] ; clk        ; clk      ; None                        ; None                      ; 4.211 ns                ;
; N/A                                     ; 228.21 MHz ( period = 4.382 ns )                    ; \count:counter[20] ; \count:counter[1]  ; clk        ; clk      ; None                        ; None                      ; 4.197 ns                ;
; N/A                                     ; 228.31 MHz ( period = 4.380 ns )                    ; \count:counter[22] ; \count:counter[1]  ; clk        ; clk      ; None                        ; None                      ; 4.195 ns                ;
; N/A                                     ; 228.52 MHz ( period = 4.376 ns )                    ; \count:counter[1]  ; \count:counter[21] ; clk        ; clk      ; None                        ; None                      ; 4.193 ns                ;
; N/A                                     ; 228.62 MHz ( period = 4.374 ns )                    ; \count:counter[20] ; \count:counter[2]  ; clk        ; clk      ; None                        ; None                      ; 4.189 ns                ;
; N/A                                     ; 228.68 MHz ( period = 4.373 ns )                    ; \count:counter[6]  ; \count:counter[24] ; clk        ; clk      ; None                        ; None                      ; 4.185 ns                ;
; N/A                                     ; 228.73 MHz ( period = 4.372 ns )                    ; \count:counter[22] ; \count:counter[2]  ; clk        ; clk      ; None                        ; None                      ; 4.187 ns                ;
; N/A                                     ; 228.78 MHz ( period = 4.371 ns )                    ; \count:counter[19] ; \count:counter[1]  ; clk        ; clk      ; None                        ; None                      ; 4.180 ns                ;
; N/A                                     ; 229.04 MHz ( period = 4.366 ns )                    ; \count:counter[2]  ; \count:counter[21] ; clk        ; clk      ; None                        ; None                      ; 4.183 ns                ;
; N/A                                     ; 229.20 MHz ( period = 4.363 ns )                    ; \count:counter[3]  ; \count:counter[21] ; clk        ; clk      ; None                        ; None                      ; 4.175 ns                ;
; N/A                                     ; 229.20 MHz ( period = 4.363 ns )                    ; \count:counter[19] ; \count:counter[2]  ; clk        ; clk      ; None                        ; None                      ; 4.172 ns                ;
; N/A                                     ; 229.46 MHz ( period = 4.358 ns )                    ; \count:counter[8]  ; \count:counter[0]  ; clk        ; clk      ; None                        ; None                      ; 4.176 ns                ;
; N/A                                     ; 229.99 MHz ( period = 4.348 ns )                    ; \count:counter[4]  ; \count:counter[24] ; clk        ; clk      ; None                        ; None                      ; 4.160 ns                ;
; N/A                                     ; 229.99 MHz ( period = 4.348 ns )                    ; \count:counter[1]  ; \count:counter[7]  ; clk        ; clk      ; None                        ; None                      ; 4.169 ns                ;
; N/A                                     ; 230.15 MHz ( period = 4.345 ns )                    ; \count:counter[9]  ; \count:counter[0]  ; clk        ; clk      ; None                        ; None                      ; 4.163 ns                ;
; N/A                                     ; 230.52 MHz ( period = 4.338 ns )                    ; \count:counter[2]  ; \count:counter[7]  ; clk        ; clk      ; None                        ; None                      ; 4.159 ns                ;
; N/A                                     ; 230.68 MHz ( period = 4.335 ns )                    ; \count:counter[3]  ; \count:counter[7]  ; clk        ; clk      ; None                        ; None                      ; 4.151 ns                ;
; N/A                                     ; 230.73 MHz ( period = 4.334 ns )                    ; \count:counter[5]  ; \count:counter[21] ; clk        ; clk      ; None                        ; None                      ; 4.146 ns                ;
; N/A                                     ; 230.89 MHz ( period = 4.331 ns )                    ; \count:counter[13] ; \count:counter[28] ; clk        ; clk      ; None                        ; None                      ; 4.147 ns                ;
; N/A                                     ; 231.00 MHz ( period = 4.329 ns )                    ; \count:counter[12] ; \count:counter[0]  ; clk        ; clk      ; None                        ; None                      ; 4.147 ns                ;
; N/A                                     ; 231.43 MHz ( period = 4.321 ns )                    ; \count:counter[4]  ; \count:counter[7]  ; clk        ; clk      ; None                        ; None                      ; 4.137 ns                ;
; N/A                                     ; 232.23 MHz ( period = 4.306 ns )                    ; \count:counter[5]  ; \count:counter[7]  ; clk        ; clk      ; None                        ; None                      ; 4.122 ns                ;
; N/A                                     ; 232.50 MHz ( period = 4.301 ns )                    ; \count:counter[6]  ; \count:counter[21] ; clk        ; clk      ; None                        ; None                      ; 4.113 ns                ;
; N/A                                     ; 233.37 MHz ( period = 4.285 ns )                    ; \count:counter[14] ; \count:counter[28] ; clk        ; clk      ; None                        ; None                      ; 4.101 ns                ;
; N/A                                     ; 233.37 MHz ( period = 4.285 ns )                    ; \count:counter[9]  ; \count:counter[24] ; clk        ; clk      ; None                        ; None                      ; 4.097 ns                ;
; N/A                                     ; 234.03 MHz ( period = 4.273 ns )                    ; \count:counter[6]  ; \count:counter[7]  ; clk        ; clk      ; None                        ; None                      ; 4.089 ns                ;
; N/A                                     ; 234.14 MHz ( period = 4.271 ns )                    ; \count:counter[15] ; \count:counter[28] ; clk        ; clk      ; None                        ; None                      ; 4.083 ns                ;
; N/A                                     ; 234.14 MHz ( period = 4.271 ns )                    ; \count:counter[4]  ; \count:counter[21] ; clk        ; clk      ; None                        ; None                      ; 4.083 ns                ;
; N/A                                     ; 234.47 MHz ( period = 4.265 ns )                    ; \count:counter[7]  ; \count:counter[24] ; clk        ; clk      ; None                        ; None                      ; 4.077 ns                ;
; N/A                                     ; 234.85 MHz ( period = 4.258 ns )                    ; \count:counter[9]  ; \count:counter[7]  ; clk        ; clk      ; None                        ; None                      ; 4.074 ns                ;
; N/A                                     ; 235.13 MHz ( period = 4.253 ns )                    ; \count:counter[11] ; \count:counter[0]  ; clk        ; clk      ; None                        ; None                      ; 4.071 ns                ;
; N/A                                     ; 235.29 MHz ( period = 4.250 ns )                    ; \count:counter[10] ; \count:counter[0]  ; clk        ; clk      ; None                        ; None                      ; 4.068 ns                ;
; N/A                                     ; 235.35 MHz ( period = 4.249 ns )                    ; \count:counter[23] ; \count:counter[1]  ; clk        ; clk      ; None                        ; None                      ; 4.064 ns                ;
; N/A                                     ; 235.40 MHz ( period = 4.248 ns )                    ; \count:counter[0]  ; \count:counter[24] ; clk        ; clk      ; None                        ; None                      ; 4.058 ns                ;
; N/A                                     ; 235.79 MHz ( period = 4.241 ns )                    ; \count:counter[23] ; \count:counter[2]  ; clk        ; clk      ; None                        ; None                      ; 4.056 ns                ;
; N/A                                     ; 236.02 MHz ( period = 4.237 ns )                    ; \count:counter[18] ; \count:counter[28] ; clk        ; clk      ; None                        ; None                      ; 4.049 ns                ;
; N/A                                     ; 236.02 MHz ( period = 4.237 ns )                    ; \count:counter[1]  ; \count:counter[9]  ; clk        ; clk      ; None                        ; None                      ; 4.058 ns                ;
; N/A                                     ; 236.57 MHz ( period = 4.227 ns )                    ; \count:counter[2]  ; \count:counter[9]  ; clk        ; clk      ; None                        ; None                      ; 4.048 ns                ;
; N/A                                     ; 236.69 MHz ( period = 4.225 ns )                    ; \count:counter[1]  ; \count:counter[31] ; clk        ; clk      ; None                        ; None                      ; 4.041 ns                ;
; N/A                                     ; 236.74 MHz ( period = 4.224 ns )                    ; \count:counter[3]  ; \count:counter[9]  ; clk        ; clk      ; None                        ; None                      ; 4.040 ns                ;
; Timing analysis restricted to 200 rows. ; To change the limit use Settings (Assignments menu) ;                    ;                    ;            ;          ;                             ;                           ;                         ;
+-----------------------------------------+-----------------------------------------------------+--------------------+--------------------+------------+----------+-----------------------------+---------------------------+-------------------------+


+--------------------------------------------------------------------------+
; tsu                                                                      ;
+-------+--------------+------------+------+--------------------+----------+
; Slack ; Required tsu ; Actual tsu ; From ; To                 ; To Clock ;
+-------+--------------+------------+------+--------------------+----------+
; N/A   ; None         ; 5.862 ns   ; x    ; q[1]~reg0          ; clk      ;
; N/A   ; None         ; 5.747 ns   ; x    ; q[0]~reg0          ; clk      ;
; N/A   ; None         ; 5.685 ns   ; x    ; q[2]~reg0          ; clk      ;
; N/A   ; None         ; 4.611 ns   ; x    ; \count:counter[28] ; clk      ;
; N/A   ; None         ; 4.366 ns   ; x    ; \count:counter[7]  ; clk      ;
; N/A   ; None         ; 4.284 ns   ; x    ; \count:counter[24] ; clk      ;
; N/A   ; None         ; 4.244 ns   ; x    ; \count:counter[9]  ; clk      ;
; N/A   ; None         ; 4.179 ns   ; x    ; \count:counter[21] ; clk      ;
; N/A   ; None         ; 4.141 ns   ; x    ; \count:counter[23] ; clk      ;
; N/A   ; None         ; 4.134 ns   ; x    ; \count:counter[22] ; clk      ;
; N/A   ; None         ; 3.964 ns   ; x    ; \count:counter[1]  ; clk      ;
; N/A   ; None         ; 3.956 ns   ; x    ; \count:counter[2]  ; clk      ;
; N/A   ; None         ; 3.886 ns   ; x    ; \count:counter[19] ; clk      ;
; N/A   ; None         ; 3.882 ns   ; x    ; \count:counter[31] ; clk      ;
; N/A   ; None         ; 3.876 ns   ; x    ; \count:counter[11] ; clk      ;
; N/A   ; None         ; 3.876 ns   ; x    ; \count:counter[12] ; clk      ;
; N/A   ; None         ; 3.876 ns   ; x    ; \count:counter[8]  ; clk      ;
; N/A   ; None         ; 3.875 ns   ; x    ; \count:counter[5]  ; clk      ;
; N/A   ; None         ; 3.875 ns   ; x    ; \count:counter[4]  ; clk      ;
; N/A   ; None         ; 3.870 ns   ; x    ; \count:counter[10] ; clk      ;
; N/A   ; None         ; 3.867 ns   ; x    ; \count:counter[6]  ; clk      ;
; N/A   ; None         ; 3.867 ns   ; x    ; \count:counter[3]  ; clk      ;
; N/A   ; None         ; 3.863 ns   ; x    ; \count:counter[16] ; clk      ;
; N/A   ; None         ; 3.863 ns   ; x    ; \count:counter[15] ; clk      ;
; N/A   ; None         ; 3.860 ns   ; x    ; \count:counter[18] ; clk      ;
; N/A   ; None         ; 3.860 ns   ; x    ; \count:counter[17] ; clk      ;
; N/A   ; None         ; 3.792 ns   ; x    ; \count:counter[0]  ; clk      ;
; N/A   ; None         ; 3.770 ns   ; x    ; \count:counter[27] ; clk      ;
; N/A   ; None         ; 3.766 ns   ; x    ; \count:counter[25] ; clk      ;
; N/A   ; None         ; 3.763 ns   ; x    ; \count:counter[14] ; clk      ;
; N/A   ; None         ; 3.755 ns   ; x    ; \count:counter[20] ; clk      ;
; N/A   ; None         ; 3.750 ns   ; x    ; \count:counter[29] ; clk      ;
; N/A   ; None         ; 3.750 ns   ; x    ; \count:counter[13] ; clk      ;
; N/A   ; None         ; 3.746 ns   ; x    ; \count:counter[30] ; clk      ;
; N/A   ; None         ; 3.746 ns   ; x    ; \count:counter[26] ; clk      ;
+-------+--------------+------------+------+--------------------+----------+


+-------------------------------------------------------------------+
; tco                                                               ;
+-------+--------------+------------+-----------+------+------------+
; Slack ; Required tco ; Actual tco ; From      ; To   ; From Clock ;
+-------+--------------+------------+-----------+------+------------+
; N/A   ; None         ; 6.459 ns   ; q[2]~reg0 ; q[2] ; clk        ;
; N/A   ; None         ; 5.817 ns   ; q[0]~reg0 ; q[0] ; clk        ;
; N/A   ; None         ; 5.779 ns   ; q[1]~reg0 ; q[1] ; clk        ;
+-------+--------------+------------+-----------+------+------------+


+--------------------------------------------------------------------------------+
; th                                                                             ;
+---------------+-------------+-----------+------+--------------------+----------+
; Minimum Slack ; Required th ; Actual th ; From ; To                 ; To Clock ;
+---------------+-------------+-----------+------+--------------------+----------+
; N/A           ; None        ; -3.507 ns ; x    ; \count:counter[30] ; clk      ;
; N/A           ; None        ; -3.507 ns ; x    ; \count:counter[26] ; clk      ;
; N/A           ; None        ; -3.511 ns ; x    ; \count:counter[29] ; clk      ;
; N/A           ; None        ; -3.511 ns ; x    ; \count:counter[13] ; clk      ;
; N/A           ; None        ; -3.516 ns ; x    ; \count:counter[20] ; clk      ;
; N/A           ; None        ; -3.524 ns ; x    ; \count:counter[14] ; clk      ;
; N/A           ; None        ; -3.527 ns ; x    ; \count:counter[25] ; clk      ;
; N/A           ; None        ; -3.531 ns ; x    ; \count:counter[27] ; clk      ;
; N/A           ; None        ; -3.553 ns ; x    ; \count:counter[0]  ; clk      ;
; N/A           ; None        ; -3.621 ns ; x    ; \count:counter[18] ; clk      ;
; N/A           ; None        ; -3.621 ns ; x    ; \count:counter[17] ; clk      ;
; N/A           ; None        ; -3.623 ns ; x    ; q[1]~reg0          ; clk      ;
; N/A           ; None        ; -3.624 ns ; x    ; \count:counter[16] ; clk      ;
; N/A           ; None        ; -3.624 ns ; x    ; \count:counter[15] ; clk      ;
; N/A           ; None        ; -3.624 ns ; x    ; q[0]~reg0          ; clk      ;
; N/A           ; None        ; -3.628 ns ; x    ; \count:counter[6]  ; clk      ;
; N/A           ; None        ; -3.628 ns ; x    ; \count:counter[3]  ; clk      ;
; N/A           ; None        ; -3.631 ns ; x    ; \count:counter[10] ; clk      ;
; N/A           ; None        ; -3.636 ns ; x    ; \count:counter[5]  ; clk      ;
; N/A           ; None        ; -3.636 ns ; x    ; \count:counter[4]  ; clk      ;
; N/A           ; None        ; -3.637 ns ; x    ; \count:counter[11] ; clk      ;
; N/A           ; None        ; -3.637 ns ; x    ; \count:counter[12] ; clk      ;
; N/A           ; None        ; -3.637 ns ; x    ; \count:counter[8]  ; clk      ;
; N/A           ; None        ; -3.643 ns ; x    ; \count:counter[31] ; clk      ;
; N/A           ; None        ; -3.647 ns ; x    ; \count:counter[19] ; clk      ;
; N/A           ; None        ; -3.717 ns ; x    ; \count:counter[2]  ; clk      ;
; N/A           ; None        ; -3.725 ns ; x    ; \count:counter[1]  ; clk      ;
; N/A           ; None        ; -3.790 ns ; x    ; q[2]~reg0          ; clk      ;
; N/A           ; None        ; -3.895 ns ; x    ; \count:counter[22] ; clk      ;
; N/A           ; None        ; -3.902 ns ; x    ; \count:counter[23] ; clk      ;
; N/A           ; None        ; -3.940 ns ; x    ; \count:counter[21] ; clk      ;
; N/A           ; None        ; -4.005 ns ; x    ; \count:counter[9]  ; clk      ;
; N/A           ; None        ; -4.045 ns ; x    ; \count:counter[24] ; clk      ;
; N/A           ; None        ; -4.127 ns ; x    ; \count:counter[7]  ; clk      ;
; N/A           ; None        ; -4.372 ns ; x    ; \count:counter[28] ; clk      ;
+---------------+-------------+-----------+------+--------------------+----------+


+--------------------------+
; Timing Analyzer Messages ;
+--------------------------+
Info: *******************************************************************
Info: Running Quartus II Classic Timing Analyzer
    Info: Version 9.1 Build 350 03/24/2010 Service Pack 2 SJ Web Edition
    Info: Processing started: Sun Jun 09 00:09:32 2019
Info: Command: quartus_tan --read_settings_files=off --write_settings_files=off Q5 -c Q5 --timing_analysis_only
Warning: Found pins functioning as undefined clocks and/or memory enables
    Info: Assuming node "clk" is an undefined clock
Info: Clock "clk" has Internal fmax of 166.42 MHz between source register "\count:counter[1]" and destination register "q[1]~reg0" (period= 6.009 ns)
    Info: + Longest register to register delay is 5.825 ns
        Info: 1: + IC(0.000 ns) + CELL(0.000 ns) = 0.000 ns; Loc. = LCFF_X26_Y7_N3; Fanout = 4; REG Node = '\count:counter[1]'
        Info: 2: + IC(0.772 ns) + CELL(0.309 ns) = 1.081 ns; Loc. = LCCOMB_X29_Y9_N2; Fanout = 2; COMB Node = 'Add0~6'
        Info: 3: + IC(0.000 ns) + CELL(0.035 ns) = 1.116 ns; Loc. = LCCOMB_X29_Y9_N4; Fanout = 2; COMB Node = 'Add0~10'
        Info: 4: + IC(0.000 ns) + CELL(0.035 ns) = 1.151 ns; Loc. = LCCOMB_X29_Y9_N6; Fanout = 2; COMB Node = 'Add0~14'
        Info: 5: + IC(0.000 ns) + CELL(0.035 ns) = 1.186 ns; Loc. = LCCOMB_X29_Y9_N8; Fanout = 2; COMB Node = 'Add0~18'
        Info: 6: + IC(0.000 ns) + CELL(0.035 ns) = 1.221 ns; Loc. = LCCOMB_X29_Y9_N10; Fanout = 2; COMB Node = 'Add0~22'
        Info: 7: + IC(0.000 ns) + CELL(0.035 ns) = 1.256 ns; Loc. = LCCOMB_X29_Y9_N12; Fanout = 2; COMB Node = 'Add0~26'
        Info: 8: + IC(0.000 ns) + CELL(0.124 ns) = 1.380 ns; Loc. = LCCOMB_X29_Y9_N14; Fanout = 2; COMB Node = 'Add0~30'
        Info: 9: + IC(0.000 ns) + CELL(0.035 ns) = 1.415 ns; Loc. = LCCOMB_X29_Y9_N16; Fanout = 2; COMB Node = 'Add0~34'
        Info: 10: + IC(0.000 ns) + CELL(0.035 ns) = 1.450 ns; Loc. = LCCOMB_X29_Y9_N18; Fanout = 2; COMB Node = 'Add0~38'
        Info: 11: + IC(0.000 ns) + CELL(0.035 ns) = 1.485 ns; Loc. = LCCOMB_X29_Y9_N20; Fanout = 2; COMB Node = 'Add0~42'
        Info: 12: + IC(0.000 ns) + CELL(0.035 ns) = 1.520 ns; Loc. = LCCOMB_X29_Y9_N22; Fanout = 2; COMB Node = 'Add0~46'
        Info: 13: + IC(0.000 ns) + CELL(0.035 ns) = 1.555 ns; Loc. = LCCOMB_X29_Y9_N24; Fanout = 2; COMB Node = 'Add0~50'
        Info: 14: + IC(0.000 ns) + CELL(0.035 ns) = 1.590 ns; Loc. = LCCOMB_X29_Y9_N26; Fanout = 2; COMB Node = 'Add0~54'
        Info: 15: + IC(0.000 ns) + CELL(0.035 ns) = 1.625 ns; Loc. = LCCOMB_X29_Y9_N28; Fanout = 2; COMB Node = 'Add0~58'
        Info: 16: + IC(0.000 ns) + CELL(0.168 ns) = 1.793 ns; Loc. = LCCOMB_X29_Y9_N30; Fanout = 2; COMB Node = 'Add0~62'
        Info: 17: + IC(0.000 ns) + CELL(0.035 ns) = 1.828 ns; Loc. = LCCOMB_X29_Y8_N0; Fanout = 2; COMB Node = 'Add0~66'
        Info: 18: + IC(0.000 ns) + CELL(0.035 ns) = 1.863 ns; Loc. = LCCOMB_X29_Y8_N2; Fanout = 2; COMB Node = 'Add0~70'
        Info: 19: + IC(0.000 ns) + CELL(0.035 ns) = 1.898 ns; Loc. = LCCOMB_X29_Y8_N4; Fanout = 2; COMB Node = 'Add0~74'
        Info: 20: + IC(0.000 ns) + CELL(0.035 ns) = 1.933 ns; Loc. = LCCOMB_X29_Y8_N6; Fanout = 2; COMB Node = 'Add0~78'
        Info: 21: + IC(0.000 ns) + CELL(0.035 ns) = 1.968 ns; Loc. = LCCOMB_X29_Y8_N8; Fanout = 2; COMB Node = 'Add0~82'
        Info: 22: + IC(0.000 ns) + CELL(0.035 ns) = 2.003 ns; Loc. = LCCOMB_X29_Y8_N10; Fanout = 2; COMB Node = 'Add0~86'
        Info: 23: + IC(0.000 ns) + CELL(0.035 ns) = 2.038 ns; Loc. = LCCOMB_X29_Y8_N12; Fanout = 2; COMB Node = 'Add0~90'
        Info: 24: + IC(0.000 ns) + CELL(0.124 ns) = 2.162 ns; Loc. = LCCOMB_X29_Y8_N14; Fanout = 2; COMB Node = 'Add0~94'
        Info: 25: + IC(0.000 ns) + CELL(0.035 ns) = 2.197 ns; Loc. = LCCOMB_X29_Y8_N16; Fanout = 2; COMB Node = 'Add0~98'
        Info: 26: + IC(0.000 ns) + CELL(0.035 ns) = 2.232 ns; Loc. = LCCOMB_X29_Y8_N18; Fanout = 2; COMB Node = 'Add0~102'
        Info: 27: + IC(0.000 ns) + CELL(0.035 ns) = 2.267 ns; Loc. = LCCOMB_X29_Y8_N20; Fanout = 2; COMB Node = 'Add0~106'
        Info: 28: + IC(0.000 ns) + CELL(0.035 ns) = 2.302 ns; Loc. = LCCOMB_X29_Y8_N22; Fanout = 2; COMB Node = 'Add0~110'
        Info: 29: + IC(0.000 ns) + CELL(0.035 ns) = 2.337 ns; Loc. = LCCOMB_X29_Y8_N24; Fanout = 2; COMB Node = 'Add0~114'
        Info: 30: + IC(0.000 ns) + CELL(0.035 ns) = 2.372 ns; Loc. = LCCOMB_X29_Y8_N26; Fanout = 2; COMB Node = 'Add0~118'
        Info: 31: + IC(0.000 ns) + CELL(0.035 ns) = 2.407 ns; Loc. = LCCOMB_X29_Y8_N28; Fanout = 1; COMB Node = 'Add0~122'
        Info: 32: + IC(0.000 ns) + CELL(0.125 ns) = 2.532 ns; Loc. = LCCOMB_X29_Y8_N30; Fanout = 32; COMB Node = 'Add0~125'
        Info: 33: + IC(0.865 ns) + CELL(0.228 ns) = 3.625 ns; Loc. = LCCOMB_X27_Y7_N18; Fanout = 2; COMB Node = 'counter~30'
        Info: 34: + IC(0.533 ns) + CELL(0.366 ns) = 4.524 ns; Loc. = LCCOMB_X26_Y7_N22; Fanout = 2; COMB Node = 'Equal0~4'
        Info: 35: + IC(0.235 ns) + CELL(0.272 ns) = 5.031 ns; Loc. = LCCOMB_X26_Y7_N12; Fanout = 2; COMB Node = 'Equal0~5'
        Info: 36: + IC(0.273 ns) + CELL(0.366 ns) = 5.670 ns; Loc. = LCCOMB_X26_Y7_N4; Fanout = 1; COMB Node = 'Selector1~0'
        Info: 37: + IC(0.000 ns) + CELL(0.155 ns) = 5.825 ns; Loc. = LCFF_X26_Y7_N5; Fanout = 2; REG Node = 'q[1]~reg0'
        Info: Total cell delay = 3.147 ns ( 54.03 % )
        Info: Total interconnect delay = 2.678 ns ( 45.97 % )
    Info: - Smallest clock skew is 0.000 ns
        Info: + Shortest clock path from clock "clk" to destination register is 2.474 ns
            Info: 1: + IC(0.000 ns) + CELL(0.854 ns) = 0.854 ns; Loc. = PIN_N20; Fanout = 1; CLK Node = 'clk'
            Info: 2: + IC(0.343 ns) + CELL(0.000 ns) = 1.197 ns; Loc. = CLKCTRL_G3; Fanout = 35; COMB Node = 'clk~clkctrl'
            Info: 3: + IC(0.659 ns) + CELL(0.618 ns) = 2.474 ns; Loc. = LCFF_X26_Y7_N5; Fanout = 2; REG Node = 'q[1]~reg0'
            Info: Total cell delay = 1.472 ns ( 59.50 % )
            Info: Total interconnect delay = 1.002 ns ( 40.50 % )
        Info: - Longest clock path from clock "clk" to source register is 2.474 ns
            Info: 1: + IC(0.000 ns) + CELL(0.854 ns) = 0.854 ns; Loc. = PIN_N20; Fanout = 1; CLK Node = 'clk'
            Info: 2: + IC(0.343 ns) + CELL(0.000 ns) = 1.197 ns; Loc. = CLKCTRL_G3; Fanout = 35; COMB Node = 'clk~clkctrl'
            Info: 3: + IC(0.659 ns) + CELL(0.618 ns) = 2.474 ns; Loc. = LCFF_X26_Y7_N3; Fanout = 4; REG Node = '\count:counter[1]'
            Info: Total cell delay = 1.472 ns ( 59.50 % )
            Info: Total interconnect delay = 1.002 ns ( 40.50 % )
    Info: + Micro clock to output delay of source is 0.094 ns
    Info: + Micro setup delay of destination is 0.090 ns
Info: tsu for register "q[1]~reg0" (data pin = "x", clock pin = "clk") is 5.862 ns
    Info: + Longest pin to register delay is 8.246 ns
        Info: 1: + IC(0.000 ns) + CELL(0.762 ns) = 0.762 ns; Loc. = PIN_D10; Fanout = 32; PIN Node = 'x'
        Info: 2: + IC(4.969 ns) + CELL(0.366 ns) = 6.097 ns; Loc. = LCCOMB_X26_Y6_N20; Fanout = 2; COMB Node = 'counter~25'
        Info: 3: + IC(0.627 ns) + CELL(0.357 ns) = 7.081 ns; Loc. = LCCOMB_X26_Y7_N8; Fanout = 2; COMB Node = 'Equal0~3'
        Info: 4: + IC(0.217 ns) + CELL(0.154 ns) = 7.452 ns; Loc. = LCCOMB_X26_Y7_N12; Fanout = 2; COMB Node = 'Equal0~5'
        Info: 5: + IC(0.273 ns) + CELL(0.366 ns) = 8.091 ns; Loc. = LCCOMB_X26_Y7_N4; Fanout = 1; COMB Node = 'Selector1~0'
        Info: 6: + IC(0.000 ns) + CELL(0.155 ns) = 8.246 ns; Loc. = LCFF_X26_Y7_N5; Fanout = 2; REG Node = 'q[1]~reg0'
        Info: Total cell delay = 2.160 ns ( 26.19 % )
        Info: Total interconnect delay = 6.086 ns ( 73.81 % )
    Info: + Micro setup delay of destination is 0.090 ns
    Info: - Shortest clock path from clock "clk" to destination register is 2.474 ns
        Info: 1: + IC(0.000 ns) + CELL(0.854 ns) = 0.854 ns; Loc. = PIN_N20; Fanout = 1; CLK Node = 'clk'
        Info: 2: + IC(0.343 ns) + CELL(0.000 ns) = 1.197 ns; Loc. = CLKCTRL_G3; Fanout = 35; COMB Node = 'clk~clkctrl'
        Info: 3: + IC(0.659 ns) + CELL(0.618 ns) = 2.474 ns; Loc. = LCFF_X26_Y7_N5; Fanout = 2; REG Node = 'q[1]~reg0'
        Info: Total cell delay = 1.472 ns ( 59.50 % )
        Info: Total interconnect delay = 1.002 ns ( 40.50 % )
Info: tco from clock "clk" to destination pin "q[2]" through register "q[2]~reg0" is 6.459 ns
    Info: + Longest clock path from clock "clk" to source register is 2.474 ns
        Info: 1: + IC(0.000 ns) + CELL(0.854 ns) = 0.854 ns; Loc. = PIN_N20; Fanout = 1; CLK Node = 'clk'
        Info: 2: + IC(0.343 ns) + CELL(0.000 ns) = 1.197 ns; Loc. = CLKCTRL_G3; Fanout = 35; COMB Node = 'clk~clkctrl'
        Info: 3: + IC(0.659 ns) + CELL(0.618 ns) = 2.474 ns; Loc. = LCFF_X26_Y7_N7; Fanout = 2; REG Node = 'q[2]~reg0'
        Info: Total cell delay = 1.472 ns ( 59.50 % )
        Info: Total interconnect delay = 1.002 ns ( 40.50 % )
    Info: + Micro clock to output delay of source is 0.094 ns
    Info: + Longest register to pin delay is 3.891 ns
        Info: 1: + IC(0.000 ns) + CELL(0.000 ns) = 0.000 ns; Loc. = LCFF_X26_Y7_N7; Fanout = 2; REG Node = 'q[2]~reg0'
        Info: 2: + IC(1.845 ns) + CELL(2.046 ns) = 3.891 ns; Loc. = PIN_C9; Fanout = 0; PIN Node = 'q[2]'
        Info: Total cell delay = 2.046 ns ( 52.58 % )
        Info: Total interconnect delay = 1.845 ns ( 47.42 % )
Info: th for register "\count:counter[30]" (data pin = "x", clock pin = "clk") is -3.507 ns
    Info: + Longest clock path from clock "clk" to destination register is 2.475 ns
        Info: 1: + IC(0.000 ns) + CELL(0.854 ns) = 0.854 ns; Loc. = PIN_N20; Fanout = 1; CLK Node = 'clk'
        Info: 2: + IC(0.343 ns) + CELL(0.000 ns) = 1.197 ns; Loc. = CLKCTRL_G3; Fanout = 35; COMB Node = 'clk~clkctrl'
        Info: 3: + IC(0.660 ns) + CELL(0.618 ns) = 2.475 ns; Loc. = LCFF_X27_Y7_N1; Fanout = 4; REG Node = '\count:counter[30]'
        Info: Total cell delay = 1.472 ns ( 59.47 % )
        Info: Total interconnect delay = 1.003 ns ( 40.53 % )
    Info: + Micro hold delay of destination is 0.149 ns
    Info: - Shortest pin to register delay is 6.131 ns
        Info: 1: + IC(0.000 ns) + CELL(0.762 ns) = 0.762 ns; Loc. = PIN_D10; Fanout = 32; PIN Node = 'x'
        Info: 2: + IC(4.848 ns) + CELL(0.366 ns) = 5.976 ns; Loc. = LCCOMB_X27_Y7_N0; Fanout = 2; COMB Node = 'counter~15'
        Info: 3: + IC(0.000 ns) + CELL(0.155 ns) = 6.131 ns; Loc. = LCFF_X27_Y7_N1; Fanout = 4; REG Node = '\count:counter[30]'
        Info: Total cell delay = 1.283 ns ( 20.93 % )
        Info: Total interconnect delay = 4.848 ns ( 79.07 % )
Info: Quartus II Classic Timing Analyzer was successful. 0 errors, 1 warning
    Info: Peak virtual memory: 183 megabytes
    Info: Processing ended: Sun Jun 09 00:09:33 2019
    Info: Elapsed time: 00:00:01
    Info: Total CPU time (on all processors): 00:00:00


