Analysis & Synthesis report for FlappyBirds
Wed Jun 05 18:16:24 2024
Quartus II Version 9.1 Build 350 03/24/2010 Service Pack 2 SJ Web Edition


---------------------
; Table of Contents ;
---------------------
  1. Legal Notice
  2. Analysis & Synthesis Summary
  3. Analysis & Synthesis Settings
  4. Parallel Compilation
  5. Analysis & Synthesis Source Files Read
  6. Analysis & Synthesis Resource Usage Summary
  7. Analysis & Synthesis Resource Utilization by Entity
  8. State Machine - |FlappyBirds|game_controller:u2|current_state
  9. Registers Removed During Synthesis
 10. General Register Statistics
 11. Inverted Register Statistics
 12. Multiplexer Restructuring Statistics (Restructuring Performed)
 13. Parameter Settings for Inferred Entity Instance: pipe_generator:u3|lpm_divide:Mod0
 14. Port Connectivity Checks: "row_mux:u4"
 15. Port Connectivity Checks: "pipe_generator:u3|lfsr:lfsr_inst"
 16. Port Connectivity Checks: "game_controller:u2"
 17. Analysis & Synthesis Messages



----------------
; Legal Notice ;
----------------
Copyright (C) 1991-2010 Altera Corporation
Your use of Altera Corporation's design tools, logic functions 
and other software and tools, and its AMPP partner logic 
functions, and any output files from any of the foregoing 
(including device programming or simulation files), and any 
associated documentation or information are expressly subject 
to the terms and conditions of the Altera Program License 
Subscription Agreement, Altera MegaCore Function License 
Agreement, or other applicable license agreement, including, 
without limitation, that your use is for the sole purpose of 
programming logic devices manufactured by Altera and sold by 
Altera or its authorized distributors.  Please refer to the 
applicable agreement for further details.



+-----------------------------------------------------------------------------------+
; Analysis & Synthesis Summary                                                      ;
+------------------------------------+----------------------------------------------+
; Analysis & Synthesis Status        ; Successful - Wed Jun 05 18:16:24 2024        ;
; Quartus II Version                 ; 9.1 Build 350 03/24/2010 SP 2 SJ Web Edition ;
; Revision Name                      ; FlappyBirds                                  ;
; Top-level Entity Name              ; FlappyBirds                                  ;
; Family                             ; Cyclone IV E                                 ;
; Total logic elements               ; 748                                          ;
;     Total combinational functions  ; 518                                          ;
;     Dedicated logic registers      ; 414                                          ;
; Total registers                    ; 414                                          ;
; Total pins                         ; 37                                           ;
; Total virtual pins                 ; 0                                            ;
; Total memory bits                  ; 0                                            ;
; Embedded Multiplier 9-bit elements ; 0                                            ;
; Total PLLs                         ; 0                                            ;
+------------------------------------+----------------------------------------------+


+----------------------------------------------------------------------------------------------------------------------+
; Analysis & Synthesis Settings                                                                                        ;
+----------------------------------------------------------------------------+--------------------+--------------------+
; Option                                                                     ; Setting            ; Default Value      ;
+----------------------------------------------------------------------------+--------------------+--------------------+
; Device                                                                     ; EP4CE40F23C8       ;                    ;
; Top-level entity name                                                      ; FlappyBirds        ; FlappyBirds        ;
; Family name                                                                ; Cyclone IV E       ; Stratix II         ;
; Use Generated Physical Constraints File                                    ; Off                ;                    ;
; Use smart compilation                                                      ; Off                ; Off                ;
; Enable parallel Assembler and TimeQuest Timing Analyzer during compilation ; On                 ; On                 ;
; Enable compact report table                                                ; Off                ; Off                ;
; Restructure Multiplexers                                                   ; Auto               ; Auto               ;
; Create Debugging Nodes for IP Cores                                        ; Off                ; Off                ;
; Preserve fewer node names                                                  ; On                 ; On                 ;
; Disable OpenCore Plus hardware evaluation                                  ; Off                ; Off                ;
; Verilog Version                                                            ; Verilog_2001       ; Verilog_2001       ;
; VHDL Version                                                               ; VHDL_1993          ; VHDL_1993          ;
; State Machine Processing                                                   ; Auto               ; Auto               ;
; Safe State Machine                                                         ; Off                ; Off                ;
; Extract Verilog State Machines                                             ; On                 ; On                 ;
; Extract VHDL State Machines                                                ; On                 ; On                 ;
; Ignore Verilog initial constructs                                          ; Off                ; Off                ;
; Iteration limit for constant Verilog loops                                 ; 5000               ; 5000               ;
; Iteration limit for non-constant Verilog loops                             ; 250                ; 250                ;
; Add Pass-Through Logic to Inferred RAMs                                    ; On                 ; On                 ;
; Parallel Synthesis                                                         ; On                 ; On                 ;
; DSP Block Balancing                                                        ; Auto               ; Auto               ;
; NOT Gate Push-Back                                                         ; On                 ; On                 ;
; Power-Up Don't Care                                                        ; On                 ; On                 ;
; Remove Redundant Logic Cells                                               ; Off                ; Off                ;
; Remove Duplicate Registers                                                 ; On                 ; On                 ;
; Ignore CARRY Buffers                                                       ; Off                ; Off                ;
; Ignore CASCADE Buffers                                                     ; Off                ; Off                ;
; Ignore GLOBAL Buffers                                                      ; Off                ; Off                ;
; Ignore ROW GLOBAL Buffers                                                  ; Off                ; Off                ;
; Ignore LCELL Buffers                                                       ; Off                ; Off                ;
; Ignore SOFT Buffers                                                        ; On                 ; On                 ;
; Limit AHDL Integers to 32 Bits                                             ; Off                ; Off                ;
; Optimization Technique                                                     ; Balanced           ; Balanced           ;
; Carry Chain Length                                                         ; 70                 ; 70                 ;
; Auto Carry Chains                                                          ; On                 ; On                 ;
; Auto Open-Drain Pins                                                       ; On                 ; On                 ;
; Perform WYSIWYG Primitive Resynthesis                                      ; Off                ; Off                ;
; Auto ROM Replacement                                                       ; On                 ; On                 ;
; Auto RAM Replacement                                                       ; On                 ; On                 ;
; Auto DSP Block Replacement                                                 ; On                 ; On                 ;
; Auto Shift Register Replacement                                            ; Auto               ; Auto               ;
; Auto Clock Enable Replacement                                              ; On                 ; On                 ;
; Strict RAM Replacement                                                     ; Off                ; Off                ;
; Allow Synchronous Control Signals                                          ; On                 ; On                 ;
; Force Use of Synchronous Clear Signals                                     ; Off                ; Off                ;
; Auto RAM Block Balancing                                                   ; On                 ; On                 ;
; Auto RAM to Logic Cell Conversion                                          ; Off                ; Off                ;
; Auto Resource Sharing                                                      ; Off                ; Off                ;
; Allow Any RAM Size For Recognition                                         ; Off                ; Off                ;
; Allow Any ROM Size For Recognition                                         ; Off                ; Off                ;
; Allow Any Shift Register Size For Recognition                              ; Off                ; Off                ;
; Use LogicLock Constraints during Resource Balancing                        ; On                 ; On                 ;
; Ignore translate_off and synthesis_off directives                          ; Off                ; Off                ;
; Timing-Driven Synthesis                                                    ; On                 ; On                 ;
; Show Parameter Settings Tables in Synthesis Report                         ; On                 ; On                 ;
; Ignore Maximum Fan-Out Assignments                                         ; Off                ; Off                ;
; Synchronization Register Chain Length                                      ; 2                  ; 2                  ;
; PowerPlay Power Optimization                                               ; Normal compilation ; Normal compilation ;
; HDL message level                                                          ; Level2             ; Level2             ;
; Suppress Register Optimization Related Messages                            ; Off                ; Off                ;
; Number of Removed Registers Reported in Synthesis Report                   ; 5000               ; 5000               ;
; Number of Inverted Registers Reported in Synthesis Report                  ; 100                ; 100                ;
; Clock MUX Protection                                                       ; On                 ; On                 ;
; Auto Gated Clock Conversion                                                ; Off                ; Off                ;
; Block Design Naming                                                        ; Auto               ; Auto               ;
; SDC constraint protection                                                  ; Off                ; Off                ;
; Synthesis Effort                                                           ; Auto               ; Auto               ;
; Shift Register Replacement - Allow Asynchronous Clear Signal               ; On                 ; On                 ;
; Analysis & Synthesis Message Level                                         ; Medium             ; Medium             ;
; Disable Register Merging Across Hierarchies                                ; Auto               ; Auto               ;
; Resource Aware Inference For Block RAM                                     ; On                 ; On                 ;
+----------------------------------------------------------------------------+--------------------+--------------------+


Parallel compilation was disabled, but you have multiple processors available. Enable parallel compilation to reduce compilation time.
+-------------------------------------+
; Parallel Compilation                ;
+----------------------------+--------+
; Processors                 ; Number ;
+----------------------------+--------+
; Number detected on machine ; 2      ;
; Maximum allowed            ; 1      ;
+----------------------------+--------+


+---------------------------------------------------------------------------------------------------------------------------------------------------------------+
; Analysis & Synthesis Source Files Read                                                                                                                        ;
+----------------------------------+-----------------+------------------------------+---------------------------------------------------------------------------+
; File Name with User-Entered Path ; Used in Netlist ; File Type                    ; File Name with Absolute Path                                              ;
+----------------------------------+-----------------+------------------------------+---------------------------------------------------------------------------+
; lfsr.vhd                         ; yes             ; User VHDL File               ; C:/users/thisiselijah/Desktop/VHDL/FlappyBirds/lfsr.vhd                   ;
; bird_control.vhd                 ; yes             ; User VHDL File               ; C:/users/thisiselijah/Desktop/VHDL/FlappyBirds/bird_control.vhd           ;
; clock_divider.vhd                ; yes             ; User VHDL File               ; C:/users/thisiselijah/Desktop/VHDL/FlappyBirds/clock_divider.vhd          ;
; FlappyBirds.vhd                  ; yes             ; User VHDL File               ; C:/users/thisiselijah/Desktop/VHDL/FlappyBirds/FlappyBirds.vhd            ;
; game_controller.vhd              ; yes             ; User VHDL File               ; C:/users/thisiselijah/Desktop/VHDL/FlappyBirds/game_controller.vhd        ;
; pipe_generator.vhd               ; yes             ; User VHDL File               ; C:/users/thisiselijah/Desktop/VHDL/FlappyBirds/pipe_generator.vhd         ;
; row_mux.vhd                      ; yes             ; User VHDL File               ; C:/users/thisiselijah/Desktop/VHDL/FlappyBirds/row_mux.vhd                ;
; lpm_divide.tdf                   ; yes             ; Megafunction                 ; c:/altera/91sp2/quartus/libraries/megafunctions/lpm_divide.tdf            ;
; db/lpm_divide_q9m.tdf            ; yes             ; Auto-Generated Megafunction  ; C:/users/thisiselijah/Desktop/VHDL/FlappyBirds/db/lpm_divide_q9m.tdf      ;
; db/sign_div_unsign_fkh.tdf       ; yes             ; Auto-Generated Megafunction  ; C:/users/thisiselijah/Desktop/VHDL/FlappyBirds/db/sign_div_unsign_fkh.tdf ;
; db/alt_u_div_i4f.tdf             ; yes             ; Auto-Generated Megafunction  ; C:/users/thisiselijah/Desktop/VHDL/FlappyBirds/db/alt_u_div_i4f.tdf       ;
; db/add_sub_7pc.tdf               ; yes             ; Auto-Generated Megafunction  ; C:/users/thisiselijah/Desktop/VHDL/FlappyBirds/db/add_sub_7pc.tdf         ;
; db/add_sub_8pc.tdf               ; yes             ; Auto-Generated Megafunction  ; C:/users/thisiselijah/Desktop/VHDL/FlappyBirds/db/add_sub_8pc.tdf         ;
+----------------------------------+-----------------+------------------------------+---------------------------------------------------------------------------+


+-------------------------------------------------------------------+
; Analysis & Synthesis Resource Usage Summary                       ;
+---------------------------------------------+---------------------+
; Resource                                    ; Usage               ;
+---------------------------------------------+---------------------+
; Estimated Total logic elements              ; 748                 ;
;                                             ;                     ;
; Total combinational functions               ; 518                 ;
; Logic element usage by number of LUT inputs ;                     ;
;     -- 4 input functions                    ; 278                 ;
;     -- 3 input functions                    ; 61                  ;
;     -- <=2 input functions                  ; 179                 ;
;                                             ;                     ;
; Logic elements by mode                      ;                     ;
;     -- normal mode                          ; 425                 ;
;     -- arithmetic mode                      ; 93                  ;
;                                             ;                     ;
; Total registers                             ; 414                 ;
;     -- Dedicated logic registers            ; 414                 ;
;     -- I/O registers                        ; 0                   ;
;                                             ;                     ;
; I/O pins                                    ; 37                  ;
; Maximum fan-out node                        ; row_mux:u4|slow_clk ;
; Maximum fan-out                             ; 289                 ;
; Total fan-out                               ; 2556                ;
; Average fan-out                             ; 2.54                ;
+---------------------------------------------+---------------------+


+-------------------------------------------------------------------------------------------------------------------------------------------------------------------------------------------------------------------------------------------------------------------------------------------------------+
; Analysis & Synthesis Resource Utilization by Entity                                                                                                                                                                                                                                                   ;
+-------------------------------------------+-------------------+--------------+-------------+--------------+---------+-----------+------+--------------+--------------------------------------------------------------------------------------------------------------------------------+--------------+
; Compilation Hierarchy Node                ; LC Combinationals ; LC Registers ; Memory Bits ; DSP Elements ; DSP 9x9 ; DSP 18x18 ; Pins ; Virtual Pins ; Full Hierarchy Name                                                                                                            ; Library Name ;
+-------------------------------------------+-------------------+--------------+-------------+--------------+---------+-----------+------+--------------+--------------------------------------------------------------------------------------------------------------------------------+--------------+
; |FlappyBirds                              ; 518 (0)           ; 414 (0)      ; 0           ; 0            ; 0       ; 0         ; 37   ; 0            ; |FlappyBirds                                                                                                                   ; work         ;
;    |bird_control:u5|                      ; 9 (9)             ; 4 (4)        ; 0           ; 0            ; 0       ; 0         ; 0    ; 0            ; |FlappyBirds|bird_control:u5                                                                                                   ;              ;
;    |clock_divider:u1|                     ; 48 (48)           ; 29 (29)      ; 0           ; 0            ; 0       ; 0         ; 0    ; 0            ; |FlappyBirds|clock_divider:u1                                                                                                  ;              ;
;    |game_controller:u2|                   ; 1 (1)             ; 2 (2)        ; 0           ; 0            ; 0       ; 0         ; 0    ; 0            ; |FlappyBirds|game_controller:u2                                                                                                ;              ;
;    |pipe_generator:u3|                    ; 131 (38)          ; 57 (40)      ; 0           ; 0            ; 0       ; 0         ; 0    ; 0            ; |FlappyBirds|pipe_generator:u3                                                                                                 ;              ;
;       |lfsr:lfsr_inst|                    ; 10 (10)           ; 17 (17)      ; 0           ; 0            ; 0       ; 0         ; 0    ; 0            ; |FlappyBirds|pipe_generator:u3|lfsr:lfsr_inst                                                                                  ;              ;
;       |lpm_divide:Mod0|                   ; 83 (0)            ; 0 (0)        ; 0           ; 0            ; 0       ; 0         ; 0    ; 0            ; |FlappyBirds|pipe_generator:u3|lpm_divide:Mod0                                                                                 ;              ;
;          |lpm_divide_q9m:auto_generated|  ; 83 (0)            ; 0 (0)        ; 0           ; 0            ; 0       ; 0         ; 0    ; 0            ; |FlappyBirds|pipe_generator:u3|lpm_divide:Mod0|lpm_divide_q9m:auto_generated                                                   ;              ;
;             |sign_div_unsign_fkh:divider| ; 83 (0)            ; 0 (0)        ; 0           ; 0            ; 0       ; 0         ; 0    ; 0            ; |FlappyBirds|pipe_generator:u3|lpm_divide:Mod0|lpm_divide_q9m:auto_generated|sign_div_unsign_fkh:divider                       ;              ;
;                |alt_u_div_i4f:divider|    ; 83 (83)           ; 0 (0)        ; 0           ; 0            ; 0       ; 0         ; 0    ; 0            ; |FlappyBirds|pipe_generator:u3|lpm_divide:Mod0|lpm_divide_q9m:auto_generated|sign_div_unsign_fkh:divider|alt_u_div_i4f:divider ;              ;
;    |row_mux:u4|                           ; 329 (329)         ; 322 (322)    ; 0           ; 0            ; 0       ; 0         ; 0    ; 0            ; |FlappyBirds|row_mux:u4                                                                                                        ;              ;
+-------------------------------------------+-------------------+--------------+-------------+--------------+---------+-----------+------+--------------+--------------------------------------------------------------------------------------------------------------------------------+--------------+
Note: For table entries with two numbers listed, the numbers in parentheses indicate the number of resources of the given type used by the specific entity alone. The numbers listed outside of parentheses indicate the total resources of the given type used by the specific entity and all of its sub-entities in the hierarchy.


Encoding Type:  One-Hot
+-------------------------------------------------------------------------------------------------------+
; State Machine - |FlappyBirds|game_controller:u2|current_state                                         ;
+--------------------------+-------------------------+-----------------------+--------------------------+
; Name                     ; current_state.GAME_OVER ; current_state.RUNNING ; current_state.WAIT_STATE ;
+--------------------------+-------------------------+-----------------------+--------------------------+
; current_state.WAIT_STATE ; 0                       ; 0                     ; 0                        ;
; current_state.RUNNING    ; 0                       ; 1                     ; 1                        ;
; current_state.GAME_OVER  ; 1                       ; 0                     ; 1                        ;
+--------------------------+-------------------------+-----------------------+--------------------------+


+-------------------------------------------------------------------------------------+
; Registers Removed During Synthesis                                                  ;
+--------------------------------------------+----------------------------------------+
; Register name                              ; Reason for Removal                     ;
+--------------------------------------------+----------------------------------------+
; row_mux:u4|birdsframe0[15]                 ; Merged with row_mux:u4|birdsframe1[15] ;
; row_mux:u4|birdsframe0[14]                 ; Merged with row_mux:u4|birdsframe1[14] ;
; row_mux:u4|birdsframe0[13]                 ; Merged with row_mux:u4|birdsframe1[13] ;
; row_mux:u4|birdsframe0[12]                 ; Merged with row_mux:u4|birdsframe1[12] ;
; row_mux:u4|birdsframe0[11]                 ; Merged with row_mux:u4|birdsframe1[11] ;
; row_mux:u4|birdsframe0[10]                 ; Merged with row_mux:u4|birdsframe1[10] ;
; row_mux:u4|birdsframe0[9]                  ; Merged with row_mux:u4|birdsframe1[9]  ;
; row_mux:u4|birdsframe0[8]                  ; Merged with row_mux:u4|birdsframe1[8]  ;
; row_mux:u4|birdsframe0[7]                  ; Merged with row_mux:u4|birdsframe1[7]  ;
; row_mux:u4|birdsframe0[6]                  ; Merged with row_mux:u4|birdsframe1[6]  ;
; row_mux:u4|birdsframe0[5]                  ; Merged with row_mux:u4|birdsframe1[5]  ;
; row_mux:u4|birdsframe0[4]                  ; Merged with row_mux:u4|birdsframe1[4]  ;
; row_mux:u4|birdsframe0[3]                  ; Merged with row_mux:u4|birdsframe1[3]  ;
; row_mux:u4|birdsframe0[2]                  ; Merged with row_mux:u4|birdsframe1[2]  ;
; row_mux:u4|birdsframe0[1]                  ; Merged with row_mux:u4|birdsframe1[1]  ;
; row_mux:u4|birdsframe0[0]                  ; Merged with row_mux:u4|birdsframe1[0]  ;
; game_controller:u2|current_state.GAME_OVER ; Lost fanout                            ;
; row_mux:u4|clk_counter[0]                  ; Merged with row_mux:u4|counter[3]      ;
; clock_divider:u1|counter[0]                ; Merged with row_mux:u4|counter[3]      ;
; clock_divider:u1|counter[1]                ; Merged with row_mux:u4|clk_counter[1]  ;
; row_mux:u4|clk_counter[1]                  ; Merged with row_mux:u4|counter[2]      ;
; clock_divider:u1|counter[2]                ; Merged with row_mux:u4|clk_counter[2]  ;
; row_mux:u4|clk_counter[2]                  ; Merged with row_mux:u4|counter[1]      ;
; clock_divider:u1|counter[3]                ; Merged with row_mux:u4|counter[0]      ;
; Total Number of Removed Registers = 24     ;                                        ;
+--------------------------------------------+----------------------------------------+


+------------------------------------------------------+
; General Register Statistics                          ;
+----------------------------------------------+-------+
; Statistic                                    ; Value ;
+----------------------------------------------+-------+
; Total registers                              ; 414   ;
; Number of registers using Synchronous Clear  ; 0     ;
; Number of registers using Synchronous Load   ; 2     ;
; Number of registers using Asynchronous Clear ; 2     ;
; Number of registers using Asynchronous Load  ; 0     ;
; Number of registers using Clock Enable       ; 59    ;
; Number of registers using Preset             ; 0     ;
+----------------------------------------------+-------+


+-----------------------------------------------------+
; Inverted Register Statistics                        ;
+-------------------------------------------+---------+
; Inverted Register                         ; Fan out ;
+-------------------------------------------+---------+
; row_mux:u4|frame[3][0]                    ; 2       ;
; row_mux:u4|frame[6][0]                    ; 2       ;
; row_mux:u4|frame[7][0]                    ; 2       ;
; row_mux:u4|frame[2][0]                    ; 2       ;
; row_mux:u4|frame[12][0]                   ; 4       ;
; row_mux:u4|frame[9][0]                    ; 2       ;
; row_mux:u4|frame[13][0]                   ; 3       ;
; row_mux:u4|frame[8][0]                    ; 2       ;
; row_mux:u4|frame[11][0]                   ; 3       ;
; row_mux:u4|frame[14][0]                   ; 2       ;
; row_mux:u4|frame[15][0]                   ; 1       ;
; row_mux:u4|frame[10][0]                   ; 2       ;
; row_mux:u4|frame[4][0]                    ; 2       ;
; row_mux:u4|frame[1][0]                    ; 2       ;
; row_mux:u4|frame[5][0]                    ; 2       ;
; row_mux:u4|frame[0][0]                    ; 2       ;
; row_mux:u4|frame[5][1]                    ; 2       ;
; row_mux:u4|frame[6][1]                    ; 2       ;
; row_mux:u4|frame[7][1]                    ; 2       ;
; row_mux:u4|frame[4][1]                    ; 2       ;
; row_mux:u4|frame[9][1]                    ; 2       ;
; row_mux:u4|frame[10][1]                   ; 2       ;
; row_mux:u4|frame[11][1]                   ; 3       ;
; row_mux:u4|frame[8][1]                    ; 2       ;
; row_mux:u4|frame[13][1]                   ; 3       ;
; row_mux:u4|frame[14][1]                   ; 2       ;
; row_mux:u4|frame[15][1]                   ; 1       ;
; row_mux:u4|frame[12][1]                   ; 4       ;
; row_mux:u4|frame[1][1]                    ; 2       ;
; row_mux:u4|frame[2][1]                    ; 2       ;
; row_mux:u4|frame[3][1]                    ; 2       ;
; row_mux:u4|frame[0][1]                    ; 2       ;
; row_mux:u4|frame[5][2]                    ; 2       ;
; row_mux:u4|frame[9][2]                    ; 2       ;
; row_mux:u4|frame[13][2]                   ; 3       ;
; row_mux:u4|frame[1][2]                    ; 2       ;
; row_mux:u4|frame[6][2]                    ; 2       ;
; row_mux:u4|frame[10][2]                   ; 2       ;
; row_mux:u4|frame[14][2]                   ; 2       ;
; row_mux:u4|frame[2][2]                    ; 2       ;
; row_mux:u4|frame[7][2]                    ; 2       ;
; row_mux:u4|frame[11][2]                   ; 3       ;
; row_mux:u4|frame[15][2]                   ; 1       ;
; row_mux:u4|frame[3][2]                    ; 2       ;
; row_mux:u4|frame[4][2]                    ; 2       ;
; row_mux:u4|frame[8][2]                    ; 2       ;
; row_mux:u4|frame[12][2]                   ; 4       ;
; row_mux:u4|frame[0][2]                    ; 2       ;
; row_mux:u4|frame[6][3]                    ; 2       ;
; row_mux:u4|frame[5][3]                    ; 2       ;
; row_mux:u4|frame[7][3]                    ; 2       ;
; row_mux:u4|frame[4][3]                    ; 2       ;
; row_mux:u4|frame[9][3]                    ; 2       ;
; row_mux:u4|frame[10][3]                   ; 2       ;
; row_mux:u4|frame[11][3]                   ; 3       ;
; row_mux:u4|frame[8][3]                    ; 2       ;
; row_mux:u4|frame[13][3]                   ; 3       ;
; row_mux:u4|frame[14][3]                   ; 2       ;
; row_mux:u4|frame[15][3]                   ; 1       ;
; row_mux:u4|frame[12][3]                   ; 4       ;
; row_mux:u4|frame[2][3]                    ; 2       ;
; row_mux:u4|frame[1][3]                    ; 2       ;
; row_mux:u4|frame[3][3]                    ; 2       ;
; row_mux:u4|frame[0][3]                    ; 2       ;
; row_mux:u4|frame[9][4]                    ; 2       ;
; row_mux:u4|frame[5][4]                    ; 2       ;
; row_mux:u4|frame[13][4]                   ; 3       ;
; row_mux:u4|frame[1][4]                    ; 2       ;
; row_mux:u4|frame[6][4]                    ; 2       ;
; row_mux:u4|frame[10][4]                   ; 2       ;
; row_mux:u4|frame[14][4]                   ; 2       ;
; row_mux:u4|frame[2][4]                    ; 2       ;
; row_mux:u4|frame[11][4]                   ; 3       ;
; row_mux:u4|frame[7][4]                    ; 2       ;
; row_mux:u4|frame[15][4]                   ; 1       ;
; row_mux:u4|frame[3][4]                    ; 2       ;
; row_mux:u4|frame[4][4]                    ; 2       ;
; row_mux:u4|frame[8][4]                    ; 2       ;
; row_mux:u4|frame[12][4]                   ; 4       ;
; row_mux:u4|frame[0][4]                    ; 2       ;
; row_mux:u4|frame[10][5]                   ; 2       ;
; row_mux:u4|frame[9][5]                    ; 2       ;
; row_mux:u4|frame[11][5]                   ; 3       ;
; row_mux:u4|frame[8][5]                    ; 2       ;
; row_mux:u4|frame[5][5]                    ; 2       ;
; row_mux:u4|frame[6][5]                    ; 2       ;
; row_mux:u4|frame[7][5]                    ; 2       ;
; row_mux:u4|frame[4][5]                    ; 2       ;
; row_mux:u4|frame[14][5]                   ; 2       ;
; row_mux:u4|frame[13][5]                   ; 3       ;
; row_mux:u4|frame[15][5]                   ; 1       ;
; row_mux:u4|frame[12][5]                   ; 4       ;
; row_mux:u4|frame[1][5]                    ; 2       ;
; row_mux:u4|frame[2][5]                    ; 2       ;
; row_mux:u4|frame[3][5]                    ; 2       ;
; row_mux:u4|frame[0][5]                    ; 2       ;
; row_mux:u4|frame[10][6]                   ; 2       ;
; row_mux:u4|frame[6][6]                    ; 2       ;
; row_mux:u4|frame[14][6]                   ; 2       ;
; row_mux:u4|frame[2][6]                    ; 2       ;
; Total number of inverted registers = 283* ;         ;
+-------------------------------------------+---------+
* Table truncated at 100 items. To change the number of inverted registers reported, set the "Number of Inverted Registers Reported" option under Assignments->Settings->Analysis and Synthesis Settings->More Settings


+------------------------------------------------------------------------------------------------------------------------------------------------------+
; Multiplexer Restructuring Statistics (Restructuring Performed)                                                                                       ;
+--------------------+-----------+---------------+----------------------+------------------------+------------+----------------------------------------+
; Multiplexer Inputs ; Bus Width ; Baseline Area ; Area if Restructured ; Saving if Restructured ; Registered ; Example Multiplexer Output             ;
+--------------------+-----------+---------------+----------------------+------------------------+------------+----------------------------------------+
; 4:1                ; 3 bits    ; 6 LEs         ; 0 LEs                ; 6 LEs                  ; Yes        ; |FlappyBirds|bird_control:u5|bird_y[2] ;
; 16:1               ; 16 bits   ; 160 LEs       ; 160 LEs              ; 0 LEs                  ; No         ; |FlappyBirds|row_mux:u4|Mux8           ;
+--------------------+-----------+---------------+----------------------+------------------------+------------+----------------------------------------+


+------------------------------------------------------------------------------------+
; Parameter Settings for Inferred Entity Instance: pipe_generator:u3|lpm_divide:Mod0 ;
+------------------------+----------------+------------------------------------------+
; Parameter Name         ; Value          ; Type                                     ;
+------------------------+----------------+------------------------------------------+
; LPM_WIDTHN             ; 8              ; Untyped                                  ;
; LPM_WIDTHD             ; 8              ; Untyped                                  ;
; LPM_NREPRESENTATION    ; UNSIGNED       ; Untyped                                  ;
; LPM_DREPRESENTATION    ; UNSIGNED       ; Untyped                                  ;
; LPM_PIPELINE           ; 0              ; Untyped                                  ;
; LPM_REMAINDERPOSITIVE  ; TRUE           ; Untyped                                  ;
; MAXIMIZE_SPEED         ; 5              ; Untyped                                  ;
; CBXI_PARAMETER         ; lpm_divide_q9m ; Untyped                                  ;
; CARRY_CHAIN            ; MANUAL         ; Untyped                                  ;
; OPTIMIZE_FOR_SPEED     ; 5              ; Untyped                                  ;
; AUTO_CARRY_CHAINS      ; ON             ; AUTO_CARRY                               ;
; IGNORE_CARRY_BUFFERS   ; OFF            ; IGNORE_CARRY                             ;
; AUTO_CASCADE_CHAINS    ; ON             ; AUTO_CASCADE                             ;
; IGNORE_CASCADE_BUFFERS ; OFF            ; IGNORE_CASCADE                           ;
+------------------------+----------------+------------------------------------------+
Note: In order to hide this table in the UI and the text report file, please set the "Show Parameter Settings Tables in Synthesis Report" option in "Analysis and Synthesis Settings -> More Settings" to "Off".


+---------------------------------------------------------------------------------------------------------------------+
; Port Connectivity Checks: "row_mux:u4"                                                                              ;
+-----------+--------+----------+-------------------------------------------------------------------------------------+
; Port      ; Type   ; Severity ; Details                                                                             ;
+-----------+--------+----------+-------------------------------------------------------------------------------------+
; collision ; Output ; Info     ; Connected to dangling logic. Logic that only feeds a dangling port will be removed. ;
+-----------+--------+----------+-------------------------------------------------------------------------------------+


+----------------------------------------------------------------------------------------------------------------------+
; Port Connectivity Checks: "pipe_generator:u3|lfsr:lfsr_inst"                                                         ;
+------------+--------+----------+-------------------------------------------------------------------------------------+
; Port       ; Type   ; Severity ; Details                                                                             ;
+------------+--------+----------+-------------------------------------------------------------------------------------+
; rst        ; Input  ; Info     ; Stuck at GND                                                                        ;
; enable     ; Input  ; Info     ; Stuck at VCC                                                                        ;
; rnd[15..8] ; Output ; Info     ; Connected to dangling logic. Logic that only feeds a dangling port will be removed. ;
+------------+--------+----------+-------------------------------------------------------------------------------------+


+-----------------------------------------------------------------------------------------------------------------+
; Port Connectivity Checks: "game_controller:u2"                                                                  ;
+-------+--------+----------+-------------------------------------------------------------------------------------+
; Port  ; Type   ; Severity ; Details                                                                             ;
+-------+--------+----------+-------------------------------------------------------------------------------------+
; score ; Output ; Info     ; Connected to dangling logic. Logic that only feeds a dangling port will be removed. ;
+-------+--------+----------+-------------------------------------------------------------------------------------+


+-------------------------------+
; Analysis & Synthesis Messages ;
+-------------------------------+
Info: *******************************************************************
Info: Running Quartus II Analysis & Synthesis
    Info: Version 9.1 Build 350 03/24/2010 Service Pack 2 SJ Web Edition
    Info: Processing started: Wed Jun 05 18:16:19 2024
Info: Command: quartus_map --read_settings_files=on --write_settings_files=off FlappyBirds -c FlappyBirds
Info: Found 2 design units, including 1 entities, in source file lfsr.vhd
    Info: Found design unit 1: lfsr-Behavioral
    Info: Found entity 1: lfsr
Info: Found 2 design units, including 1 entities, in source file bird_control.vhd
    Info: Found design unit 1: bird_control-Behavioral
    Info: Found entity 1: bird_control
Info: Found 2 design units, including 1 entities, in source file clock_divider.vhd
    Info: Found design unit 1: clock_divider-Behavioral
    Info: Found entity 1: clock_divider
Info: Found 2 design units, including 1 entities, in source file collision_detection.vhd
    Info: Found design unit 1: collision_detection-Behavioral
    Info: Found entity 1: collision_detection
Info: Found 2 design units, including 1 entities, in source file flappybirds.vhd
    Info: Found design unit 1: FlappyBirds-Behavioral
    Info: Found entity 1: FlappyBirds
Info: Found 2 design units, including 1 entities, in source file game_controller.vhd
    Info: Found design unit 1: game_controller-Behavioral
    Info: Found entity 1: game_controller
Info: Found 2 design units, including 1 entities, in source file pipe_generator.vhd
    Info: Found design unit 1: pipe_generator-Behavioral
    Info: Found entity 1: pipe_generator
Info: Found 2 design units, including 1 entities, in source file row_mux.vhd
    Info: Found design unit 1: row_mux-Behavioral
    Info: Found entity 1: row_mux
Info: Found 2 design units, including 1 entities, in source file seven_segment_decoder.vhd
    Info: Found design unit 1: seven_segment_decoder-Behavioral
    Info: Found entity 1: seven_segment_decoder
Info: Elaborating entity "FlappyBirds" for the top level hierarchy
Warning (10541): VHDL Signal Declaration warning at FlappyBirds.vhd(11): used implicit default value for signal "seg" because signal was never assigned a value or an explicit default value. Use of implicit default value may introduce unintended design optimizations.
Warning (10541): VHDL Signal Declaration warning at FlappyBirds.vhd(12): used implicit default value for signal "sel" because signal was never assigned a value or an explicit default value. Use of implicit default value may introduce unintended design optimizations.
Warning (10541): VHDL Signal Declaration warning at FlappyBirds.vhd(22): used implicit default value for signal "collision" because signal was never assigned a value or an explicit default value. Use of implicit default value may introduce unintended design optimizations.
Warning (10036): Verilog HDL or VHDL warning at FlappyBirds.vhd(24): object "score" assigned a value but never read
Info: Elaborating entity "clock_divider" for hierarchy "clock_divider:u1"
Info: Elaborating entity "game_controller" for hierarchy "game_controller:u2"
Info: Elaborating entity "pipe_generator" for hierarchy "pipe_generator:u3"
Info: Elaborating entity "lfsr" for hierarchy "pipe_generator:u3|lfsr:lfsr_inst"
Info: Elaborating entity "row_mux" for hierarchy "row_mux:u4"
Warning (10492): VHDL Process Statement warning at row_mux.vhd(123): signal "frame" is read inside the Process Statement but isn't in the Process Statement's sensitivity list
Warning (10492): VHDL Process Statement warning at row_mux.vhd(124): signal "frame" is read inside the Process Statement but isn't in the Process Statement's sensitivity list
Warning (10492): VHDL Process Statement warning at row_mux.vhd(125): signal "frame" is read inside the Process Statement but isn't in the Process Statement's sensitivity list
Warning (10492): VHDL Process Statement warning at row_mux.vhd(126): signal "frame" is read inside the Process Statement but isn't in the Process Statement's sensitivity list
Warning (10492): VHDL Process Statement warning at row_mux.vhd(127): signal "frame" is read inside the Process Statement but isn't in the Process Statement's sensitivity list
Warning (10492): VHDL Process Statement warning at row_mux.vhd(128): signal "frame" is read inside the Process Statement but isn't in the Process Statement's sensitivity list
Warning (10492): VHDL Process Statement warning at row_mux.vhd(129): signal "frame" is read inside the Process Statement but isn't in the Process Statement's sensitivity list
Warning (10492): VHDL Process Statement warning at row_mux.vhd(130): signal "frame" is read inside the Process Statement but isn't in the Process Statement's sensitivity list
Warning (10492): VHDL Process Statement warning at row_mux.vhd(131): signal "frame" is read inside the Process Statement but isn't in the Process Statement's sensitivity list
Warning (10492): VHDL Process Statement warning at row_mux.vhd(132): signal "frame" is read inside the Process Statement but isn't in the Process Statement's sensitivity list
Warning (10492): VHDL Process Statement warning at row_mux.vhd(133): signal "frame" is read inside the Process Statement but isn't in the Process Statement's sensitivity list
Warning (10492): VHDL Process Statement warning at row_mux.vhd(134): signal "frame" is read inside the Process Statement but isn't in the Process Statement's sensitivity list
Warning (10492): VHDL Process Statement warning at row_mux.vhd(135): signal "frame" is read inside the Process Statement but isn't in the Process Statement's sensitivity list
Warning (10492): VHDL Process Statement warning at row_mux.vhd(136): signal "frame" is read inside the Process Statement but isn't in the Process Statement's sensitivity list
Warning (10492): VHDL Process Statement warning at row_mux.vhd(137): signal "frame" is read inside the Process Statement but isn't in the Process Statement's sensitivity list
Warning (10492): VHDL Process Statement warning at row_mux.vhd(138): signal "frame" is read inside the Process Statement but isn't in the Process Statement's sensitivity list
Info (10041): Inferred latch for "en" at row_mux.vhd(45)
Info: Elaborating entity "bird_control" for hierarchy "bird_control:u5"
Info (10041): Inferred latch for "en" at bird_control.vhd(20)
Info: Inferred 1 megafunctions from design logic
    Info: Inferred divider/modulo megafunction ("lpm_divide") from the following logic: "pipe_generator:u3|Mod0"
Info: Elaborated megafunction instantiation "pipe_generator:u3|lpm_divide:Mod0"
Info: Instantiated megafunction "pipe_generator:u3|lpm_divide:Mod0" with the following parameter:
    Info: Parameter "LPM_WIDTHN" = "8"
    Info: Parameter "LPM_WIDTHD" = "8"
    Info: Parameter "LPM_NREPRESENTATION" = "UNSIGNED"
    Info: Parameter "LPM_DREPRESENTATION" = "UNSIGNED"
Info: Found 1 design units, including 1 entities, in source file db/lpm_divide_q9m.tdf
    Info: Found entity 1: lpm_divide_q9m
Info: Found 1 design units, including 1 entities, in source file db/sign_div_unsign_fkh.tdf
    Info: Found entity 1: sign_div_unsign_fkh
Info: Found 1 design units, including 1 entities, in source file db/alt_u_div_i4f.tdf
    Info: Found entity 1: alt_u_div_i4f
Info: Found 1 design units, including 1 entities, in source file db/add_sub_7pc.tdf
    Info: Found entity 1: add_sub_7pc
Info: Found 1 design units, including 1 entities, in source file db/add_sub_8pc.tdf
    Info: Found entity 1: add_sub_8pc
Warning: Output pins are stuck at VCC or GND
    Warning (13410): Pin "seg[0]" is stuck at GND
    Warning (13410): Pin "seg[1]" is stuck at GND
    Warning (13410): Pin "seg[2]" is stuck at GND
    Warning (13410): Pin "seg[3]" is stuck at GND
    Warning (13410): Pin "seg[4]" is stuck at GND
    Warning (13410): Pin "seg[5]" is stuck at GND
    Warning (13410): Pin "seg[6]" is stuck at GND
    Warning (13410): Pin "seg[7]" is stuck at GND
    Warning (13410): Pin "sel[0]" is stuck at GND
    Warning (13410): Pin "sel[1]" is stuck at GND
    Warning (13410): Pin "sel[2]" is stuck at GND
    Warning (13410): Pin "game_state_out[0]" is stuck at GND
Info: Timing-Driven Synthesis is running
Info: 1 registers lost all their fanouts during netlist optimizations. The first 1 are displayed below.
    Info: Register "game_controller:u2|current_state.GAME_OVER" lost all its fanouts during netlist optimizations.
Info: Implemented 799 device resources after synthesis - the final resource count might be different
    Info: Implemented 4 input pins
    Info: Implemented 33 output pins
    Info: Implemented 762 logic cells
Info: Quartus II Analysis & Synthesis was successful. 0 errors, 33 warnings
    Info: Peak virtual memory: 199 megabytes
    Info: Processing ended: Wed Jun 05 18:16:24 2024
    Info: Elapsed time: 00:00:05
    Info: Total CPU time (on all processors): 00:00:05


